<?xml version="1.0" encoding="UTF-8" standalone="yes"?><!DOCTYPE report PUBLIC "-//JACOCO//DTD Report 1.0//EN" "report.dtd"><report name="JaCoCoverage analysis (powered by JaCoCo from EclEmma)"><sessioninfo id="caprica-91954c1c" start="1524462002170" dump="1524462004718"/><sessioninfo id="caprica-c85aa9fe" start="1524462005126" dump="1524462005810"/><sessioninfo id="caprica-6829123a" start="1524462006153" dump="1524462006544"/><sessioninfo id="caprica-4e3de0c4" start="1524462006900" dump="1524462008842"/><sessioninfo id="caprica-578780ea" start="1524462009277" dump="1524462010397"/><sessioninfo id="caprica-416020a8" start="1524462010757" dump="1524462011176"/><sessioninfo id="caprica-747e083" start="1524462011541" dump="1524462012392"/><sessioninfo id="caprica-52d7db99" start="1524462012763" dump="1524462013162"/><sessioninfo id="caprica-8e4736b2" start="1524462013519" dump="1524462014846"/><sessioninfo id="caprica-8ad5a69b" start="1524462015310" dump="1524462016590"/><sessioninfo id="caprica-e3e00f56" start="1524462016982" dump="1524462017381"/><sessioninfo id="caprica-381dae6a" start="1524462017718" dump="1524462018946"/><sessioninfo id="caprica-ebb717df" start="1524462019395" dump="1524462020649"/><sessioninfo id="caprica-f9633bb8" start="1524462021057" dump="1524462022304"/><sessioninfo id="caprica-adab3473" start="1524462022701" dump="1524462023956"/><package name="com/mackenziehigh/cascade/internal"><class name="com/mackenziehigh/cascade/internal/SwappableInflowQueue"><method name="&lt;init&gt;" desc="(Lcom/mackenziehigh/cascade/internal/InflowQueue;)V" line="27"><counter type="INSTRUCTION" missed="0" covered="9"/><counter type="LINE" missed="0" covered="3"/><counter type="COMPLEXITY" missed="0" covered="1"/><counter type="METHOD" missed="0" covered="1"/></method><method name="getDelegate" desc="()Lcom/mackenziehigh/cascade/internal/InflowQueue;" line="33"><counter type="INSTRUCTION" missed="0" covered="3"/><counter type="LINE" missed="0" covered="1"/><counter type="COMPLEXITY" missed="0" covered="1"/><counter type="METHOD" missed="0" covered="1"/></method><method name="replaceDelegate" desc="(Lcom/mackenziehigh/cascade/internal/InflowQueue;)V" line="50"><counter type="INSTRUCTION" missed="0" covered="37"/><counter type="BRANCH" missed="0" covered="2"/><counter type="LINE" missed="0" covered="9"/><counter type="COMPLEXITY" missed="0" covered="2"/><counter type="METHOD" missed="0" covered="1"/></method><method name="offer" desc="(Lcom/mackenziehigh/cascade/CascadeToken;Lcom/mackenziehigh/cascade/CascadeStack;)Z" line="73"><counter type="INSTRUCTION" missed="0" covered="6"/><counter type="LINE" missed="0" covered="1"/><counter type="COMPLEXITY" missed="0" covered="1"/><counter type="METHOD" missed="0" covered="1"/></method><method name="removeOldest" desc="(Ljava/util/concurrent/atomic/AtomicReference;Ljava/util/concurrent/atomic/AtomicReference;)Z" line="83"><counter type="INSTRUCTION" missed="0" covered="6"/><counter type="LINE" missed="0" covered="1"/><counter type="COMPLEXITY" missed="0" covered="1"/><counter type="METHOD" missed="0" covered="1"/></method><method name="removeNewest" desc="(Ljava/util/concurrent/atomic/AtomicReference;Ljava/util/concurrent/atomic/AtomicReference;)Z" line="93"><counter type="INSTRUCTION" missed="0" covered="6"/><counter type="LINE" missed="0" covered="1"/><counter type="COMPLEXITY" missed="0" covered="1"/><counter type="METHOD" missed="0" covered="1"/></method><method name="clear" desc="()V" line="102"><counter type="INSTRUCTION" missed="0" covered="4"/><counter type="LINE" missed="0" covered="2"/><counter type="COMPLEXITY" missed="0" covered="1"/><counter type="METHOD" missed="0" covered="1"/></method><method name="size" desc="()I" line="111"><counter type="INSTRUCTION" missed="0" covered="4"/><counter type="LINE" missed="0" covered="1"/><counter type="COMPLEXITY" missed="0" covered="1"/><counter type="METHOD" missed="0" covered="1"/></method><method name="capacity" desc="()I" line="120"><counter type="INSTRUCTION" missed="0" covered="4"/><counter type="LINE" missed="0" covered="1"/><counter type="COMPLEXITY" missed="0" covered="1"/><counter type="METHOD" missed="0" covered="1"/></method><method name="forEach" desc="(Ljava/util/function/BiConsumer;)V" line="129"><counter type="INSTRUCTION" missed="0" covered="5"/><counter type="LINE" missed="0" covered="2"/><counter type="COMPLEXITY" missed="0" covered="1"/><counter type="METHOD" missed="0" covered="1"/></method><counter type="INSTRUCTION" missed="0" covered="84"/><counter type="BRANCH" missed="0" covered="2"/><counter type="LINE" missed="0" covered="22"/><counter type="COMPLEXITY" missed="0" covered="11"/><counter type="METHOD" missed="0" covered="10"/><counter type="CLASS" missed="0" covered="1"/></class><class name="com/mackenziehigh/cascade/internal/Dispatcher"><method name="&lt;init&gt;" desc="(IIF)V" line="36"><counter type="INSTRUCTION" missed="0" covered="26"/><counter type="BRANCH" missed="0" covered="2"/><counter type="LINE" missed="0" covered="5"/><counter type="COMPLEXITY" missed="0" covered="2"/><counter type="METHOD" missed="0" covered="1"/></method><method name="newDispatcher" desc="()Lcom/mackenziehigh/cascade/internal/Dispatcher;" line="52"><counter type="INSTRUCTION" missed="0" covered="7"/><counter type="LINE" missed="0" covered="1"/><counter type="COMPLEXITY" missed="0" covered="1"/><counter type="METHOD" missed="0" covered="1"/></method><method name="resolveBucketFor" desc="(Lcom/mackenziehigh/cascade/CascadeToken;)Lcom/mackenziehigh/cascade/internal/Dispatcher$Bucket;" line="57"><counter type="INSTRUCTION" missed="0" covered="13"/><counter type="LINE" missed="0" covered="2"/><counter type="COMPLEXITY" missed="0" covered="1"/><counter type="METHOD" missed="0" covered="1"/></method><method name="subscribe" desc="(Lcom/mackenziehigh/cascade/CascadeToken;Lcom/mackenziehigh/cascade/CascadeActor;)Lcom/mackenziehigh/cascade/internal/Dispatcher;" line="76"><counter type="INSTRUCTION" missed="5" covered="60"/><counter type="BRANCH" missed="0" covered="4"/><counter type="LINE" missed="0" covered="14"/><counter type="COMPLEXITY" missed="0" covered="3"/><counter type="METHOD" missed="0" covered="1"/></method><method name="unsubscribe" desc="(Lcom/mackenziehigh/cascade/CascadeToken;Lcom/mackenziehigh/cascade/CascadeActor;)Lcom/mackenziehigh/cascade/internal/Dispatcher;" line="119"><counter type="INSTRUCTION" missed="14" covered="53"/><counter type="BRANCH" missed="2" covered="4"/><counter type="LINE" missed="2" covered="15"/><counter type="COMPLEXITY" missed="2" covered="2"/><counter type="METHOD" missed="0" covered="1"/></method><method name="lookup" desc="(Lcom/mackenziehigh/cascade/CascadeToken;)Ljava/util/Optional;" line="162"><counter type="INSTRUCTION" missed="2" covered="15"/><counter type="BRANCH" missed="1" covered="1"/><counter type="LINE" missed="1" covered="4"/><counter type="COMPLEXITY" missed="1" covered="1"/><counter type="METHOD" missed="0" covered="1"/></method><method name="channels" desc="()Ljava/util/SortedMap;" line="182"><counter type="INSTRUCTION" missed="23" covered="0"/><counter type="BRANCH" missed="2" covered="0"/><counter type="LINE" missed="4" covered="0"/><counter type="COMPLEXITY" missed="2" covered="0"/><counter type="METHOD" missed="1" covered="0"/></method><method name="lambda$unsubscribe$0" desc="(Lcom/mackenziehigh/cascade/CascadeActor;Lcom/mackenziehigh/cascade/CascadeActor;)Z" line="138"><counter type="INSTRUCTION" missed="2" covered="6"/><counter type="BRANCH" missed="1" covered="1"/><counter type="LINE" missed="0" covered="1"/><counter type="COMPLEXITY" missed="1" covered="1"/><counter type="METHOD" missed="0" covered="1"/></method><counter type="INSTRUCTION" missed="46" covered="180"/><counter type="BRANCH" missed="6" covered="12"/><counter type="LINE" missed="7" covered="41"/><counter type="COMPLEXITY" missed="6" covered="11"/><counter type="METHOD" missed="1" covered="7"/><counter type="CLASS" missed="0" covered="1"/></class><class name="com/mackenziehigh/cascade/internal/ServiceExecutor"><method name="&lt;init&gt;" desc="(Ljava/util/concurrent/ExecutorService;)V" line="19"><counter type="INSTRUCTION" missed="0" covered="17"/><counter type="LINE" missed="0" covered="5"/><counter type="COMPLEXITY" missed="0" covered="1"/><counter type="METHOD" missed="0" covered="1"/></method><method name="addActor" desc="(Lcom/mackenziehigh/cascade/CascadeActor;Ljava/util/concurrent/atomic/AtomicReference;)V" line="37"><counter type="INSTRUCTION" missed="14" covered="0"/><counter type="BRANCH" missed="2" covered="0"/><counter type="LINE" missed="4" covered="0"/><counter type="COMPLEXITY" missed="2" covered="0"/><counter type="METHOD" missed="1" covered="0"/></method><method name="removeActor" desc="(Lcom/mackenziehigh/cascade/CascadeActor;Ljava/util/concurrent/atomic/AtomicReference;)V" line="51"><counter type="INSTRUCTION" missed="25" covered="0"/><counter type="BRANCH" missed="4" covered="0"/><counter type="LINE" missed="7" covered="0"/><counter type="COMPLEXITY" missed="3" covered="0"/><counter type="METHOD" missed="1" covered="0"/></method><method name="submit" desc="(Lcom/mackenziehigh/cascade/CascadeActor;Ljava/util/concurrent/atomic/AtomicReference;)V" line="71"><counter type="INSTRUCTION" missed="0" covered="13"/><counter type="BRANCH" missed="1" covered="1"/><counter type="LINE" missed="0" covered="4"/><counter type="COMPLEXITY" missed="1" covered="1"/><counter type="METHOD" missed="0" covered="1"/></method><method name="lambda$submit$0" desc="(Lcom/mackenziehigh/cascade/CascadeActor;)V" line="75"><counter type="INSTRUCTION" missed="0" covered="4"/><counter type="LINE" missed="0" covered="2"/><counter type="COMPLEXITY" missed="0" covered="1"/><counter type="METHOD" missed="0" covered="1"/></method><counter type="INSTRUCTION" missed="39" covered="34"/><counter type="BRANCH" missed="7" covered="1"/><counter type="LINE" missed="11" covered="11"/><counter type="COMPLEXITY" missed="6" covered="3"/><counter type="METHOD" missed="2" covered="3"/><counter type="CLASS" missed="0" covered="1"/></class><class name="com/mackenziehigh/cascade/internal/NopExecutor"><method name="&lt;init&gt;" desc="()V" line="14"><counter type="INSTRUCTION" missed="0" covered="11"/><counter type="LINE" missed="0" covered="3"/><counter type="COMPLEXITY" missed="0" covered="1"/><counter type="METHOD" missed="0" covered="1"/></method><method name="getActors" desc="()Ljava/util/Set;" line="23"><counter type="INSTRUCTION" missed="4" covered="0"/><counter type="LINE" missed="1" covered="0"/><counter type="COMPLEXITY" missed="1" covered="0"/><counter type="METHOD" missed="1" covered="0"/></method><method name="getCrankCount" desc="()J" line="28"><counter type="INSTRUCTION" missed="4" covered="0"/><counter type="LINE" missed="1" covered="0"/><counter type="COMPLEXITY" missed="1" covered="0"/><counter type="METHOD" missed="1" covered="0"/></method><method name="addActor" desc="(Lcom/mackenziehigh/cascade/CascadeActor;Ljava/util/concurrent/atomic/AtomicReference;)V" line="38"><counter type="INSTRUCTION" missed="6" covered="0"/><counter type="LINE" missed="2" covered="0"/><counter type="COMPLEXITY" missed="1" covered="0"/><counter type="METHOD" missed="1" covered="0"/></method><method name="removeActor" desc="(Lcom/mackenziehigh/cascade/CascadeActor;Ljava/util/concurrent/atomic/AtomicReference;)V" line="48"><counter type="INSTRUCTION" missed="6" covered="0"/><counter type="LINE" missed="2" covered="0"/><counter type="COMPLEXITY" missed="1" covered="0"/><counter type="METHOD" missed="1" covered="0"/></method><method name="submit" desc="(Lcom/mackenziehigh/cascade/CascadeActor;Ljava/util/concurrent/atomic/AtomicReference;)V" line="58"><counter type="INSTRUCTION" missed="0" covered="5"/><counter type="LINE" missed="0" covered="2"/><counter type="COMPLEXITY" missed="0" covered="1"/><counter type="METHOD" missed="0" covered="1"/></method><counter type="INSTRUCTION" missed="20" covered="16"/><counter type="LINE" missed="6" covered="5"/><counter type="COMPLEXITY" missed="4" covered="2"/><counter type="METHOD" missed="4" covered="2"/><counter type="CLASS" missed="0" covered="1"/></class><class name="com/mackenziehigh/cascade/internal/Dispatcher$Channel"><method name="&lt;init&gt;" desc="(Lcom/mackenziehigh/cascade/internal/Dispatcher;Lcom/mackenziehigh/cascade/internal/Dispatcher$Bucket;Lcom/mackenziehigh/cascade/CascadeToken;)V" line="211"><counter type="INSTRUCTION" missed="0" covered="28"/><counter type="LINE" missed="0" covered="6"/><counter type="COMPLEXITY" missed="0" covered="1"/><counter type="METHOD" missed="0" covered="1"/></method><method name="event" desc="()Lcom/mackenziehigh/cascade/CascadeToken;" line="225"><counter type="INSTRUCTION" missed="3" covered="0"/><counter type="LINE" missed="1" covered="0"/><counter type="COMPLEXITY" missed="1" covered="0"/><counter type="METHOD" missed="1" covered="0"/></method><method name="subscriberCount" desc="()I" line="231"><counter type="INSTRUCTION" missed="6" covered="0"/><counter type="LINE" missed="1" covered="0"/><counter type="COMPLEXITY" missed="1" covered="0"/><counter type="METHOD" missed="1" covered="0"/></method><method name="subscribers" desc="()Ljava/util/Set;" line="237"><counter type="INSTRUCTION" missed="6" covered="0"/><counter type="LINE" missed="1" covered="0"/><counter type="COMPLEXITY" missed="1" covered="0"/><counter type="METHOD" missed="1" covered="0"/></method><method name="forEachSubscriber" desc="(Ljava/util/function/Consumer;)Lcom/mackenziehigh/cascade/CascadeChannel;" line="243"><counter type="INSTRUCTION" missed="20" covered="0"/><counter type="BRANCH" missed="2" covered="0"/><counter type="LINE" missed="4" covered="0"/><counter type="COMPLEXITY" missed="2" covered="0"/><counter type="METHOD" missed="1" covered="0"/></method><method name="send" desc="(Lcom/mackenziehigh/cascade/CascadeStack;)Lcom/mackenziehigh/cascade/CascadeChannel;" line="259"><counter type="INSTRUCTION" missed="0" covered="24"/><counter type="BRANCH" missed="0" covered="2"/><counter type="LINE" missed="0" covered="4"/><counter type="COMPLEXITY" missed="0" covered="2"/><counter type="METHOD" missed="0" covered="1"/></method><method name="hashCode" desc="()I" line="278"><counter type="INSTRUCTION" missed="6" covered="0"/><counter type="LINE" missed="1" covered="0"/><counter type="COMPLEXITY" missed="1" covered="0"/><counter type="METHOD" missed="1" covered="0"/></method><method name="equals" desc="(Ljava/lang/Object;)Z" line="287"><counter type="INSTRUCTION" missed="14" covered="0"/><counter type="BRANCH" missed="4" covered="0"/><counter type="LINE" missed="1" covered="0"/><counter type="COMPLEXITY" missed="3" covered="0"/><counter type="METHOD" missed="1" covered="0"/></method><method name="toString" desc="()Ljava/lang/String;" line="296"><counter type="INSTRUCTION" missed="4" covered="0"/><counter type="LINE" missed="1" covered="0"/><counter type="COMPLEXITY" missed="1" covered="0"/><counter type="METHOD" missed="1" covered="0"/></method><counter type="INSTRUCTION" missed="59" covered="52"/><counter type="BRANCH" missed="6" covered="2"/><counter type="LINE" missed="10" covered="10"/><counter type="COMPLEXITY" missed="10" covered="3"/><counter type="METHOD" missed="7" covered="2"/><counter type="CLASS" missed="0" covered="1"/></class><class name="com/mackenziehigh/cascade/internal/InflowQueue"><method name="isEmpty" desc="()Z" line="64"><counter type="INSTRUCTION" missed="0" covered="7"/><counter type="BRANCH" missed="0" covered="2"/><counter type="LINE" missed="0" covered="1"/><counter type="COMPLEXITY" missed="0" covered="2"/><counter type="METHOD" missed="0" covered="1"/></method><counter type="INSTRUCTION" missed="0" covered="7"/><counter type="BRANCH" missed="0" covered="2"/><counter type="LINE" missed="0" covered="1"/><counter type="COMPLEXITY" missed="0" covered="2"/><counter type="METHOD" missed="0" covered="1"/><counter type="CLASS" missed="0" covered="1"/></class><class name="com/mackenziehigh/cascade/internal/LinkedInflowQueue"><method name="&lt;init&gt;" desc="(I)V" line="31"><counter type="INSTRUCTION" missed="0" covered="24"/><counter type="BRANCH" missed="0" covered="2"/><counter type="LINE" missed="0" covered="6"/><counter type="COMPLEXITY" missed="0" covered="2"/><counter type="METHOD" missed="0" covered="1"/></method><method name="offer" desc="(Lcom/mackenziehigh/cascade/CascadeToken;Lcom/mackenziehigh/cascade/CascadeStack;)Z" line="45"><counter type="INSTRUCTION" missed="0" covered="27"/><counter type="BRANCH" missed="0" covered="2"/><counter type="LINE" missed="0" covered="8"/><counter type="COMPLEXITY" missed="0" covered="2"/><counter type="METHOD" missed="0" covered="1"/></method><method name="removeOldest" desc="(Ljava/util/concurrent/atomic/AtomicReference;Ljava/util/concurrent/atomic/AtomicReference;)Z" line="67"><counter type="INSTRUCTION" missed="0" covered="33"/><counter type="BRANCH" missed="0" covered="2"/><counter type="LINE" missed="0" covered="10"/><counter type="COMPLEXITY" missed="0" covered="2"/><counter type="METHOD" missed="0" covered="1"/></method><method name="removeNewest" desc="(Ljava/util/concurrent/atomic/AtomicReference;Ljava/util/concurrent/atomic/AtomicReference;)Z" line="91"><counter type="INSTRUCTION" missed="0" covered="33"/><counter type="BRANCH" missed="0" covered="2"/><counter type="LINE" missed="0" covered="10"/><counter type="COMPLEXITY" missed="0" covered="2"/><counter type="METHOD" missed="0" covered="1"/></method><method name="clear" desc="()V" line="114"><counter type="INSTRUCTION" missed="0" covered="9"/><counter type="LINE" missed="0" covered="4"/><counter type="COMPLEXITY" missed="0" covered="1"/><counter type="METHOD" missed="0" covered="1"/></method><method name="size" desc="()I" line="125"><counter type="INSTRUCTION" missed="0" covered="6"/><counter type="LINE" missed="0" covered="2"/><counter type="COMPLEXITY" missed="0" covered="1"/><counter type="METHOD" missed="0" covered="1"/></method><method name="capacity" desc="()I" line="135"><counter type="INSTRUCTION" missed="0" covered="5"/><counter type="LINE" missed="0" covered="2"/><counter type="COMPLEXITY" missed="0" covered="1"/><counter type="METHOD" missed="0" covered="1"/></method><method name="forEach" desc="(Ljava/util/function/BiConsumer;)V" line="145"><counter type="INSTRUCTION" missed="0" covered="25"/><counter type="BRANCH" missed="0" covered="2"/><counter type="LINE" missed="0" covered="7"/><counter type="COMPLEXITY" missed="0" covered="2"/><counter type="METHOD" missed="0" covered="1"/></method><method name="checkState" desc="()V" line="159"><counter type="INSTRUCTION" missed="2" covered="20"/><counter type="BRANCH" missed="2" covered="2"/><counter type="LINE" missed="0" covered="3"/><counter type="COMPLEXITY" missed="2" covered="1"/><counter type="METHOD" missed="0" covered="1"/></method><counter type="INSTRUCTION" missed="2" covered="182"/><counter type="BRANCH" missed="2" covered="12"/><counter type="LINE" missed="0" covered="52"/><counter type="COMPLEXITY" missed="2" covered="14"/><counter type="METHOD" missed="0" covered="9"/><counter type="CLASS" missed="0" covered="1"/></class><class name="com/mackenziehigh/cascade/internal/ArrayInflowQueue"><method name="&lt;init&gt;" desc="(I)V" line="31"><counter type="INSTRUCTION" missed="0" covered="26"/><counter type="BRANCH" missed="0" covered="2"/><counter type="LINE" missed="0" covered="6"/><counter type="COMPLEXITY" missed="0" covered="2"/><counter type="METHOD" missed="0" covered="1"/></method><method name="offer" desc="(Lcom/mackenziehigh/cascade/CascadeToken;Lcom/mackenziehigh/cascade/CascadeStack;)Z" line="45"><counter type="INSTRUCTION" missed="0" covered="27"/><counter type="BRANCH" missed="0" covered="2"/><counter type="LINE" missed="0" covered="8"/><counter type="COMPLEXITY" missed="0" covered="2"/><counter type="METHOD" missed="0" covered="1"/></method><method name="removeOldest" desc="(Ljava/util/concurrent/atomic/AtomicReference;Ljava/util/concurrent/atomic/AtomicReference;)Z" line="67"><counter type="INSTRUCTION" missed="0" covered="33"/><counter type="BRANCH" missed="0" covered="2"/><counter type="LINE" missed="0" covered="10"/><counter type="COMPLEXITY" missed="0" covered="2"/><counter type="METHOD" missed="0" covered="1"/></method><method name="removeNewest" desc="(Ljava/util/concurrent/atomic/AtomicReference;Ljava/util/concurrent/atomic/AtomicReference;)Z" line="91"><counter type="INSTRUCTION" missed="0" covered="33"/><counter type="BRANCH" missed="0" covered="2"/><counter type="LINE" missed="0" covered="10"/><counter type="COMPLEXITY" missed="0" covered="2"/><counter type="METHOD" missed="0" covered="1"/></method><method name="clear" desc="()V" line="114"><counter type="INSTRUCTION" missed="0" covered="9"/><counter type="LINE" missed="0" covered="4"/><counter type="COMPLEXITY" missed="0" covered="1"/><counter type="METHOD" missed="0" covered="1"/></method><method name="size" desc="()I" line="125"><counter type="INSTRUCTION" missed="0" covered="6"/><counter type="LINE" missed="0" covered="2"/><counter type="COMPLEXITY" missed="0" covered="1"/><counter type="METHOD" missed="0" covered="1"/></method><method name="capacity" desc="()I" line="135"><counter type="INSTRUCTION" missed="0" covered="5"/><counter type="LINE" missed="0" covered="2"/><counter type="COMPLEXITY" missed="0" covered="1"/><counter type="METHOD" missed="0" covered="1"/></method><method name="forEach" desc="(Ljava/util/function/BiConsumer;)V" line="145"><counter type="INSTRUCTION" missed="0" covered="25"/><counter type="BRANCH" missed="0" covered="2"/><counter type="LINE" missed="0" covered="7"/><counter type="COMPLEXITY" missed="0" covered="2"/><counter type="METHOD" missed="0" covered="1"/></method><method name="checkState" desc="()V" line="159"><counter type="INSTRUCTION" missed="2" covered="20"/><counter type="BRANCH" missed="2" covered="2"/><counter type="LINE" missed="0" covered="3"/><counter type="COMPLEXITY" missed="2" covered="1"/><counter type="METHOD" missed="0" covered="1"/></method><counter type="INSTRUCTION" missed="2" covered="184"/><counter type="BRANCH" missed="2" covered="12"/><counter type="LINE" missed="0" covered="52"/><counter type="COMPLEXITY" missed="2" covered="14"/><counter type="METHOD" missed="0" covered="9"/><counter type="CLASS" missed="0" covered="1"/></class><class name="com/mackenziehigh/cascade/internal/BoundedInflowQueue$OverflowPolicy"><method name="values" desc="()[Lcom/mackenziehigh/cascade/internal/BoundedInflowQueue$OverflowPolicy;" line="22"><counter type="INSTRUCTION" missed="4" covered="0"/><counter type="LINE" missed="1" covered="0"/><counter type="COMPLEXITY" missed="1" covered="0"/><counter type="METHOD" missed="1" covered="0"/></method><method name="valueOf" desc="(Ljava/lang/String;)Lcom/mackenziehigh/cascade/internal/BoundedInflowQueue$OverflowPolicy;" line="22"><counter type="INSTRUCTION" missed="5" covered="0"/><counter type="LINE" missed="1" covered="0"/><counter type="COMPLEXITY" missed="1" covered="0"/><counter type="METHOD" missed="1" covered="0"/></method><method name="&lt;init&gt;" desc="(Ljava/lang/String;I)V" line="22"><counter type="INSTRUCTION" missed="0" covered="5"/><counter type="LINE" missed="0" covered="1"/><counter type="COMPLEXITY" missed="0" covered="1"/><counter type="METHOD" missed="0" covered="1"/></method><method name="&lt;clinit&gt;" desc="()V" line="22"><counter type="INSTRUCTION" missed="0" covered="54"/><counter type="LINE" missed="0" covered="6"/><counter type="COMPLEXITY" missed="0" covered="1"/><counter type="METHOD" missed="0" covered="1"/></method><counter type="INSTRUCTION" missed="9" covered="59"/><counter type="LINE" missed="0" covered="6"/><counter type="COMPLEXITY" missed="2" covered="2"/><counter type="METHOD" missed="2" covered="2"/><counter type="CLASS" missed="0" covered="1"/></class><class name="com/mackenziehigh/cascade/internal/NotificationInflowQueue"><method name="&lt;init&gt;" desc="(Lcom/mackenziehigh/cascade/internal/InflowQueue;Ljava/util/function/Consumer;)V" line="30"><counter type="INSTRUCTION" missed="0" covered="15"/><counter type="LINE" missed="0" covered="4"/><counter type="COMPLEXITY" missed="0" covered="1"/><counter type="METHOD" missed="0" covered="1"/></method><method name="offer" desc="(Lcom/mackenziehigh/cascade/CascadeToken;Lcom/mackenziehigh/cascade/CascadeStack;)Z" line="44"><counter type="INSTRUCTION" missed="0" covered="14"/><counter type="BRANCH" missed="0" covered="2"/><counter type="LINE" missed="0" covered="4"/><counter type="COMPLEXITY" missed="0" covered="2"/><counter type="METHOD" missed="0" covered="1"/></method><method name="removeOldest" desc="(Ljava/util/concurrent/atomic/AtomicReference;Ljava/util/concurrent/atomic/AtomicReference;)Z" line="61"><counter type="INSTRUCTION" missed="0" covered="6"/><counter type="LINE" missed="0" covered="1"/><counter type="COMPLEXITY" missed="0" covered="1"/><counter type="METHOD" missed="0" covered="1"/></method><method name="removeNewest" desc="(Ljava/util/concurrent/atomic/AtomicReference;Ljava/util/concurrent/atomic/AtomicReference;)Z" line="71"><counter type="INSTRUCTION" missed="0" covered="6"/><counter type="LINE" missed="0" covered="1"/><counter type="COMPLEXITY" missed="0" covered="1"/><counter type="METHOD" missed="0" covered="1"/></method><method name="clear" desc="()V" line="80"><counter type="INSTRUCTION" missed="0" covered="4"/><counter type="LINE" missed="0" covered="2"/><counter type="COMPLEXITY" missed="0" covered="1"/><counter type="METHOD" missed="0" covered="1"/></method><method name="size" desc="()I" line="89"><counter type="INSTRUCTION" missed="0" covered="4"/><counter type="LINE" missed="0" covered="1"/><counter type="COMPLEXITY" missed="0" covered="1"/><counter type="METHOD" missed="0" covered="1"/></method><method name="capacity" desc="()I" line="98"><counter type="INSTRUCTION" missed="0" covered="4"/><counter type="LINE" missed="0" covered="1"/><counter type="COMPLEXITY" missed="0" covered="1"/><counter type="METHOD" missed="0" covered="1"/></method><method name="forEach" desc="(Ljava/util/function/BiConsumer;)V" line="107"><counter type="INSTRUCTION" missed="0" covered="5"/><counter type="LINE" missed="0" covered="2"/><counter type="COMPLEXITY" missed="0" covered="1"/><counter type="METHOD" missed="0" covered="1"/></method><method name="&lt;clinit&gt;" desc="()V" line="35"><counter type="INSTRUCTION" missed="0" covered="5"/><counter type="LINE" missed="0" covered="1"/><counter type="COMPLEXITY" missed="0" covered="1"/><counter type="METHOD" missed="0" covered="1"/></method><counter type="INSTRUCTION" missed="0" covered="63"/><counter type="BRANCH" missed="0" covered="2"/><counter type="LINE" missed="0" covered="17"/><counter type="COMPLEXITY" missed="0" covered="10"/><counter type="METHOD" missed="0" covered="9"/><counter type="CLASS" missed="0" covered="1"/></class><class name="com/mackenziehigh/cascade/internal/Dispatcher$Bucket"><method name="&lt;init&gt;" desc="(Lcom/mackenziehigh/cascade/internal/Dispatcher;IF)V" line="198"><counter type="INSTRUCTION" missed="0" covered="13"/><counter type="LINE" missed="0" covered="3"/><counter type="COMPLEXITY" missed="0" covered="1"/><counter type="METHOD" missed="0" covered="1"/></method><counter type="INSTRUCTION" missed="0" covered="13"/><counter type="LINE" missed="0" covered="3"/><counter type="COMPLEXITY" missed="0" covered="1"/><counter type="METHOD" missed="0" covered="1"/><counter type="CLASS" missed="0" covered="1"/></class><class name="com/mackenziehigh/cascade/internal/SynchronizedInflowQueue"><method name="&lt;init&gt;" desc="(Lcom/mackenziehigh/cascade/internal/InflowQueue;)V" line="24"><counter type="INSTRUCTION" missed="0" covered="9"/><counter type="LINE" missed="0" covered="3"/><counter type="COMPLEXITY" missed="0" covered="1"/><counter type="METHOD" missed="0" covered="1"/></method><method name="sync" desc="(Ljava/lang/Runnable;)V" line="36"><counter type="INSTRUCTION" missed="0" covered="7"/><counter type="LINE" missed="0" covered="3"/><counter type="COMPLEXITY" missed="0" covered="1"/><counter type="METHOD" missed="0" covered="1"/></method><method name="offer" desc="(Lcom/mackenziehigh/cascade/CascadeToken;Lcom/mackenziehigh/cascade/CascadeStack;)Z" line="47"><counter type="INSTRUCTION" missed="0" covered="14"/><counter type="LINE" missed="0" covered="3"/><counter type="COMPLEXITY" missed="0" covered="1"/><counter type="METHOD" missed="0" covered="1"/></method><method name="removeOldest" desc="(Ljava/util/concurrent/atomic/AtomicReference;Ljava/util/concurrent/atomic/AtomicReference;)Z" line="59"><counter type="INSTRUCTION" missed="0" covered="6"/><counter type="LINE" missed="0" covered="1"/><counter type="COMPLEXITY" missed="0" covered="1"/><counter type="METHOD" missed="0" covered="1"/></method><method name="removeNewest" desc="(Ljava/util/concurrent/atomic/AtomicReference;Ljava/util/concurrent/atomic/AtomicReference;)Z" line="69"><counter type="INSTRUCTION" missed="0" covered="6"/><counter type="LINE" missed="0" covered="1"/><counter type="COMPLEXITY" missed="0" covered="1"/><counter type="METHOD" missed="0" covered="1"/></method><method name="clear" desc="()V" line="78"><counter type="INSTRUCTION" missed="0" covered="4"/><counter type="LINE" missed="0" covered="2"/><counter type="COMPLEXITY" missed="0" covered="1"/><counter type="METHOD" missed="0" covered="1"/></method><method name="size" desc="()I" line="87"><counter type="INSTRUCTION" missed="0" covered="4"/><counter type="LINE" missed="0" covered="1"/><counter type="COMPLEXITY" missed="0" covered="1"/><counter type="METHOD" missed="0" covered="1"/></method><method name="capacity" desc="()I" line="96"><counter type="INSTRUCTION" missed="0" covered="4"/><counter type="LINE" missed="0" covered="1"/><counter type="COMPLEXITY" missed="0" covered="1"/><counter type="METHOD" missed="0" covered="1"/></method><method name="forEach" desc="(Ljava/util/function/BiConsumer;)V" line="105"><counter type="INSTRUCTION" missed="0" covered="5"/><counter type="LINE" missed="0" covered="2"/><counter type="COMPLEXITY" missed="0" covered="1"/><counter type="METHOD" missed="0" covered="1"/></method><counter type="INSTRUCTION" missed="0" covered="59"/><counter type="LINE" missed="0" covered="17"/><counter type="COMPLEXITY" missed="0" covered="9"/><counter type="METHOD" missed="0" covered="9"/><counter type="CLASS" missed="0" covered="1"/></class><class name="com/mackenziehigh/cascade/internal/BoundedInflowQueue"><method name="&lt;init&gt;" desc="(Lcom/mackenziehigh/cascade/internal/BoundedInflowQueue$OverflowPolicy;Lcom/mackenziehigh/cascade/internal/InflowQueue;)V" line="55"><counter type="INSTRUCTION" missed="0" covered="55"/><counter type="LINE" missed="0" covered="12"/><counter type="COMPLEXITY" missed="0" covered="1"/><counter type="METHOD" missed="0" covered="1"/></method><method name="disable" desc="()V" line="89"><counter type="INSTRUCTION" missed="0" covered="5"/><counter type="LINE" missed="0" covered="2"/><counter type="COMPLEXITY" missed="0" covered="1"/><counter type="METHOD" missed="0" covered="1"/></method><method name="policy" desc="()Lcom/mackenziehigh/cascade/internal/BoundedInflowQueue$OverflowPolicy;" line="99"><counter type="INSTRUCTION" missed="0" covered="3"/><counter type="LINE" missed="0" covered="1"/><counter type="COMPLEXITY" missed="0" covered="1"/><counter type="METHOD" missed="0" covered="1"/></method><method name="offered" desc="()J" line="109"><counter type="INSTRUCTION" missed="0" covered="4"/><counter type="LINE" missed="0" covered="1"/><counter type="COMPLEXITY" missed="0" covered="1"/><counter type="METHOD" missed="0" covered="1"/></method><method name="accepted" desc="()J" line="120"><counter type="INSTRUCTION" missed="0" covered="4"/><counter type="LINE" missed="0" covered="1"/><counter type="COMPLEXITY" missed="0" covered="1"/><counter type="METHOD" missed="0" covered="1"/></method><method name="dropped" desc="()J" line="130"><counter type="INSTRUCTION" missed="0" covered="4"/><counter type="LINE" missed="0" covered="1"/><counter type="COMPLEXITY" missed="0" covered="1"/><counter type="METHOD" missed="0" covered="1"/></method><method name="removed" desc="()J" line="140"><counter type="INSTRUCTION" missed="4" covered="0"/><counter type="LINE" missed="1" covered="0"/><counter type="COMPLEXITY" missed="1" covered="0"/><counter type="METHOD" missed="1" covered="0"/></method><method name="offer" desc="(Lcom/mackenziehigh/cascade/CascadeToken;Lcom/mackenziehigh/cascade/CascadeStack;)Z" line="150"><counter type="INSTRUCTION" missed="4" covered="149"/><counter type="BRANCH" missed="2" covered="26"/><counter type="LINE" missed="1" covered="31"/><counter type="COMPLEXITY" missed="2" covered="13"/><counter type="METHOD" missed="0" covered="1"/></method><method name="removeOldest" desc="(Ljava/util/concurrent/atomic/AtomicReference;Ljava/util/concurrent/atomic/AtomicReference;)Z" line="222"><counter type="INSTRUCTION" missed="0" covered="14"/><counter type="BRANCH" missed="0" covered="2"/><counter type="LINE" missed="0" covered="4"/><counter type="COMPLEXITY" missed="0" covered="2"/><counter type="METHOD" missed="0" covered="1"/></method><method name="removeNewest" desc="(Ljava/util/concurrent/atomic/AtomicReference;Ljava/util/concurrent/atomic/AtomicReference;)Z" line="240"><counter type="INSTRUCTION" missed="0" covered="14"/><counter type="BRANCH" missed="0" covered="2"/><counter type="LINE" missed="0" covered="4"/><counter type="COMPLEXITY" missed="0" covered="2"/><counter type="METHOD" missed="0" covered="1"/></method><method name="clear" desc="()V" line="257"><counter type="INSTRUCTION" missed="0" covered="12"/><counter type="LINE" missed="0" covered="3"/><counter type="COMPLEXITY" missed="0" covered="1"/><counter type="METHOD" missed="0" covered="1"/></method><method name="size" desc="()I" line="267"><counter type="INSTRUCTION" missed="0" covered="4"/><counter type="LINE" missed="0" covered="1"/><counter type="COMPLEXITY" missed="0" covered="1"/><counter type="METHOD" missed="0" covered="1"/></method><method name="capacity" desc="()I" line="276"><counter type="INSTRUCTION" missed="0" covered="4"/><counter type="LINE" missed="0" covered="1"/><counter type="COMPLEXITY" missed="0" covered="1"/><counter type="METHOD" missed="0" covered="1"/></method><method name="forEach" desc="(Ljava/util/function/BiConsumer;)V" line="285"><counter type="INSTRUCTION" missed="0" covered="5"/><counter type="LINE" missed="0" covered="2"/><counter type="COMPLEXITY" missed="0" covered="1"/><counter type="METHOD" missed="0" covered="1"/></method><method name="getOverflowCount" desc="()J" line="295"><counter type="INSTRUCTION" missed="0" covered="4"/><counter type="LINE" missed="0" covered="1"/><counter type="COMPLEXITY" missed="0" covered="1"/><counter type="METHOD" missed="0" covered="1"/></method><counter type="INSTRUCTION" missed="8" covered="281"/><counter type="BRANCH" missed="2" covered="30"/><counter type="LINE" missed="2" covered="65"/><counter type="COMPLEXITY" missed="3" covered="28"/><counter type="METHOD" missed="1" covered="14"/><counter type="CLASS" missed="0" covered="1"/></class><sourcefile name="ArrayInflowQueue.java"><line nr="31" mi="0" ci="2" mb="0" cb="0"/><line nr="32" mi="0" ci="8" mb="0" cb="2"/><line nr="33" mi="0" ci="3" mb="0" cb="0"/><line nr="34" mi="0" ci="6" mb="0" cb="0"/><line nr="35" mi="0" ci="6" mb="0" cb="0"/><line nr="36" mi="0" ci="1" mb="0" cb="0"/><line nr="45" mi="0" ci="2" mb="0" cb="0"/><line nr="46" mi="0" ci="4" mb="0" cb="0"/><line nr="47" mi="0" ci="4" mb="0" cb="0"/><line nr="48" mi="0" ci="5" mb="0" cb="2"/><line nr="50" mi="0" ci="4" mb="0" cb="0"/><line nr="51" mi="0" ci="4" mb="0" cb="0"/><line nr="52" mi="0" ci="2" mb="0" cb="0"/><line nr="56" mi="0" ci="2" mb="0" cb="0"/><line nr="67" mi="0" ci="2" mb="0" cb="0"/><line nr="68" mi="0" ci="4" mb="0" cb="0"/><line nr="69" mi="0" ci="4" mb="0" cb="0"/><line nr="70" mi="0" ci="3" mb="0" cb="2"/><line nr="72" mi="0" ci="3" mb="0" cb="0"/><line nr="73" mi="0" ci="3" mb="0" cb="0"/><line nr="74" mi="0" ci="2" mb="0" cb="0"/><line nr="78" mi="0" ci="5" mb="0" cb="0"/><line nr="79" mi="0" ci="5" mb="0" cb="0"/><line nr="80" mi="0" ci="2" mb="0" cb="0"/><line nr="91" mi="0" ci="2" mb="0" cb="0"/><line nr="92" mi="0" ci="4" mb="0" cb="0"/><line nr="93" mi="0" ci="4" mb="0" cb="0"/><line nr="94" mi="0" ci="3" mb="0" cb="2"/><line nr="96" mi="0" ci="3" mb="0" cb="0"/><line nr="97" mi="0" ci="3" mb="0" cb="0"/><line nr="98" mi="0" ci="2" mb="0" cb="0"/><line nr="102" mi="0" ci="5" mb="0" cb="0"/><line nr="103" mi="0" ci="5" mb="0" cb="0"/><line nr="104" mi="0" ci="2" mb="0" cb="0"/><line nr="114" mi="0" ci="2" mb="0" cb="0"/><line nr="115" mi="0" ci="3" mb="0" cb="0"/><line nr="116" mi="0" ci="3" mb="0" cb="0"/><line nr="117" mi="0" ci="1" mb="0" cb="0"/><line nr="125" mi="0" ci="2" mb="0" cb="0"/><line nr="126" mi="0" ci="4" mb="0" cb="0"/><line nr="135" mi="0" ci="2" mb="0" cb="0"/><line nr="136" mi="0" ci="3" mb="0" cb="0"/><line nr="145" mi="0" ci="2" mb="0" cb="0"/><line nr="146" mi="0" ci="4" mb="0" cb="0"/><line nr="148" mi="0" ci="4" mb="0" cb="0"/><line nr="149" mi="0" ci="4" mb="0" cb="0"/><line nr="151" mi="0" ci="3" mb="0" cb="2"/><line nr="153" mi="0" ci="7" mb="0" cb="0"/><line nr="155" mi="0" ci="1" mb="0" cb="0"/><line nr="159" mi="1" ci="9" mb="1" cb="1"/><line nr="160" mi="1" ci="10" mb="1" cb="1"/><line nr="161" mi="0" ci="1" mb="0" cb="0"/><counter type="INSTRUCTION" missed="2" covered="184"/><counter type="BRANCH" missed="2" covered="12"/><counter type="LINE" missed="0" covered="52"/><counter type="COMPLEXITY" missed="2" covered="14"/><counter type="METHOD" missed="0" covered="9"/><counter type="CLASS" missed="0" covered="1"/></sourcefile><sourcefile name="InflowQueue.java"><line nr="64" mi="0" ci="7" mb="0" cb="2"/><counter type="INSTRUCTION" missed="0" covered="7"/><counter type="BRANCH" missed="0" covered="2"/><counter type="LINE" missed="0" covered="1"/><counter type="COMPLEXITY" missed="0" covered="2"/><counter type="METHOD" missed="0" covered="1"/><counter type="CLASS" missed="0" covered="1"/></sourcefile><sourcefile name="LinkedInflowQueue.java"><line nr="31" mi="0" ci="2" mb="0" cb="0"/><line nr="32" mi="0" ci="8" mb="0" cb="2"/><line nr="33" mi="0" ci="3" mb="0" cb="0"/><line nr="34" mi="0" ci="5" mb="0" cb="0"/><line nr="35" mi="0" ci="5" mb="0" cb="0"/><line nr="36" mi="0" ci="1" mb="0" cb="0"/><line nr="45" mi="0" ci="2" mb="0" cb="0"/><line nr="46" mi="0" ci="4" mb="0" cb="0"/><line nr="47" mi="0" ci="4" mb="0" cb="0"/><line nr="48" mi="0" ci="5" mb="0" cb="2"/><line nr="50" mi="0" ci="4" mb="0" cb="0"/><line nr="51" mi="0" ci="4" mb="0" cb="0"/><line nr="52" mi="0" ci="2" mb="0" cb="0"/><line nr="56" mi="0" ci="2" mb="0" cb="0"/><line nr="67" mi="0" ci="2" mb="0" cb="0"/><line nr="68" mi="0" ci="4" mb="0" cb="0"/><line nr="69" mi="0" ci="4" mb="0" cb="0"/><line nr="70" mi="0" ci="3" mb="0" cb="2"/><line nr="72" mi="0" ci="3" mb="0" cb="0"/><line nr="73" mi="0" ci="3" mb="0" cb="0"/><line nr="74" mi="0" ci="2" mb="0" cb="0"/><line nr="78" mi="0" ci="5" mb="0" cb="0"/><line nr="79" mi="0" ci="5" mb="0" cb="0"/><line nr="80" mi="0" ci="2" mb="0" cb="0"/><line nr="91" mi="0" ci="2" mb="0" cb="0"/><line nr="92" mi="0" ci="4" mb="0" cb="0"/><line nr="93" mi="0" ci="4" mb="0" cb="0"/><line nr="94" mi="0" ci="3" mb="0" cb="2"/><line nr="96" mi="0" ci="3" mb="0" cb="0"/><line nr="97" mi="0" ci="3" mb="0" cb="0"/><line nr="98" mi="0" ci="2" mb="0" cb="0"/><line nr="102" mi="0" ci="5" mb="0" cb="0"/><line nr="103" mi="0" ci="5" mb="0" cb="0"/><line nr="104" mi="0" ci="2" mb="0" cb="0"/><line nr="114" mi="0" ci="2" mb="0" cb="0"/><line nr="115" mi="0" ci="3" mb="0" cb="0"/><line nr="116" mi="0" ci="3" mb="0" cb="0"/><line nr="117" mi="0" ci="1" mb="0" cb="0"/><line nr="125" mi="0" ci="2" mb="0" cb="0"/><line nr="126" mi="0" ci="4" mb="0" cb="0"/><line nr="135" mi="0" ci="2" mb="0" cb="0"/><line nr="136" mi="0" ci="3" mb="0" cb="0"/><line nr="145" mi="0" ci="2" mb="0" cb="0"/><line nr="146" mi="0" ci="4" mb="0" cb="0"/><line nr="148" mi="0" ci="4" mb="0" cb="0"/><line nr="149" mi="0" ci="4" mb="0" cb="0"/><line nr="151" mi="0" ci="3" mb="0" cb="2"/><line nr="153" mi="0" ci="7" mb="0" cb="0"/><line nr="155" mi="0" ci="1" mb="0" cb="0"/><line nr="159" mi="1" ci="9" mb="1" cb="1"/><line nr="160" mi="1" ci="10" mb="1" cb="1"/><line nr="161" mi="0" ci="1" mb="0" cb="0"/><counter type="INSTRUCTION" missed="2" covered="182"/><counter type="BRANCH" missed="2" covered="12"/><counter type="LINE" missed="0" covered="52"/><counter type="COMPLEXITY" missed="2" covered="14"/><counter type="METHOD" missed="0" covered="9"/><counter type="CLASS" missed="0" covered="1"/></sourcefile><sourcefile name="BoundedInflowQueue.java"><line nr="22" mi="9" ci="29" mb="0" cb="0"/><line nr="27" mi="0" ci="6" mb="0" cb="0"/><line nr="32" mi="0" ci="6" mb="0" cb="0"/><line nr="38" mi="0" ci="6" mb="0" cb="0"/><line nr="43" mi="0" ci="6" mb="0" cb="0"/><line nr="48" mi="0" ci="6" mb="0" cb="0"/><line nr="55" mi="0" ci="5" mb="0" cb="0"/><line nr="57" mi="0" ci="5" mb="0" cb="0"/><line nr="59" mi="0" ci="5" mb="0" cb="0"/><line nr="61" mi="0" ci="5" mb="0" cb="0"/><line nr="63" mi="0" ci="5" mb="0" cb="0"/><line nr="65" mi="0" ci="5" mb="0" cb="0"/><line nr="67" mi="0" ci="5" mb="0" cb="0"/><line nr="69" mi="0" ci="5" mb="0" cb="0"/><line nr="79" mi="0" ci="2" mb="0" cb="0"/><line nr="80" mi="0" ci="6" mb="0" cb="0"/><line nr="81" mi="0" ci="6" mb="0" cb="0"/><line nr="82" mi="0" ci="1" mb="0" cb="0"/><line nr="89" mi="0" ci="4" mb="0" cb="0"/><line nr="90" mi="0" ci="1" mb="0" cb="0"/><line nr="99" mi="0" ci="3" mb="0" cb="0"/><line nr="109" mi="0" ci="4" mb="0" cb="0"/><line nr="120" mi="0" ci="4" mb="0" cb="0"/><line nr="130" mi="0" ci="4" mb="0" cb="0"/><line nr="140" mi="4" ci="0" mb="0" cb="0"/><line nr="150" mi="0" ci="4" mb="0" cb="0"/><line nr="151" mi="0" ci="4" mb="0" cb="0"/><line nr="153" mi="0" ci="4" mb="0" cb="0"/><line nr="155" mi="0" ci="4" mb="0" cb="2"/><line nr="157" mi="0" ci="4" mb="0" cb="0"/><line nr="158" mi="0" ci="2" mb="0" cb="0"/><line nr="161" mi="0" ci="4" mb="0" cb="0"/><line nr="162" mi="0" ci="4" mb="0" cb="0"/><line nr="164" mi="0" ci="9" mb="0" cb="2"/><line nr="166" mi="0" ci="2" mb="0" cb="2"/><line nr="168" mi="0" ci="4" mb="0" cb="0"/><line nr="171" mi="0" ci="6" mb="0" cb="4"/><line nr="173" mi="0" ci="4" mb="0" cb="0"/><line nr="174" mi="0" ci="9" mb="0" cb="0"/><line nr="176" mi="0" ci="6" mb="0" cb="4"/><line nr="178" mi="0" ci="4" mb="0" cb="0"/><line nr="179" mi="0" ci="9" mb="0" cb="0"/><line nr="181" mi="0" ci="6" mb="0" cb="4"/><line nr="183" mi="0" ci="4" mb="0" cb="0"/><line nr="184" mi="0" ci="2" mb="0" cb="0"/><line nr="186" mi="0" ci="6" mb="0" cb="4"/><line nr="188" mi="0" ci="8" mb="0" cb="0"/><line nr="189" mi="0" ci="4" mb="0" cb="0"/><line nr="191" mi="0" ci="6" mb="1" cb="3"/><line nr="193" mi="0" ci="10" mb="0" cb="0"/><line nr="194" mi="0" ci="3" mb="0" cb="0"/><line nr="195" mi="0" ci="2" mb="0" cb="0"/><line nr="198" mi="0" ci="6" mb="0" cb="0"/><line nr="200" mi="0" ci="2" mb="1" cb="1"/><line nr="202" mi="0" ci="5" mb="0" cb="0"/><line nr="206" mi="4" ci="0" mb="0" cb="0"/><line nr="212" mi="0" ci="2" mb="0" cb="0"/><line nr="222" mi="0" ci="6" mb="0" cb="2"/><line nr="224" mi="0" ci="4" mb="0" cb="0"/><line nr="225" mi="0" ci="2" mb="0" cb="0"/><line nr="229" mi="0" ci="2" mb="0" cb="0"/><line nr="240" mi="0" ci="6" mb="0" cb="2"/><line nr="242" mi="0" ci="4" mb="0" cb="0"/><line nr="243" mi="0" ci="2" mb="0" cb="0"/><line nr="247" mi="0" ci="2" mb="0" cb="0"/><line nr="257" mi="0" ci="8" mb="0" cb="0"/><line nr="258" mi="0" ci="3" mb="0" cb="0"/><line nr="259" mi="0" ci="1" mb="0" cb="0"/><line nr="267" mi="0" ci="4" mb="0" cb="0"/><line nr="276" mi="0" ci="4" mb="0" cb="0"/><line nr="285" mi="0" ci="4" mb="0" cb="0"/><line nr="286" mi="0" ci="1" mb="0" cb="0"/><line nr="295" mi="0" ci="4" mb="0" cb="0"/><counter type="INSTRUCTION" missed="17" covered="340"/><counter type="BRANCH" missed="2" covered="30"/><counter type="LINE" missed="2" covered="71"/><counter type="COMPLEXITY" missed="5" covered="30"/><counter type="METHOD" missed="3" covered="16"/><counter type="CLASS" missed="0" covered="2"/></sourcefile><sourcefile name="SynchronizedInflowQueue.java"><line nr="24" mi="0" ci="2" mb="0" cb="0"/><line nr="25" mi="0" ci="6" mb="0" cb="0"/><line nr="26" mi="0" ci="1" mb="0" cb="0"/><line nr="36" mi="0" ci="4" mb="0" cb="0"/><line nr="37" mi="0" ci="2" mb="0" cb="0"/><line nr="38" mi="0" ci="1" mb="0" cb="0"/><line nr="47" mi="0" ci="4" mb="0" cb="0"/><line nr="48" mi="0" ci="4" mb="0" cb="0"/><line nr="49" mi="0" ci="6" mb="0" cb="0"/><line nr="59" mi="0" ci="6" mb="0" cb="0"/><line nr="69" mi="0" ci="6" mb="0" cb="0"/><line nr="78" mi="0" ci="3" mb="0" cb="0"/><line nr="79" mi="0" ci="1" mb="0" cb="0"/><line nr="87" mi="0" ci="4" mb="0" cb="0"/><line nr="96" mi="0" ci="4" mb="0" cb="0"/><line nr="105" mi="0" ci="4" mb="0" cb="0"/><line nr="106" mi="0" ci="1" mb="0" cb="0"/><counter type="INSTRUCTION" missed="0" covered="59"/><counter type="LINE" missed="0" covered="17"/><counter type="COMPLEXITY" missed="0" covered="9"/><counter type="METHOD" missed="0" covered="9"/><counter type="CLASS" missed="0" covered="1"/></sourcefile><sourcefile name="NopExecutor.java"><line nr="14" mi="0" ci="2" mb="0" cb="0"/><line nr="17" mi="0" ci="3" mb="0" cb="0"/><line nr="19" mi="0" ci="6" mb="0" cb="0"/><line nr="23" mi="4" ci="0" mb="0" cb="0"/><line nr="28" mi="4" ci="0" mb="0" cb="0"/><line nr="38" mi="5" ci="0" mb="0" cb="0"/><line nr="39" mi="1" ci="0" mb="0" cb="0"/><line nr="48" mi="5" ci="0" mb="0" cb="0"/><line nr="49" mi="1" ci="0" mb="0" cb="0"/><line nr="58" mi="0" ci="4" mb="0" cb="0"/><line nr="59" mi="0" ci="1" mb="0" cb="0"/><counter type="INSTRUCTION" missed="20" covered="16"/><counter type="LINE" missed="6" covered="5"/><counter type="COMPLEXITY" missed="4" covered="2"/><counter type="METHOD" missed="4" covered="2"/><counter type="CLASS" missed="0" covered="1"/></sourcefile><sourcefile name="SwappableInflowQueue.java"><line nr="27" mi="0" ci="2" mb="0" cb="0"/><line nr="28" mi="0" ci="6" mb="0" cb="0"/><line nr="29" mi="0" ci="1" mb="0" cb="0"/><line nr="33" mi="0" ci="3" mb="0" cb="0"/><line nr="50" mi="0" ci="4" mb="0" cb="0"/><line nr="52" mi="0" ci="4" mb="0" cb="0"/><line nr="53" mi="0" ci="4" mb="0" cb="0"/><line nr="55" mi="0" ci="2" mb="0" cb="0"/><line nr="57" mi="0" ci="4" mb="0" cb="2"/><line nr="59" mi="0" ci="5" mb="0" cb="0"/><line nr="60" mi="0" ci="10" mb="0" cb="0"/><line nr="63" mi="0" ci="3" mb="0" cb="0"/><line nr="64" mi="0" ci="1" mb="0" cb="0"/><line nr="73" mi="0" ci="6" mb="0" cb="0"/><line nr="83" mi="0" ci="6" mb="0" cb="0"/><line nr="93" mi="0" ci="6" mb="0" cb="0"/><line nr="102" mi="0" ci="3" mb="0" cb="0"/><line nr="103" mi="0" ci="1" mb="0" cb="0"/><line nr="111" mi="0" ci="4" mb="0" cb="0"/><line nr="120" mi="0" ci="4" mb="0" cb="0"/><line nr="129" mi="0" ci="4" mb="0" cb="0"/><line nr="130" mi="0" ci="1" mb="0" cb="0"/><counter type="INSTRUCTION" missed="0" covered="84"/><counter type="BRANCH" missed="0" covered="2"/><counter type="LINE" missed="0" covered="22"/><counter type="COMPLEXITY" missed="0" covered="11"/><counter type="METHOD" missed="0" covered="10"/><counter type="CLASS" missed="0" covered="1"/></sourcefile><sourcefile name="ServiceExecutor.java"><line nr="19" mi="0" ci="5" mb="0" cb="0"/><line nr="23" mi="0" ci="3" mb="0" cb="0"/><line nr="26" mi="0" ci="2" mb="0" cb="0"/><line nr="27" mi="0" ci="6" mb="0" cb="0"/><line nr="28" mi="0" ci="1" mb="0" cb="0"/><line nr="37" mi="4" ci="0" mb="0" cb="0"/><line nr="38" mi="4" ci="0" mb="2" cb="0"/><line nr="40" mi="5" ci="0" mb="0" cb="0"/><line nr="42" mi="1" ci="0" mb="0" cb="0"/><line nr="51" mi="4" ci="0" mb="0" cb="0"/><line nr="52" mi="4" ci="0" mb="2" cb="0"/><line nr="54" mi="5" ci="0" mb="0" cb="0"/><line nr="56" mi="4" ci="0" mb="2" cb="0"/><line nr="58" mi="4" ci="0" mb="0" cb="0"/><line nr="59" mi="3" ci="0" mb="0" cb="0"/><line nr="62" mi="1" ci="0" mb="0" cb="0"/><line nr="71" mi="0" ci="4" mb="1" cb="1"/><line nr="73" mi="0" ci="3" mb="0" cb="0"/><line nr="75" mi="0" ci="3" mb="0" cb="0"/><line nr="76" mi="0" ci="1" mb="0" cb="0"/><line nr="77" mi="0" ci="5" mb="0" cb="0"/><line nr="79" mi="0" ci="1" mb="0" cb="0"/><counter type="INSTRUCTION" missed="39" covered="34"/><counter type="BRANCH" missed="7" covered="1"/><counter type="LINE" missed="11" covered="11"/><counter type="COMPLEXITY" missed="6" covered="3"/><counter type="METHOD" missed="2" covered="3"/><counter type="CLASS" missed="0" covered="1"/></sourcefile><sourcefile name="NotificationInflowQueue.java"><line nr="30" mi="0" ci="2" mb="0" cb="0"/><line nr="31" mi="0" ci="6" mb="0" cb="0"/><line nr="32" mi="0" ci="6" mb="0" cb="0"/><line nr="33" mi="0" ci="1" mb="0" cb="0"/><line nr="35" mi="0" ci="5" mb="0" cb="0"/><line nr="44" mi="0" ci="6" mb="0" cb="0"/><line nr="46" mi="0" ci="2" mb="0" cb="2"/><line nr="48" mi="0" ci="4" mb="0" cb="0"/><line nr="51" mi="0" ci="2" mb="0" cb="0"/><line nr="61" mi="0" ci="6" mb="0" cb="0"/><line nr="71" mi="0" ci="6" mb="0" cb="0"/><line nr="80" mi="0" ci="3" mb="0" cb="0"/><line nr="81" mi="0" ci="1" mb="0" cb="0"/><line nr="89" mi="0" ci="4" mb="0" cb="0"/><line nr="98" mi="0" ci="4" mb="0" cb="0"/><line nr="107" mi="0" ci="4" mb="0" cb="0"/><line nr="108" mi="0" ci="1" mb="0" cb="0"/><counter type="INSTRUCTION" missed="0" covered="63"/><counter type="BRANCH" missed="0" covered="2"/><counter type="LINE" missed="0" covered="17"/><counter type="COMPLEXITY" missed="0" covered="10"/><counter type="METHOD" missed="0" covered="9"/><counter type="CLASS" missed="0" covered="1"/></sourcefile><sourcefile name="Dispatcher.java"><line nr="36" mi="0" ci="2" mb="0" cb="0"/><line nr="37" mi="0" ci="6" mb="0" cb="0"/><line nr="39" mi="0" ci="7" mb="0" cb="2"/><line nr="41" mi="0" ci="10" mb="0" cb="0"/><line nr="43" mi="0" ci="1" mb="0" cb="0"/><line nr="52" mi="0" ci="7" mb="0" cb="0"/><line nr="57" mi="0" ci="7" mb="0" cb="0"/><line nr="58" mi="0" ci="6" mb="0" cb="0"/><line nr="76" mi="0" ci="4" mb="0" cb="0"/><line nr="78" mi="0" ci="4" mb="0" cb="0"/><line nr="80" mi="0" ci="5" mb="0" cb="2"/><line nr="82" mi="0" ci="11" mb="0" cb="0"/><line nr="85" mi="0" ci="6" mb="0" cb="0"/><line nr="87" mi="0" ci="7" mb="0" cb="2"/><line nr="89" mi="0" ci="4" mb="0" cb="0"/><line nr="93" mi="0" ci="3" mb="0" cb="0"/><line nr="94" mi="0" ci="4" mb="0" cb="0"/><line nr="95" mi="0" ci="1" mb="0" cb="0"/><line nr="96" mi="0" ci="2" mb="0" cb="0"/><line nr="98" mi="0" ci="4" mb="0" cb="0"/><line nr="99" mi="5" ci="3" mb="0" cb="0"/><line nr="101" mi="0" ci="2" mb="0" cb="0"/><line nr="119" mi="0" ci="4" mb="0" cb="0"/><line nr="121" mi="0" ci="4" mb="0" cb="0"/><line nr="123" mi="0" ci="6" mb="0" cb="0"/><line nr="125" mi="0" ci="2" mb="0" cb="2"/><line nr="127" mi="0" ci="4" mb="0" cb="0"/><line nr="130" mi="0" ci="7" mb="1" cb="1"/><line nr="132" mi="4" ci="0" mb="0" cb="0"/><line nr="135" mi="0" ci="2" mb="0" cb="0"/><line nr="136" mi="0" ci="2" mb="0" cb="0"/><line nr="137" mi="0" ci="3" mb="0" cb="0"/><line nr="138" mi="2" ci="7" mb="1" cb="1"/><line nr="139" mi="0" ci="4" mb="0" cb="0"/><line nr="141" mi="0" ci="3" mb="1" cb="1"/><line nr="143" mi="0" ci="6" mb="0" cb="0"/><line nr="147" mi="5" ci="0" mb="0" cb="0"/><line nr="149" mi="5" ci="3" mb="0" cb="0"/><line nr="151" mi="0" ci="2" mb="0" cb="0"/><line nr="162" mi="0" ci="4" mb="0" cb="0"/><line nr="163" mi="0" ci="6" mb="0" cb="0"/><line nr="165" mi="0" ci="2" mb="1" cb="1"/><line nr="167" mi="0" ci="3" mb="0" cb="0"/><line nr="171" mi="2" ci="0" mb="0" cb="0"/><line nr="182" mi="2" ci="0" mb="0" cb="0"/><line nr="184" mi="9" ci="0" mb="2" cb="0"/><line nr="186" mi="9" ci="0" mb="0" cb="0"/><line nr="189" mi="3" ci="0" mb="0" cb="0"/><line nr="198" mi="0" ci="5" mb="0" cb="0"/><line nr="199" mi="0" ci="7" mb="0" cb="0"/><line nr="200" mi="0" ci="1" mb="0" cb="0"/><line nr="211" mi="0" ci="6" mb="0" cb="0"/><line nr="213" mi="0" ci="4" mb="0" cb="0"/><line nr="217" mi="0" ci="5" mb="0" cb="0"/><line nr="218" mi="0" ci="6" mb="0" cb="0"/><line nr="219" mi="0" ci="6" mb="0" cb="0"/><line nr="220" mi="0" ci="1" mb="0" cb="0"/><line nr="225" mi="3" ci="0" mb="0" cb="0"/><line nr="231" mi="6" ci="0" mb="0" cb="0"/><line nr="237" mi="6" ci="0" mb="0" cb="0"/><line nr="243" mi="5" ci="0" mb="0" cb="0"/><line nr="248" mi="8" ci="0" mb="2" cb="0"/><line nr="250" mi="5" ci="0" mb="0" cb="0"/><line nr="253" mi="2" ci="0" mb="0" cb="0"/><line nr="259" mi="0" ci="5" mb="0" cb="0"/><line nr="264" mi="0" ci="8" mb="0" cb="2"/><line nr="266" mi="0" ci="9" mb="0" cb="0"/><line nr="269" mi="0" ci="2" mb="0" cb="0"/><line nr="278" mi="6" ci="0" mb="0" cb="0"/><line nr="287" mi="14" ci="0" mb="4" cb="0"/><line nr="296" mi="4" ci="0" mb="0" cb="0"/><counter type="INSTRUCTION" missed="105" covered="245"/><counter type="BRANCH" missed="12" covered="14"/><counter type="LINE" missed="17" covered="54"/><counter type="COMPLEXITY" missed="16" covered="15"/><counter type="METHOD" missed="8" covered="10"/><counter type="CLASS" missed="0" covered="3"/></sourcefile><counter type="INSTRUCTION" missed="185" covered="1214"/><counter type="BRANCH" missed="25" covered="75"/><counter type="LINE" missed="36" covered="302"/><counter type="COMPLEXITY" missed="35" covered="110"/><counter type="METHOD" missed="17" covered="78"/><counter type="CLASS" missed="0" covered="13"/></package><package name="dev"><class name="dev/Main2"><method name="&lt;init&gt;" desc="()V" line="17"><counter type="INSTRUCTION" missed="3" covered="0"/><counter type="LINE" missed="1" covered="0"/><counter type="COMPLEXITY" missed="1" covered="0"/><counter type="METHOD" missed="1" covered="0"/></method><method name="main" desc="([Ljava/lang/String;)V" line="26"><counter type="INSTRUCTION" missed="66" covered="0"/><counter type="LINE" missed="15" covered="0"/><counter type="COMPLEXITY" missed="1" covered="0"/><counter type="METHOD" missed="1" covered="0"/></method><method name="action1" desc="(Lcom/mackenziehigh/cascade/CascadeContext;Lcom/mackenziehigh/cascade/CascadeToken;Lcom/mackenziehigh/cascade/CascadeStack;)V" line="54"><counter type="INSTRUCTION" missed="16" covered="0"/><counter type="BRANCH" missed="2" covered="0"/><counter type="LINE" missed="3" covered="0"/><counter type="COMPLEXITY" missed="2" covered="0"/><counter type="METHOD" missed="1" covered="0"/></method><method name="action2" desc="(Lcom/mackenziehigh/cascade/CascadeContext;Lcom/mackenziehigh/cascade/CascadeToken;Lcom/mackenziehigh/cascade/CascadeStack;)V" line="64"><counter type="INSTRUCTION" missed="6" covered="0"/><counter type="LINE" missed="2" covered="0"/><counter type="COMPLEXITY" missed="1" covered="0"/><counter type="METHOD" missed="1" covered="0"/></method><method name="action3" desc="(Lcom/mackenziehigh/cascade/CascadeContext;Lcom/mackenziehigh/cascade/CascadeToken;Lcom/mackenziehigh/cascade/CascadeStack;)V" line="74"><counter type="INSTRUCTION" missed="6" covered="0"/><counter type="LINE" missed="2" covered="0"/><counter type="COMPLEXITY" missed="1" covered="0"/><counter type="METHOD" missed="1" covered="0"/></method><method name="lambda$main$1" desc="(Lcom/mackenziehigh/cascade/CascadeContext;Ljava/lang/Throwable;)V" line="38"><counter type="INSTRUCTION" missed="4" covered="0"/><counter type="LINE" missed="1" covered="0"/><counter type="COMPLEXITY" missed="1" covered="0"/><counter type="METHOD" missed="1" covered="0"/></method><method name="lambda$main$0" desc="(Lcom/mackenziehigh/cascade/CascadeContext;Ljava/lang/Throwable;)V" line="33"><counter type="INSTRUCTION" missed="4" covered="0"/><counter type="LINE" missed="1" covered="0"/><counter type="COMPLEXITY" missed="1" covered="0"/><counter type="METHOD" missed="1" covered="0"/></method><method name="&lt;clinit&gt;" desc="()V" line="19"><counter type="INSTRUCTION" missed="11" covered="0"/><counter type="LINE" missed="3" covered="0"/><counter type="COMPLEXITY" missed="1" covered="0"/><counter type="METHOD" missed="1" covered="0"/></method><counter type="INSTRUCTION" missed="116" covered="0"/><counter type="BRANCH" missed="2" covered="0"/><counter type="LINE" missed="26" covered="0"/><counter type="COMPLEXITY" missed="9" covered="0"/><counter type="METHOD" missed="8" covered="0"/><counter type="CLASS" missed="1" covered="0"/></class><class name="dev/Main1"><method name="&lt;init&gt;" desc="()V" line="17"><counter type="INSTRUCTION" missed="3" covered="0"/><counter type="LINE" missed="1" covered="0"/><counter type="COMPLEXITY" missed="1" covered="0"/><counter type="METHOD" missed="1" covered="0"/></method><method name="main" desc="([Ljava/lang/String;)V" line="22"><counter type="INSTRUCTION" missed="95" covered="0"/><counter type="LINE" missed="16" covered="0"/><counter type="COMPLEXITY" missed="1" covered="0"/><counter type="METHOD" missed="1" covered="0"/></method><method name="action1" desc="(Lcom/mackenziehigh/cascade/CascadeContext;Lcom/mackenziehigh/cascade/CascadeToken;Lcom/mackenziehigh/cascade/CascadeStack;)V" line="49"><counter type="INSTRUCTION" missed="12" covered="0"/><counter type="LINE" missed="2" covered="0"/><counter type="COMPLEXITY" missed="1" covered="0"/><counter type="METHOD" missed="1" covered="0"/></method><method name="lambda$main$0" desc="(Lcom/mackenziehigh/cascade/Cascade;Lcom/mackenziehigh/cascade/CascadeContext;)V" line="27"><counter type="INSTRUCTION" missed="14" covered="0"/><counter type="LINE" missed="1" covered="0"/><counter type="COMPLEXITY" missed="1" covered="0"/><counter type="METHOD" missed="1" covered="0"/></method><counter type="INSTRUCTION" missed="124" covered="0"/><counter type="LINE" missed="19" covered="0"/><counter type="COMPLEXITY" missed="4" covered="0"/><counter type="METHOD" missed="4" covered="0"/><counter type="CLASS" missed="1" covered="0"/></class><sourcefile name="Main1.java"><line nr="17" mi="3" ci="0" mb="0" cb="0"/><line nr="22" mi="2" ci="0" mb="0" cb="0"/><line nr="24" mi="5" ci="0" mb="0" cb="0"/><line nr="26" mi="3" ci="0" mb="0" cb="0"/><line nr="27" mi="20" ci="0" mb="0" cb="0"/><line nr="28" mi="7" ci="0" mb="0" cb="0"/><line nr="29" mi="3" ci="0" mb="0" cb="0"/><line nr="31" mi="6" ci="0" mb="0" cb="0"/><line nr="33" mi="6" ci="0" mb="0" cb="0"/><line nr="34" mi="8" ci="0" mb="0" cb="0"/><line nr="35" mi="8" ci="0" mb="0" cb="0"/><line nr="36" mi="8" ci="0" mb="0" cb="0"/><line nr="37" mi="8" ci="0" mb="0" cb="0"/><line nr="38" mi="8" ci="0" mb="0" cb="0"/><line nr="40" mi="11" ci="0" mb="0" cb="0"/><line nr="42" mi="5" ci="0" mb="0" cb="0"/><line nr="43" mi="1" ci="0" mb="0" cb="0"/><line nr="49" mi="11" ci="0" mb="0" cb="0"/><line nr="50" mi="1" ci="0" mb="0" cb="0"/><counter type="INSTRUCTION" missed="124" covered="0"/><counter type="LINE" missed="19" covered="0"/><counter type="COMPLEXITY" missed="4" covered="0"/><counter type="METHOD" missed="4" covered="0"/><counter type="CLASS" missed="1" covered="0"/></sourcefile><sourcefile name="Main2.java"><line nr="17" mi="3" ci="0" mb="0" cb="0"/><line nr="19" mi="3" ci="0" mb="0" cb="0"/><line nr="21" mi="3" ci="0" mb="0" cb="0"/><line nr="26" mi="2" ci="0" mb="0" cb="0"/><line nr="28" mi="5" ci="0" mb="0" cb="0"/><line nr="30" mi="3" ci="0" mb="0" cb="0"/><line nr="31" mi="6" ci="0" mb="0" cb="0"/><line nr="32" mi="6" ci="0" mb="0" cb="0"/><line nr="33" mi="9" ci="0" mb="0" cb="0"/><line nr="34" mi="3" ci="0" mb="0" cb="0"/><line nr="36" mi="3" ci="0" mb="0" cb="0"/><line nr="37" mi="6" ci="0" mb="0" cb="0"/><line nr="38" mi="9" ci="0" mb="0" cb="0"/><line nr="39" mi="3" ci="0" mb="0" cb="0"/><line nr="41" mi="6" ci="0" mb="0" cb="0"/><line nr="43" mi="7" ci="0" mb="0" cb="0"/><line nr="45" mi="5" ci="0" mb="0" cb="0"/><line nr="46" mi="1" ci="0" mb="0" cb="0"/><line nr="48" mi="5" ci="0" mb="0" cb="0"/><line nr="54" mi="5" ci="0" mb="2" cb="0"/><line nr="56" mi="10" ci="0" mb="0" cb="0"/><line nr="58" mi="1" ci="0" mb="0" cb="0"/><line nr="64" mi="5" ci="0" mb="0" cb="0"/><line nr="65" mi="1" ci="0" mb="0" cb="0"/><line nr="74" mi="5" ci="0" mb="0" cb="0"/><line nr="75" mi="1" ci="0" mb="0" cb="0"/><counter type="INSTRUCTION" missed="116" covered="0"/><counter type="BRANCH" missed="2" covered="0"/><counter type="LINE" missed="26" covered="0"/><counter type="COMPLEXITY" missed="9" covered="0"/><counter type="METHOD" missed="8" covered="0"/><counter type="CLASS" missed="1" covered="0"/></sourcefile><counter type="INSTRUCTION" missed="240" covered="0"/><counter type="BRANCH" missed="2" covered="0"/><counter type="LINE" missed="45" covered="0"/><counter type="COMPLEXITY" missed="13" covered="0"/><counter type="METHOD" missed="12" covered="0"/><counter type="CLASS" missed="2" covered="0"/></package><package name="com/mackenziehigh/cascade"><class name="com/mackenziehigh/cascade/CascadeStack"><method name="&lt;init&gt;" desc="()V" line="37"><counter type="INSTRUCTION" missed="0" covered="24"/><counter type="LINE" missed="0" covered="9"/><counter type="COMPLEXITY" missed="0" covered="1"/><counter type="METHOD" missed="0" covered="1"/></method><method name="&lt;init&gt;" desc="(Lcom/mackenziehigh/cascade/CascadeStack;Ljava/lang/Class;J)V" line="57"><counter type="INSTRUCTION" missed="0" covered="35"/><counter type="LINE" missed="0" covered="9"/><counter type="COMPLEXITY" missed="0" covered="1"/><counter type="METHOD" missed="0" covered="1"/></method><method name="&lt;init&gt;" desc="(Lcom/mackenziehigh/cascade/CascadeStack;Ljava/lang/Object;)V" line="75"><counter type="INSTRUCTION" missed="0" covered="38"/><counter type="LINE" missed="0" covered="9"/><counter type="COMPLEXITY" missed="0" covered="1"/><counter type="METHOD" missed="0" covered="1"/></method><method name="newStack" desc="()Lcom/mackenziehigh/cascade/CascadeStack;" line="92"><counter type="INSTRUCTION" missed="0" covered="2"/><counter type="LINE" missed="0" covered="1"/><counter type="COMPLEXITY" missed="0" covered="1"/><counter type="METHOD" missed="0" covered="1"/></method><method name="size" desc="()I" line="102"><counter type="INSTRUCTION" missed="0" covered="3"/><counter type="LINE" missed="0" covered="1"/><counter type="COMPLEXITY" missed="0" covered="1"/><counter type="METHOD" missed="0" covered="1"/></method><method name="isEmpty" desc="()Z" line="112"><counter type="INSTRUCTION" missed="0" covered="7"/><counter type="BRANCH" missed="0" covered="2"/><counter type="LINE" missed="0" covered="1"/><counter type="COMPLEXITY" missed="0" covered="2"/><counter type="METHOD" missed="0" covered="1"/></method><method name="pushObject" desc="(Ljava/lang/Object;)Lcom/mackenziehigh/cascade/CascadeStack;" line="124"><counter type="INSTRUCTION" missed="5" covered="8"/><counter type="BRANCH" missed="1" covered="1"/><counter type="LINE" missed="1" covered="2"/><counter type="COMPLEXITY" missed="1" covered="1"/><counter type="METHOD" missed="0" covered="1"/></method><method name="pushTop" desc="(Lcom/mackenziehigh/cascade/CascadeStack;)Lcom/mackenziehigh/cascade/CascadeStack;" line="147"><counter type="INSTRUCTION" missed="24" covered="0"/><counter type="BRANCH" missed="4" covered="0"/><counter type="LINE" missed="5" covered="0"/><counter type="COMPLEXITY" missed="3" covered="0"/><counter type="METHOD" missed="1" covered="0"/></method><method name="pushBoolean" desc="(Z)Lcom/mackenziehigh/cascade/CascadeStack;" line="169"><counter type="INSTRUCTION" missed="0" covered="11"/><counter type="BRANCH" missed="0" covered="2"/><counter type="LINE" missed="0" covered="1"/><counter type="COMPLEXITY" missed="0" covered="2"/><counter type="METHOD" missed="0" covered="1"/></method><method name="pushChar" desc="(C)Lcom/mackenziehigh/cascade/CascadeStack;" line="180"><counter type="INSTRUCTION" missed="8" covered="0"/><counter type="LINE" missed="1" covered="0"/><counter type="COMPLEXITY" missed="1" covered="0"/><counter type="METHOD" missed="1" covered="0"/></method><method name="pushByte" desc="(B)Lcom/mackenziehigh/cascade/CascadeStack;" line="191"><counter type="INSTRUCTION" missed="0" covered="8"/><counter type="LINE" missed="0" covered="1"/><counter type="COMPLEXITY" missed="0" covered="1"/><counter type="METHOD" missed="0" covered="1"/></method><method name="pushShort" desc="(S)Lcom/mackenziehigh/cascade/CascadeStack;" line="202"><counter type="INSTRUCTION" missed="0" covered="8"/><counter type="LINE" missed="0" covered="1"/><counter type="COMPLEXITY" missed="0" covered="1"/><counter type="METHOD" missed="0" covered="1"/></method><method name="pushInt" desc="(I)Lcom/mackenziehigh/cascade/CascadeStack;" line="213"><counter type="INSTRUCTION" missed="0" covered="8"/><counter type="LINE" missed="0" covered="1"/><counter type="COMPLEXITY" missed="0" covered="1"/><counter type="METHOD" missed="0" covered="1"/></method><method name="pushLong" desc="(J)Lcom/mackenziehigh/cascade/CascadeStack;" line="224"><counter type="INSTRUCTION" missed="7" covered="0"/><counter type="LINE" missed="1" covered="0"/><counter type="COMPLEXITY" missed="1" covered="0"/><counter type="METHOD" missed="1" covered="0"/></method><method name="pushFloat" desc="(F)Lcom/mackenziehigh/cascade/CascadeStack;" line="235"><counter type="INSTRUCTION" missed="23" covered="0"/><counter type="BRANCH" missed="2" covered="0"/><counter type="LINE" missed="4" covered="0"/><counter type="COMPLEXITY" missed="2" covered="0"/><counter type="METHOD" missed="1" covered="0"/></method><method name="pushDouble" desc="(D)Lcom/mackenziehigh/cascade/CascadeStack;" line="249"><counter type="INSTRUCTION" missed="21" covered="0"/><counter type="BRANCH" missed="2" covered="0"/><counter type="LINE" missed="4" covered="0"/><counter type="COMPLEXITY" missed="2" covered="0"/><counter type="METHOD" missed="1" covered="0"/></method><method name="pop" desc="()Lcom/mackenziehigh/cascade/CascadeStack;" line="263"><counter type="INSTRUCTION" missed="1" covered="10"/><counter type="BRANCH" missed="1" covered="1"/><counter type="LINE" missed="0" covered="2"/><counter type="COMPLEXITY" missed="1" covered="1"/><counter type="METHOD" missed="0" covered="1"/></method><method name="pop" desc="(I)Lcom/mackenziehigh/cascade/CascadeStack;" line="276"><counter type="INSTRUCTION" missed="23" covered="0"/><counter type="BRANCH" missed="4" covered="0"/><counter type="LINE" missed="5" covered="0"/><counter type="COMPLEXITY" missed="3" covered="0"/><counter type="METHOD" missed="1" covered="0"/></method><method name="peekAsBoolean" desc="()Z" line="298"><counter type="INSTRUCTION" missed="73" covered="39"/><counter type="BRANCH" missed="24" covered="12"/><counter type="LINE" missed="12" covered="7"/><counter type="COMPLEXITY" missed="13" covered="6"/><counter type="METHOD" missed="0" covered="1"/></method><method name="peekAsChar" desc="()C" line="350"><counter type="INSTRUCTION" missed="79" covered="41"/><counter type="BRANCH" missed="12" covered="8"/><counter type="LINE" missed="12" covered="7"/><counter type="COMPLEXITY" missed="7" covered="4"/><counter type="METHOD" missed="0" covered="1"/></method><method name="peekAsByte" desc="()B" line="402"><counter type="INSTRUCTION" missed="92" covered="24"/><counter type="BRANCH" missed="14" covered="6"/><counter type="LINE" missed="14" covered="5"/><counter type="COMPLEXITY" missed="8" covered="3"/><counter type="METHOD" missed="0" covered="1"/></method><method name="peekAsShort" desc="()S" line="454"><counter type="INSTRUCTION" missed="78" covered="33"/><counter type="BRANCH" missed="12" covered="8"/><counter type="LINE" missed="12" covered="7"/><counter type="COMPLEXITY" missed="7" covered="4"/><counter type="METHOD" missed="0" covered="1"/></method><method name="peekAsInt" desc="()I" line="506"><counter type="INSTRUCTION" missed="55" covered="39"/><counter type="BRANCH" missed="10" covered="10"/><counter type="LINE" missed="10" covered="9"/><counter type="COMPLEXITY" missed="6" covered="5"/><counter type="METHOD" missed="0" covered="1"/></method><method name="peekAsLong" desc="()J" line="558"><counter type="INSTRUCTION" missed="56" covered="29"/><counter type="BRANCH" missed="12" covered="8"/><counter type="LINE" missed="12" covered="7"/><counter type="COMPLEXITY" missed="7" covered="4"/><counter type="METHOD" missed="0" covered="1"/></method><method name="peekAsFloat" desc="()F" line="610"><counter type="INSTRUCTION" missed="50" covered="31"/><counter type="BRANCH" missed="12" covered="8"/><counter type="LINE" missed="12" covered="7"/><counter type="COMPLEXITY" missed="7" covered="4"/><counter type="METHOD" missed="0" covered="1"/></method><method name="peekAsDouble" desc="()D" line="662"><counter type="INSTRUCTION" missed="50" covered="31"/><counter type="BRANCH" missed="12" covered="8"/><counter type="LINE" missed="12" covered="7"/><counter type="COMPLEXITY" missed="7" covered="4"/><counter type="METHOD" missed="0" covered="1"/></method><method name="peekAsString" desc="()Ljava/lang/String;" line="712"><counter type="INSTRUCTION" missed="46" covered="38"/><counter type="BRANCH" missed="11" covered="9"/><counter type="LINE" missed="11" covered="10"/><counter type="COMPLEXITY" missed="7" covered="4"/><counter type="METHOD" missed="0" covered="1"/></method><method name="peekAsObject" desc="()Ljava/lang/Object;" line="766"><counter type="INSTRUCTION" missed="47" covered="31"/><counter type="BRANCH" missed="11" covered="7"/><counter type="LINE" missed="12" covered="8"/><counter type="COMPLEXITY" missed="7" covered="3"/><counter type="METHOD" missed="0" covered="1"/></method><method name="peekAsObject" desc="(Ljava/lang/Class;)Ljava/lang/Object;" line="819"><counter type="INSTRUCTION" missed="0" covered="13"/><counter type="LINE" missed="0" covered="4"/><counter type="COMPLEXITY" missed="0" covered="1"/><counter type="METHOD" missed="0" covered="1"/></method><method name="hashCode" desc="()I" line="831"><counter type="INSTRUCTION" missed="3" covered="0"/><counter type="LINE" missed="1" covered="0"/><counter type="COMPLEXITY" missed="1" covered="0"/><counter type="METHOD" missed="1" covered="0"/></method><method name="equals" desc="(Ljava/lang/Object;)Z" line="840"><counter type="INSTRUCTION" missed="73" covered="0"/><counter type="BRANCH" missed="20" covered="0"/><counter type="LINE" missed="19" covered="0"/><counter type="COMPLEXITY" missed="11" covered="0"/><counter type="METHOD" missed="1" covered="0"/></method><method name="toString" desc="()Ljava/lang/String;" line="886"><counter type="INSTRUCTION" missed="4" covered="0"/><counter type="LINE" missed="1" covered="0"/><counter type="COMPLEXITY" missed="1" covered="0"/><counter type="METHOD" missed="1" covered="0"/></method><method name="toDeque" desc="()Ljava/util/Deque;" line="896"><counter type="INSTRUCTION" missed="13" covered="0"/><counter type="LINE" missed="3" covered="0"/><counter type="COMPLEXITY" missed="1" covered="0"/><counter type="METHOD" missed="1" covered="0"/></method><method name="forEach" desc="(Ljava/util/function/Consumer;)Lcom/mackenziehigh/cascade/CascadeStack;" line="910"><counter type="INSTRUCTION" missed="11" covered="0"/><counter type="BRANCH" missed="2" covered="0"/><counter type="LINE" missed="4" covered="0"/><counter type="COMPLEXITY" missed="2" covered="0"/><counter type="METHOD" missed="1" covered="0"/></method><method name="iterator" desc="()Ljava/util/Iterator;" line="931"><counter type="INSTRUCTION" missed="8" covered="0"/><counter type="LINE" missed="2" covered="0"/><counter type="COMPLEXITY" missed="1" covered="0"/><counter type="METHOD" missed="1" covered="0"/></method><method name="checkCast" desc="(JJJ)J" line="963"><counter type="INSTRUCTION" missed="4" covered="10"/><counter type="BRANCH" missed="2" covered="2"/><counter type="LINE" missed="1" covered="2"/><counter type="COMPLEXITY" missed="2" covered="1"/><counter type="METHOD" missed="0" covered="1"/></method><method name="checkCast" desc="(DDD)D" line="977"><counter type="INSTRUCTION" missed="2" covered="0"/><counter type="LINE" missed="1" covered="0"/><counter type="COMPLEXITY" missed="1" covered="0"/><counter type="METHOD" missed="1" covered="0"/></method><method name="lambda$toDeque$0" desc="(Ljava/util/Deque;Ljava/lang/Object;)V" line="897"><counter type="INSTRUCTION" missed="4" covered="0"/><counter type="LINE" missed="1" covered="0"/><counter type="COMPLEXITY" missed="1" covered="0"/><counter type="METHOD" missed="1" covered="0"/></method><method name="&lt;clinit&gt;" desc="()V" line="17"><counter type="INSTRUCTION" missed="0" covered="5"/><counter type="LINE" missed="0" covered="1"/><counter type="COMPLEXITY" missed="0" covered="1"/><counter type="METHOD" missed="0" covered="1"/></method><counter type="INSTRUCTION" missed="860" covered="526"/><counter type="BRANCH" missed="168" covered="92"/><counter type="LINE" missed="172" covered="119"/><counter type="COMPLEXITY" missed="111" covered="58"/><counter type="METHOD" missed="14" covered="25"/><counter type="CLASS" missed="0" covered="1"/></class><class name="com/mackenziehigh/cascade/CascadeScript"><method name="&lt;init&gt;" desc="(Lcom/mackenziehigh/cascade/CascadeContext;Ljava/util/concurrent/atomic/AtomicLong;)V" line="65"><counter type="INSTRUCTION" missed="0" covered="38"/><counter type="LINE" missed="0" covered="10"/><counter type="COMPLEXITY" missed="0" covered="1"/><counter type="METHOD" missed="0" covered="1"/></method><method name="onSetup" desc="(Lcom/mackenziehigh/cascade/CascadeContext;)V" line="103"><counter type="INSTRUCTION" missed="5" covered="32"/><counter type="BRANCH" missed="0" covered="2"/><counter type="LINE" missed="0" covered="9"/><counter type="COMPLEXITY" missed="0" covered="2"/><counter type="METHOD" missed="0" covered="1"/></method><method name="onMessage" desc="(Lcom/mackenziehigh/cascade/CascadeContext;Lcom/mackenziehigh/cascade/CascadeToken;Lcom/mackenziehigh/cascade/CascadeStack;)V" line="135"><counter type="INSTRUCTION" missed="5" covered="38"/><counter type="BRANCH" missed="0" covered="2"/><counter type="LINE" missed="0" covered="9"/><counter type="COMPLEXITY" missed="0" covered="2"/><counter type="METHOD" missed="0" covered="1"/></method><method name="onException" desc="(Lcom/mackenziehigh/cascade/CascadeContext;Ljava/lang/Throwable;)V" line="171"><counter type="INSTRUCTION" missed="0" covered="32"/><counter type="BRANCH" missed="0" covered="2"/><counter type="LINE" missed="0" covered="6"/><counter type="COMPLEXITY" missed="0" covered="2"/><counter type="METHOD" missed="0" covered="1"/></method><method name="onClose" desc="(Lcom/mackenziehigh/cascade/CascadeContext;)V" line="191"><counter type="INSTRUCTION" missed="29" covered="39"/><counter type="BRANCH" missed="0" covered="2"/><counter type="LINE" missed="4" covered="10"/><counter type="COMPLEXITY" missed="0" covered="2"/><counter type="METHOD" missed="0" covered="1"/></method><method name="prependToOnSetup" desc="(Lcom/mackenziehigh/cascade/CascadeScript$OnSetupFunction;)Lcom/mackenziehigh/cascade/CascadeScript;" line="229"><counter type="INSTRUCTION" missed="5" covered="29"/><counter type="LINE" missed="0" covered="8"/><counter type="COMPLEXITY" missed="0" covered="1"/><counter type="METHOD" missed="0" covered="1"/></method><method name="appendToOnSetup" desc="(Lcom/mackenziehigh/cascade/CascadeScript$OnSetupFunction;)Lcom/mackenziehigh/cascade/CascadeScript;" line="249"><counter type="INSTRUCTION" missed="5" covered="29"/><counter type="LINE" missed="0" covered="8"/><counter type="COMPLEXITY" missed="0" covered="1"/><counter type="METHOD" missed="0" covered="1"/></method><method name="removeOnSetup" desc="(Lcom/mackenziehigh/cascade/CascadeScript$OnSetupFunction;)Lcom/mackenziehigh/cascade/CascadeScript;" line="268"><counter type="INSTRUCTION" missed="5" covered="26"/><counter type="LINE" missed="0" covered="7"/><counter type="COMPLEXITY" missed="0" covered="1"/><counter type="METHOD" missed="0" covered="1"/></method><method name="prependToOnMessage" desc="(Lcom/mackenziehigh/cascade/CascadeToken;Lcom/mackenziehigh/cascade/CascadeScript$OnMessageFunction;)Lcom/mackenziehigh/cascade/CascadeScript;" line="289"><counter type="INSTRUCTION" missed="5" covered="46"/><counter type="LINE" missed="0" covered="10"/><counter type="COMPLEXITY" missed="0" covered="1"/><counter type="METHOD" missed="0" covered="1"/></method><method name="appendToOnMessage" desc="(Lcom/mackenziehigh/cascade/CascadeToken;Lcom/mackenziehigh/cascade/CascadeScript$OnMessageFunction;)Lcom/mackenziehigh/cascade/CascadeScript;" line="313"><counter type="INSTRUCTION" missed="5" covered="46"/><counter type="LINE" missed="0" covered="10"/><counter type="COMPLEXITY" missed="0" covered="1"/><counter type="METHOD" missed="0" covered="1"/></method><method name="removeOnMessage" desc="(Lcom/mackenziehigh/cascade/CascadeToken;Lcom/mackenziehigh/cascade/CascadeScript$OnMessageFunction;)Lcom/mackenziehigh/cascade/CascadeScript;" line="336"><counter type="INSTRUCTION" missed="5" covered="48"/><counter type="BRANCH" missed="0" covered="2"/><counter type="LINE" missed="0" covered="11"/><counter type="COMPLEXITY" missed="0" covered="2"/><counter type="METHOD" missed="0" covered="1"/></method><method name="prependToOnException" desc="(Lcom/mackenziehigh/cascade/CascadeScript$OnExceptionFunction;)Lcom/mackenziehigh/cascade/CascadeScript;" line="364"><counter type="INSTRUCTION" missed="5" covered="29"/><counter type="LINE" missed="0" covered="8"/><counter type="COMPLEXITY" missed="0" covered="1"/><counter type="METHOD" missed="0" covered="1"/></method><method name="appendToOnException" desc="(Lcom/mackenziehigh/cascade/CascadeScript$OnExceptionFunction;)Lcom/mackenziehigh/cascade/CascadeScript;" line="384"><counter type="INSTRUCTION" missed="5" covered="29"/><counter type="LINE" missed="0" covered="8"/><counter type="COMPLEXITY" missed="0" covered="1"/><counter type="METHOD" missed="0" covered="1"/></method><method name="removeOnException" desc="(Lcom/mackenziehigh/cascade/CascadeScript$OnExceptionFunction;)Lcom/mackenziehigh/cascade/CascadeScript;" line="403"><counter type="INSTRUCTION" missed="5" covered="26"/><counter type="LINE" missed="0" covered="7"/><counter type="COMPLEXITY" missed="0" covered="1"/><counter type="METHOD" missed="0" covered="1"/></method><method name="prependToOnClose" desc="(Lcom/mackenziehigh/cascade/CascadeScript$OnCloseFunction;)Lcom/mackenziehigh/cascade/CascadeScript;" line="422"><counter type="INSTRUCTION" missed="5" covered="29"/><counter type="LINE" missed="0" covered="8"/><counter type="COMPLEXITY" missed="0" covered="1"/><counter type="METHOD" missed="0" covered="1"/></method><method name="appendToOnClose" desc="(Lcom/mackenziehigh/cascade/CascadeScript$OnCloseFunction;)Lcom/mackenziehigh/cascade/CascadeScript;" line="442"><counter type="INSTRUCTION" missed="5" covered="29"/><counter type="LINE" missed="0" covered="8"/><counter type="COMPLEXITY" missed="0" covered="1"/><counter type="METHOD" missed="0" covered="1"/></method><method name="removeOnClose" desc="(Lcom/mackenziehigh/cascade/CascadeScript$OnCloseFunction;)Lcom/mackenziehigh/cascade/CascadeScript;" line="461"><counter type="INSTRUCTION" missed="5" covered="26"/><counter type="LINE" missed="0" covered="7"/><counter type="COMPLEXITY" missed="0" covered="1"/><counter type="METHOD" missed="0" covered="1"/></method><method name="setupScript" desc="()Ljava/util/List;" line="478"><counter type="INSTRUCTION" missed="0" covered="4"/><counter type="LINE" missed="0" covered="1"/><counter type="COMPLEXITY" missed="0" covered="1"/><counter type="METHOD" missed="0" covered="1"/></method><method name="messageScript" desc="()Ljava/util/Map;" line="488"><counter type="INSTRUCTION" missed="0" covered="27"/><counter type="BRANCH" missed="0" covered="2"/><counter type="LINE" missed="0" covered="5"/><counter type="COMPLEXITY" missed="0" covered="2"/><counter type="METHOD" missed="0" covered="1"/></method
[...]
" cb="0"/><line nr="391" mi="5" ci="3" mb="0" cb="0"/><line nr="392" mi="0" ci="2" mb="0" cb="0"/><line nr="403" mi="0" ci="5" mb="0" cb="0"/><line nr="405" mi="0" ci="4" mb="0" cb="0"/><line nr="406" mi="0" ci="4" mb="0" cb="0"/><line nr="407" mi="0" ci="4" mb="0" cb="0"/><line nr="408" mi="0" ci="4" mb="0" cb="0"/><line nr="409" mi="5" ci="3" mb="0" cb="0"/><line nr="410" mi="0" ci="2" mb="0" cb="0"/><line nr="422" mi="0" ci="5" mb="0" cb="0"/><line nr="424" mi="0" ci="4" mb="0" cb="0"/><line nr="425" mi="0" ci="2" mb="0" cb="0"/><line nr="426" mi="0" ci="4" mb="0" cb="0"/><line nr="427" mi="0" ci="5" mb="0" cb="0"/><line nr="428" mi="0" ci="4" mb="0" cb="0"/><line nr="429" mi="5" ci="3" mb="0" cb="0"/><line nr="430" mi="0" ci="2" mb="0" cb="0"/><line nr="442" mi="0" ci="5" mb="0" cb="0"/><line nr="444" mi="0" ci="4" mb="0" cb="0"/><line nr="445" mi="0" ci="2" mb="0" cb="0"/><line nr="446" mi="0" ci="5" mb="0" cb="0"/><line nr="447" mi="0" ci="4" mb="0" cb="0"/><line nr="448" mi="0" ci="4" mb="0" cb="0"/><line nr="449" mi="5" ci="3" mb="0" cb="0"/><line nr="450" mi="0" ci="2" mb="0" cb="0"/><line nr="461" mi="0" ci="5" mb="0" cb="0"/><line nr="463" mi="0" ci="4" mb="0" cb="0"/><line nr="464" mi="0" ci="4" mb="0" cb="0"/><line nr="465" mi="0" ci="4" mb="0" cb="0"/><line nr="466" mi="0" ci="4" mb="0" cb="0"/><line nr="467" mi="5" ci="3" mb="0" cb="0"/><line nr="468" mi="0" ci="2" mb="0" cb="0"/><line nr="478" mi="0" ci="4" mb="0" cb="0"/><line nr="488" mi="0" ci="2" mb="0" cb="0"/><line nr="490" mi="0" ci="12" mb="0" cb="2"/><line nr="492" mi="0" ci="9" mb="0" cb="0"/><line nr="493" mi="0" ci="1" mb="0" cb="0"/><line nr="495" mi="0" ci="3" mb="0" cb="0"/><line nr="505" mi="0" ci="4" mb="0" cb="0"/><line nr="515" mi="0" ci="4" mb="0" cb="0"/><line nr="523" mi="0" ci="4" mb="0" cb="0"/><line nr="524" mi="0" ci="3" mb="0" cb="0"/><line nr="525" mi="0" ci="4" mb="0" cb="0"/><line nr="527" mi="0" ci="1" mb="0" cb="0"/><line nr="531" mi="0" ci="4" mb="0" cb="0"/><line nr="532" mi="0" ci="3" mb="0" cb="0"/><line nr="533" mi="4" ci="0" mb="0" cb="0"/><line nr="535" mi="0" ci="1" mb="0" cb="0"/><line nr="539" mi="0" ci="4" mb="0" cb="0"/><line nr="540" mi="0" ci="3" mb="0" cb="0"/><line nr="542" mi="1" ci="0" mb="0" cb="0"/><line nr="545" mi="0" ci="1" mb="0" cb="0"/><line nr="546" mi="1" ci="0" mb="0" cb="0"/><line nr="547" mi="0" ci="1" mb="0" cb="0"/><line nr="548" mi="0" ci="1" mb="0" cb="0"/><line nr="552" mi="0" ci="3" mb="1" cb="1"/><line nr="554" mi="0" ci="2" mb="0" cb="0"/><line nr="556" mi="0" ci="1" mb="0" cb="0"/><line nr="560" mi="0" ci="12" mb="0" cb="0"/><line nr="561" mi="0" ci="1" mb="0" cb="0"/><counter type="INSTRUCTION" missed="105" covered="659"/><counter type="BRANCH" missed="1" covered="13"/><counter type="LINE" missed="7" covered="169"/><counter type="COMPLEXITY" missed="1" covered="31"/><counter type="METHOD" missed="0" covered="25"/><counter type="CLASS" missed="0" covered="1"/></sourcefile><sourcefile name="CascadeStack.java"><line nr="17" mi="0" ci="5" mb="0" cb="0"/><line nr="37" mi="0" ci="2" mb="0" cb="0"/><line nr="38" mi="0" ci="3" mb="0" cb="0"/><line nr="39" mi="0" ci="3" mb="0" cb="0"/><line nr="40" mi="0" ci="3" mb="0" cb="0"/><line nr="41" mi="0" ci="3" mb="0" cb="0"/><line nr="42" mi="0" ci="3" mb="0" cb="0"/><line nr="43" mi="0" ci="3" mb="0" cb="0"/><line nr="44" mi="0" ci="3" mb="0" cb="0"/><line nr="45" mi="0" ci="1" mb="0" cb="0"/><line nr="57" mi="0" ci="2" mb="0" cb="0"/><line nr="58" mi="0" ci="3" mb="0" cb="0"/><line nr="59" mi="0" ci="6" mb="0" cb="0"/><line nr="60" mi="0" ci="3" mb="0" cb="0"/><line nr="61" mi="0" ci="3" mb="0" cb="0"/><line nr="62" mi="0" ci="3" mb="0" cb="0"/><line nr="63" mi="0" ci="11" mb="0" cb="0"/><line nr="64" mi="0" ci="3" mb="0" cb="0"/><line nr="65" mi="0" ci="1" mb="0" cb="0"/><line nr="75" mi="0" ci="2" mb="0" cb="0"/><line nr="76" mi="0" ci="3" mb="0" cb="0"/><line nr="77" mi="0" ci="6" mb="0" cb="0"/><line nr="78" mi="0" ci="3" mb="0" cb="0"/><line nr="79" mi="0" ci="5" mb="0" cb="0"/><line nr="80" mi="0" ci="4" mb="0" cb="0"/><line nr="81" mi="0" ci="11" mb="0" cb="0"/><line nr="82" mi="0" ci="3" mb="0" cb="0"/><line nr="83" mi="0" ci="1" mb="0" cb="0"/><line nr="92" mi="0" ci="2" mb="0" cb="0"/><line nr="102" mi="0" ci="3" mb="0" cb="0"/><line nr="112" mi="0" ci="7" mb="0" cb="2"/><line nr="124" mi="0" ci="2" mb="1" cb="1"/><line nr="126" mi="5" ci="0" mb="0" cb="0"/><line nr="130" mi="0" ci="6" mb="0" cb="0"/><line nr="147" mi="3" ci="0" mb="2" cb="0"/><line nr="149" mi="2" ci="0" mb="0" cb="0"/><line nr="151" mi="3" ci="0" mb="2" cb="0"/><line nr="153" mi="9" ci="0" mb="0" cb="0"/><line nr="157" mi="7" ci="0" mb="0" cb="0"/><line nr="169" mi="0" ci="11" mb="0" cb="2"/><line nr="180" mi="8" ci="0" mb="0" cb="0"/><line nr="191" mi="0" ci="8" mb="0" cb="0"/><line nr="202" mi="0" ci="8" mb="0" cb="0"/><line nr="213" mi="0" ci="8" mb="0" cb="0"/><line nr="224" mi="7" ci="0" mb="0" cb="0"/><line nr="235" mi="4" ci="0" mb="0" cb="0"/><line nr="236" mi="4" ci="0" mb="0" cb="0"/><line nr="237" mi="8" ci="0" mb="2" cb="0"/><line nr="238" mi="7" ci="0" mb="0" cb="0"/><line nr="249" mi="3" ci="0" mb="0" cb="0"/><line nr="250" mi="3" ci="0" mb="0" cb="0"/><line nr="251" mi="8" ci="0" mb="2" cb="0"/><line nr="252" mi="7" ci="0" mb="0" cb="0"/><line nr="263" mi="1" ci="7" mb="1" cb="1"/><line nr="264" mi="0" ci="3" mb="0" cb="0"/><line nr="276" mi="9" ci="0" mb="2" cb="0"/><line nr="278" mi="2" ci="0" mb="0" cb="0"/><line nr="280" mi="7" ci="0" mb="2" cb="0"/><line nr="282" mi="3" ci="0" mb="0" cb="0"/><line nr="285" mi="2" ci="0" mb="0" cb="0"/><line nr="298" mi="0" ci="4" mb="0" cb="2"/><line nr="300" mi="0" ci="9" mb="0" cb="2"/><line nr="302" mi="0" ci="4" mb="1" cb="1"/><line nr="304" mi="7" ci="0" mb="2" cb="0"/><line nr="306" mi="0" ci="4" mb="0" cb="2"/><line nr="308" mi="0" ci="7" mb="0" cb="2"/><line nr="310" mi="0" ci="4" mb="1" cb="1"/><line nr="312" mi="0" ci="7" mb="0" cb="2"/><line nr="314" mi="4" ci="0" mb="2" cb="0"/><line nr="316" mi="7" ci="0" mb="2" cb="0"/><line nr="318" mi="4" ci="0" mb="2" cb="0"/><line nr="320" mi="9" ci="0" mb="2" cb="0"/><line nr="322" mi="4" ci="0" mb="2" cb="0"/><line nr="324" mi="8" ci="0" mb="2" cb="0"/><line nr="326" mi="4" ci="0" mb="2" cb="0"/><line nr="328" mi="8" ci="0" mb="2" cb="0"/><line nr="330" mi="4" ci="0" mb="2" cb="0"/><line nr="332" mi="9" ci="0" mb="2" cb="0"/><line nr="336" mi="5" ci="0" mb="0" cb="0"/><line nr="350" mi="0" ci="4" mb="0" cb="2"/><line nr="352" mi="0" ci="7" mb="0" cb="2"/><line nr="354" mi="0" ci="4" mb="1" cb="1"/><line nr="356" mi="9" ci="0" mb="0" cb="0"/><line nr="358" mi="0" ci="4" mb="0" cb="2"/><line nr="360" mi="0" ci="9" mb="0" cb="0"/><line nr="362" mi="0" ci="4" mb="1" cb="1"/><line nr="364" mi="0" ci="9" mb="0" cb="0"/><line nr="366" mi="4" ci="0" mb="2" cb="0"/><line nr="368" mi="9" ci="0" mb="0" cb="0"/><line nr="370" mi="4" ci="0" mb="2" cb="0"/><line nr="372" mi="9" ci="0" mb="0" cb="0"/><line nr="374" mi="4" ci="0" mb="2" cb="0"/><line nr="376" mi="9" ci="0" mb="0" cb="0"/><line nr="378" mi="4" ci="0" mb="2" cb="0"/><line nr="380" mi="9" ci="0" mb="0" cb="0"/><line nr="382" mi="4" ci="0" mb="2" cb="0"/><line nr="384" mi="9" ci="0" mb="0" cb="0"/><line nr="388" mi="5" ci="0" mb="0" cb="0"/><line nr="402" mi="0" ci="4" mb="0" cb="2"/><line nr="404" mi="0" ci="7" mb="0" cb="2"/><line nr="406" mi="0" ci="4" mb="1" cb="1"/><line nr="408" mi="10" ci="0" mb="0" cb="0"/><line nr="410" mi="0" ci="4" mb="1" cb="1"/><line nr="412" mi="0" ci="5" mb="0" cb="0"/><line nr="414" mi="4" ci="0" mb="2" cb="0"/><line nr="416" mi="10" ci="0" mb="0" cb="0"/><line nr="418" mi="4" ci="0" mb="2" cb="0"/><line nr="420" mi="10" ci="0" mb="0" cb="0"/><line nr="422" mi="4" ci="0" mb="2" cb="0"/><line nr="424" mi="9" ci="0" mb="0" cb="0"/><line nr="426" mi="4" ci="0" mb="2" cb="0"/><line nr="428" mi="10" ci="0" mb="0" cb="0"/><line nr="430" mi="4" ci="0" mb="2" cb="0"/><line nr="432" mi="9" ci="0" mb="0" cb="0"/><line nr="434" mi="4" ci="0" mb="2" cb="0"/><line nr="436" mi="5" ci="0" mb="0" cb="0"/><line nr="440" mi="5" ci="0" mb="0" cb="0"/><line nr="454" mi="0" ci="4" mb="0" cb="2"/><line nr="456" mi="0" ci="7" mb="0" cb="2"/><line nr="458" mi="0" ci="4" mb="1" cb="1"/><line nr="460" mi="10" ci="0" mb="0" cb="0"/><line nr="462" mi="0" ci="4" mb="0" cb="2"/><line nr="464" mi="0" ci="5" mb="0" cb="0"/><line nr="466" mi="0" ci="4" mb="1" cb="1"/><line nr="468" mi="0" ci="5" mb="0" cb="0"/><line nr="470" mi="4" ci="0" mb="2" cb="0"/><line nr="472" mi="10" ci="0" mb="0" cb="0"/><line nr="474" mi="4" ci="0" mb="2" cb="0"/><line nr="476" mi="9" ci="0" mb="0" cb="0"/><line nr="478" mi="4" ci="0" mb="2" cb="0"/><line nr="480" mi="10" ci="0" mb="0" cb="0"/><line nr="482" mi="4" ci="0" mb="2" cb="0"/><line nr="484" mi="9" ci="0" mb="0" cb="0"/><line nr="486" mi="4" ci="0" mb="2" cb="0"/><line nr="488" mi="5" ci="0" mb="0" cb="0"/><line nr="492" mi="5" ci="0" mb="0" cb="0"/><line nr="506" mi="0" ci="4" mb="0" cb="2"/><line nr="508" mi="0" ci="7" mb="0" cb="2"/><line nr="510" mi="0" ci="4" mb="1" cb="1"/><line nr="512" mi="4" ci="0" mb="0" cb="0"/><line nr="514" mi="0" ci="4" mb="0" cb="2"/><line nr="516" mi="0" ci="4" mb="0" cb="0"/><line nr="518" mi="0" ci="4" mb="0" cb="2"/><line nr="520" mi="0" ci="4" mb="0" cb="0"/><line nr="522" mi="0" ci="4" mb="1" cb="1"/><line nr="524" mi="0" ci="4" mb="0" cb="0"/><line nr="526" mi="4" ci="0" mb="2" cb="0"/><line nr="528" mi="8" ci="0" mb="0" cb="0"/><line nr="530" mi="4" ci="0" mb="2" cb="0"/><line nr="532" mi="9" ci="0" mb="0" cb="0"/><line nr="534" mi="4" ci="0" mb="2" cb="0"/><line nr="536" mi="8" ci="0" mb="0" cb="0"/><line nr="538" mi="4" ci="0" mb="2" cb="0"/><line nr="540" mi="5" ci="0" mb="0" cb="0"/><line nr="544" mi="5" ci="0" mb="0" cb="0"/><line nr="558" mi="0" ci="4" mb="0" cb="2"/><line nr="560" mi="0" ci="7" mb="0" cb="2"/><line nr="562" mi="0" ci="4" mb="1" cb="1"/><line nr="564" mi="3" ci="0" mb="0" cb="0"/><line nr="566" mi="0" ci="4" mb="0" cb="2"/><line nr="568" mi="0" ci="3" mb="0" cb="0"/><line nr="570" mi="0" ci="4" mb="1" cb="1"/><line nr="572" mi="0" ci="3" mb="0" cb="0"/><line nr="574" mi="4" ci="0" mb="2" cb="0"/><line nr="576" mi="3" ci="0" mb="0" cb="0"/><line nr="578" mi="4" ci="0" mb="2" cb="0"/><line nr="580" mi="3" ci="0" mb="0" cb="0"/><line nr="582" mi="4" ci="0" mb="2" cb="0"/><line nr="584" mi="9" ci="0" mb="0" cb="0"/><line nr="586" mi="4" ci="0" mb="2" cb="0"/><line nr="588" mi="8" ci="0" mb="0" cb="0"/><line nr="590" mi="4" ci="0" mb="2" cb="0"/><line nr="592" mi="5" ci="0" mb="0" cb="0"/><line nr="596" mi="5" ci="0" mb="0" cb="0"/><line nr="610" mi="0" ci="4" mb="0" cb="2"/><line nr="612" mi="0" ci="7" mb="0" cb="2"/><line nr="614" mi="0" ci="4" mb="1" cb="1"/><line nr="616" mi="4" ci="0" mb="0" cb="0"/><line nr="618" mi="0" ci="4" mb="0" cb="2"/><line nr="620" mi="0" ci="4" mb="0" cb="0"/><line nr="622" mi="0" ci="4" mb="1" cb="1"/><line nr="624" mi="0" ci="4" mb="0" cb="0"/><line nr="626" mi="4" ci="0" mb="2" cb="0"/><line nr="628" mi="4" ci="0" mb="0" cb="0"/><line nr="630" mi="4" ci="0" mb="2" cb="0"/><line nr="632" mi="4" ci="0" mb="0" cb="0"/><line nr="634" mi="4" ci="0" mb="2" cb="0"/><line nr="636" mi="4" ci="0" mb="0" cb="0"/><line nr="638" mi="4" ci="0" mb="2" cb="0"/><line nr="640" mi="4" ci="0" mb="0" cb="0"/><line nr="642" mi="4" ci="0" mb="2" cb="0"/><line nr="644" mi="5" ci="0" mb="0" cb="0"/><line nr="648" mi="5" ci="0" mb="0" cb="0"/><line nr="662" mi="0" ci="4" mb="0" cb="2"/><line nr="664" mi="0" ci="7" mb="0" cb="2"/><line nr="666" mi="0" ci="4" mb="1" cb="1"/><line nr="668" mi="4" ci="0" mb="0" cb="0"/><line nr="670" mi="0" ci="4" mb="0" cb="2"/><line nr="672" mi="0" ci="4" mb="0" cb="0"/><line nr="674" mi="0" ci="4" mb="1" cb="1"/><line nr="676" mi="0" ci="4" mb="0" cb="0"/><line nr="678" mi="4" ci="0" mb="2" cb="0"/><line nr="680" mi="4" ci="0" mb="0" cb="0"/><line nr="682" mi="4" ci="0" mb="2" cb="0"/><line nr="684" mi="4" ci="0" mb="0" cb="0"/><line nr="686" mi="4" ci="0" mb="2" cb="0"/><line nr="688" mi="4" ci="0" mb="0" cb="0"/><line nr="690" mi="4" ci="0" mb="2" cb="0"/><line nr="692" mi="4" ci="0" mb="0" cb="0"/><line nr="694" mi="4" ci="0" mb="2" cb="0"/><line nr="696" mi="5" ci="0" mb="0" cb="0"/><line nr="700" mi="5" ci="0" mb="0" cb="0"/><line nr="712" mi="0" ci="3" mb="1" cb="1"/><line nr="714" mi="2" ci="0" mb="0" cb="0"/><line nr="716" mi="0" ci="3" mb="0" cb="2"/><line nr="718" mi="0" ci="4" mb="0" cb="0"/><line nr="720" mi="0" ci="4" mb="0" cb="2"/><line nr="722" mi="0" ci="4" mb="0" cb="0"/><line nr="724" mi="0" ci="4" mb="1" cb="1"/><line nr="726" mi="8" ci="0" mb="0" cb="0"/><line nr="728" mi="0" ci="4" mb="0" cb="2"/><line nr="730" mi="0" ci="4" mb="0" cb="0"/><line nr="732" mi="0" ci="4" mb="1" cb="1"/><line nr="734" mi="0" ci="4" mb="0" cb="0"/><line nr="736" mi="4" ci="0" mb="2" cb="0"/><line nr="738" mi="4" ci="0" mb="0" cb="0"/><line nr="740" mi="4" ci="0" mb="2" cb="0"/><line nr="742" mi="4" ci="0" mb="0" cb="0"/><line nr="744" mi="4" ci="0" mb="2" cb="0"/><line nr="746" mi="4" ci="0" mb="0" cb="0"/><line nr="748" mi="4" ci="0" mb="2" cb="0"/><line nr="750" mi="4" ci="0" mb="0" cb="0"/><line nr="754" mi="4" ci="0" mb="0" cb="0"/><line nr="766" mi="0" ci="3" mb="1" cb="1"/><line nr="768" mi="3" ci="0" mb="0" cb="0"/><line nr="770" mi="0" ci="4" mb="0" cb="2"/><line nr="772" mi="0" ci="4" mb="0" cb="0"/><line nr="774" mi="0" ci="4" mb="1" cb="1"/><line nr="776" mi="4" ci="0" mb="0" cb="0"/><line nr="778" mi="0" ci="4" mb="0" cb="2"/><line nr="780" mi="0" ci="4" mb="0" cb="0"/><line nr="782" mi="0" ci="4" mb="1" cb="1"/><line nr="784" mi="0" ci="4" mb="0" cb="0"/><line nr="786" mi="4" ci="0" mb="2" cb="0"/><line nr="788" mi="4" ci="0" mb="0" cb="0"/><line nr="790" mi="4" ci="0" mb="2" cb="0"/><line nr="792" mi="4" ci="0" mb="0" cb="0"/><line nr="794" mi="4" ci="0" mb="2" cb="0"/><line nr="796" mi="4" ci="0" mb="0" cb="0"/><line nr="798" mi="4" ci="0" mb="2" cb="0"/><line nr="800" mi="4" ci="0" mb="0" cb="0"/><line nr="804" mi="3" ci="0" mb="0" cb="0"/><line nr="805" mi="5" ci="0" mb="0" cb="0"/><line nr="819" mi="0" ci="4" mb="0" cb="0"/><line nr="820" mi="0" ci="3" mb="0" cb="0"/><line nr="821" mi="0" ci="4" mb="0" cb="0"/><line nr="822" mi="0" ci="2" mb="0" cb="0"/><line nr="831" mi="3" ci="0" mb="0" cb="0"/><line nr="840" mi="3" ci="0" mb="2" cb="0"/><line nr="842" mi="2" ci="0" mb="0" cb="0"/><line nr="844" mi="2" ci="0" mb="2" cb="0"/><line nr="846" mi="2" ci="0" mb="0" cb="0"/><line nr="848" mi="5" ci="0" mb="2" cb="0"/><line nr="850" mi="2" ci="0" mb="0" cb="0"/><line nr="853" mi="3" ci="0" mb="0" cb="0"/><line nr="855" mi="5" ci="0" mb="2" cb="0"/><line nr="857" mi="2" ci="0" mb="0" cb="0"/><line nr="859" mi="5" ci="0" mb="2" cb="0"/><line nr="861" mi="2" ci="0" mb="0" cb="0"/><line nr="864" mi="2" ci="0" mb="0" cb="0"/><line nr="865" mi="2" ci="0" mb="0" cb="0"/><line nr="867" mi="18" ci="0" mb="6" cb="0"/><line nr="870" mi="6" ci="0" mb="2" cb="0"/><line nr="871" mi="2" ci="0" mb="2" cb="0"/><line nr="873" mi="3" ci="0" mb="0" cb="0"/><line nr="874" mi="4" ci="0" mb="0" cb="0"/><line nr="877" mi="3" ci="0" mb="0" cb="0"/><line nr="886" mi="4" ci="0" mb="0" cb="0"/><line nr="896" mi="6" ci="0" mb="0" cb="0"/><line nr="897" mi="9" ci="0" mb="0" cb="0"/><line nr="898" mi="2" ci="0" mb="0" cb="0"/><line nr="910" mi="2" ci="0" mb="0" cb="0"/><line nr="912" mi="3" ci="0" mb="2" cb="0"/><line nr="914" mi="4" ci="0" mb="0" cb="0"/><line nr="917" mi="2" ci="0" mb="0" cb="0"/><line nr="931" mi="2" ci="0" mb="0" cb="0"/><line nr="933" mi="6" ci="0" mb="0" cb="0"/><line nr="934" mi="8" ci="0" mb="0" cb="0"/><line nr="935" mi="5" ci="0" mb="0" cb="0"/><line nr="940" mi="8" ci="0" mb="2" cb="0"/><line nr="946" mi="4" ci="0" mb="0" cb="0"/><line nr="947" mi="5" ci="0" mb="0" cb="0"/><line nr="948" mi="2" ci="0" mb="0" cb="0"/><line nr="954" mi="5" ci="0" mb="0" cb="0"/><line nr="963" mi="0" ci="8" mb="2" cb="2"/><line nr="965" mi="4" ci="0" mb="0" cb="0"/><line nr="969" mi="0" ci="2" mb="0" cb="0"/><line nr="977" mi="2" ci="0" mb="0" cb="0"/><counter type="INSTRUCTION" missed="897" covered="526"/><counter type="BRANCH" missed="170" covered="92"/><counter type="LINE" missed="179" covered="119"/><counter type="COMPLEXITY" missed="116" covered="58"/><counter type="METHOD" missed="18" covered="25"/><counter type="CLASS" missed="1" covered="1"/></sourcefile><sourcefile name="CascadeContext.java"><line nr="18" mi="0" ci="4" mb="0" cb="0"/><line nr="28" mi="0" ci="4" mb="0" cb="0"/><line nr="45" mi="0" ci="4" mb="0" cb="0"/><line nr="63" mi="0" ci="5" mb="0" cb="0"/><line nr="65" mi="0" ci="3" mb="1" cb="1"/><line nr="67" mi="0" ci="6" mb="0" cb="0"/><line nr="70" mi="0" ci="2" mb="0" cb="0"/><counter type="INSTRUCTION" missed="0" covered="28"/><counter type="BRANCH" missed="1" covered="1"/><counter type="LINE" missed="0" covered="7"/><counter type="COMPLEXITY" missed="1" covered="4"/><counter type="METHOD" missed="0" covered="4"/><counter type="CLASS" missed="0" covered="1"/></sourcefile><sourcefile name="CascadeStage.java"><line nr="29" mi="0" ci="3" mb="0" cb="0"/><line nr="31" mi="0" ci="5" mb="0" cb="0"/><line nr="33" mi="0" ci="3" mb="0" cb="0"/><line nr="37" mi="0" ci="5" mb="0" cb="0"/><line nr="39" mi="0" ci="6" mb="0" cb="0"/><line nr="49" mi="0" ci="2" mb="0" cb="0"/><line nr="50" mi="0" ci="6" mb="0" cb="0"/><line nr="51" mi="0" ci="6" mb="0" cb="0"/><line nr="52" mi="0" ci="6" mb="0" cb="0"/><line nr="53" mi="0" ci="6" mb="0" cb="0"/><line nr="55" mi="0" ci="1" mb="0" cb="0"/><line nr="57" mi="0" ci="5" mb="0" cb="0"/><line nr="66" mi="3" ci="0" mb="0" cb="0"/><line nr="77" mi="6" ci="0" mb="0" cb="0"/><line nr="78" mi="2" ci="0" mb="0" cb="0"/><line nr="92" mi="3" ci="0" mb="0" cb="0"/><line nr="102" mi="3" ci="0" mb="0" cb="0"/><line nr="112" mi="0" ci="3" mb="0" cb="0"/><line nr="122" mi="0" ci="4" mb="0" cb="0"/><line nr="132" mi="0" ci="3" mb="1" cb="1"/><line nr="134" mi="5" ci="0" mb="0" cb="0"/><line nr="140" mi="0" ci="11" mb="0" cb="0"/><line nr="143" mi="0" ci="4" mb="0" cb="0"/><line nr="144" mi="0" ci="5" mb="0" cb="0"/><line nr="145" mi="0" ci="2" mb="0" cb="0"/><line nr="166" mi="3" ci="0" mb="0" cb="0"/><line nr="167" mi="6" ci="0" mb="0" cb="0"/><line nr="168" mi="2" ci="0" mb="0" cb="0"/><line nr="185" mi="4" ci="0" mb="0" cb="0"/><line nr="195" mi="8" ci="0" mb="2" cb="0"/><line nr="205" mi="2" ci="7" mb="1" cb="1"/><line nr="215" mi="2" ci="7" mb="1" cb="1"/><line nr="226" mi="4" ci="0" mb="0" cb="0"/><line nr="227" mi="11" ci="0" mb="2" cb="0"/><line nr="229" mi="3" ci="0" mb="0" cb="0"/><line nr="230" mi="1" ci="0" mb="0" cb="0"/><line nr="231" mi="2" ci="0" mb="0" cb="0"/><line nr="244" mi="7" ci="0" mb="0" cb="0"/><line nr="245" mi="2" ci="0" mb="0" cb="0"/><line nr="250" mi="0" ci="5" mb="0" cb="0"/><line nr="252" mi="0" ci="7" mb="2" cb="2"/><line nr="254" mi="4" ci="0" mb="0" cb="0"/><line nr="255" mi="4" ci="0" mb="0" cb="0"/><line nr="256" mi="3" ci="0" mb="0" cb="0"/><line nr="258" mi="0" ci="1" mb="0" cb="0"/><counter type="INSTRUCTION" missed="90" covered="113"/><counter type="BRANCH" missed="9" covered="5"/><counter type="LINE" missed="21" covered="24"/><counter type="COMPLEXITY" missed="16" covered="8"/><counter type="METHOD" missed="9" covered="8"/><counter type="CLASS" missed="0" covered="1"/></sourcefile><counter type="INSTRUCTION" missed="1714" covered="2563"/><counter type="BRANCH" missed="247" covered="183"/><counter type="LINE" missed="310" covered="562"/><counter type="COMPLEXITY" missed="224" covered="191"/><counter type="METHOD" missed="69" covered="131"/><counter type="CLASS" missed="2" covered="9"/></package><counter type="INSTRUCTION" missed="2139" covered="3777"/><counter type="BRANCH" missed="274" covered="258"/><counter type="LINE" missed="391" covered="864"/><counter type="COMPLEXITY" missed="272" covered="301"/><counter type="METHOD" missed="98" covered="209"/><counter type="CLASS" missed="4" covered="22"/></report>