<?xml version="1.0" encoding="UTF-8" standalone="yes"?><!DOCTYPE report PUBLIC "-//JACOCO//DTD Report 1.0//EN" "report.dtd"><report name="JaCoCoverage analysis (powered by JaCoCo from EclEmma)"><sessioninfo id="caprica-c0f809b2" start="1535351637784" dump="1535351638736"/><package name="com/mackenziehigh/cascade"><class name="com/mackenziehigh/cascade/Cascade$AbstractStage$InternalActor"><method name="&lt;init&gt;" desc="(Lcom/mackenziehigh/cascade/Cascade$AbstractStage;Lcom/mackenziehigh/cascade/Cascade$AbstractStage$ActorBuilder;)V" line="544"><counter type="INSTRUCTION" missed="0" covered="54"/><counter type="LINE" missed="0" covered="11"/><counter type="COMPLEXITY" missed="0" covered="1"/><counter type="METHOD" missed="0" covered="1"/></method><method name="run" desc="()V" line="571"><counter type="INSTRUCTION" missed="45" covered="25"/><counter type="BRANCH" missed="5" covered="3"/><counter type="LINE" missed="4" covered="6"/><counter type="COMPLEXITY" missed="3" covered="2"/><counter type="METHOD" missed="0" covered="1"/></method><method name="processMessage" desc="()V" line="598"><counter type="INSTRUCTION" missed="0" covered="33"/><counter type="BRANCH" missed="1" covered="3"/><counter type="LINE" missed="0" covered="8"/><counter type="COMPLEXITY" missed="1" covered="2"/><counter type="METHOD" missed="0" covered="1"/></method><method name="submit" desc="()V" line="615"><counter type="INSTRUCTION" missed="0" covered="12"/><counter type="BRANCH" missed="0" covered="2"/><counter type="LINE" missed="0" covered="3"/><counter type="COMPLEXITY" missed="0" covered="2"/><counter type="METHOD" missed="0" covered="1"/></method><method name="stage" desc="()Lcom/mackenziehigh/cascade/Cascade$Stage;" line="624"><counter type="INSTRUCTION" missed="0" covered="4"/><counter type="LINE" missed="0" covered="1"/><counter type="COMPLEXITY" missed="0" covered="1"/><counter type="METHOD" missed="0" covered="1"/></method><method name="input" desc="()Lcom/mackenziehigh/cascade/Cascade$Stage$Actor$Input;" line="630"><counter type="INSTRUCTION" missed="0" covered="3"/><counter type="LINE" missed="0" covered="1"/><counter type="COMPLEXITY" missed="0" covered="1"/><counter type="METHOD" missed="0" covered="1"/></method><method name="output" desc="()Lcom/mackenziehigh/cascade/Cascade$Stage$Actor$Output;" line="636"><counter type="INSTRUCTION" missed="0" covered="3"/><counter type="LINE" missed="0" covered="1"/><counter type="COMPLEXITY" missed="0" covered="1"/><counter type="METHOD" missed="0" covered="1"/></method><method name="accept" desc="(Ljava/lang/Object;)V" line="642"><counter type="INSTRUCTION" missed="0" covered="6"/><counter type="LINE" missed="0" covered="2"/><counter type="COMPLEXITY" missed="0" covered="1"/><counter type="METHOD" missed="0" covered="1"/></method><counter type="INSTRUCTION" missed="45" covered="140"/><counter type="BRANCH" missed="6" covered="8"/><counter type="LINE" missed="4" covered="33"/><counter type="COMPLEXITY" missed="4" covered="11"/><counter type="METHOD" missed="0" covered="8"/><counter type="CLASS" missed="0" covered="1"/></class><class name="com/mackenziehigh/cascade/Cascade"><method name="newStage" desc="()Lcom/mackenziehigh/cascade/Cascade$Stage;" line="843"><counter type="INSTRUCTION" missed="5" covered="0"/><counter type="LINE" missed="2" covered="0"/><counter type="COMPLEXITY" missed="1" covered="0"/><counter type="METHOD" missed="1" covered="0"/></method><method name="newStage" desc="(I)Lcom/mackenziehigh/cascade/Cascade$Stage;" line="855"><counter type="INSTRUCTION" missed="6" covered="0"/><counter type="LINE" missed="2" covered="0"/><counter type="COMPLEXITY" missed="1" covered="0"/><counter type="METHOD" missed="1" covered="0"/></method><method name="newExecutorStage" desc="(Ljava/util/concurrent/ExecutorService;)Lcom/mackenziehigh/cascade/Cascade$Stage;" line="867"><counter type="INSTRUCTION" missed="5" covered="0"/><counter type="LINE" missed="1" covered="0"/><counter type="COMPLEXITY" missed="1" covered="0"/><counter type="METHOD" missed="1" covered="0"/></method><method name="newPooledStage" desc="(Ljava/util/concurrent/ThreadFactory;ILjava/util/concurrent/BlockingQueue;)Lcom/mackenziehigh/cascade/Cascade$Stage;" line="895"><counter type="INSTRUCTION" missed="28" covered="0"/><counter type="BRANCH" missed="2" covered="0"/><counter type="LINE" missed="6" covered="0"/><counter type="COMPLEXITY" missed="2" covered="0"/><counter type="METHOD" missed="1" covered="0"/></method><method name="lambda$newPooledStage$0" desc="(Ljava/util/concurrent/atomic/AtomicBoolean;Ljava/util/concurrent/BlockingQueue;)V" line="899"><counter type="INSTRUCTION" missed="17" covered="0"/><counter type="BRANCH" missed="4" covered="0"/><counter type="LINE" missed="7" covered="0"/><counter type="COMPLEXITY" missed="3" covered="0"/><counter type="METHOD" missed="1" covered="0"/></method><counter type="INSTRUCTION" missed="61" covered="0"/><counter type="BRANCH" missed="6" covered="0"/><counter type="LINE" missed="18" covered="0"/><counter type="COMPLEXITY" missed="8" covered="0"/><counter type="METHOD" missed="5" covered="0"/><counter type="CLASS" missed="1" covered="0"/></class><class name="com/mackenziehigh/cascade/Cascade$AbstractStage"><method name="&lt;init&gt;" desc="()V" line="330"><counter type="INSTRUCTION" missed="0" covered="20"/><counter type="LINE" missed="0" covered="5"/><counter type="COMPLEXITY" missed="0" covered="1"/><counter type="METHOD" missed="0" covered="1"/></method><method name="newActor" desc="()Lcom/mackenziehigh/cascade/Cascade$Stage$Actor$Builder;" line="373"><counter type="INSTRUCTION" missed="5" covered="15"/><counter type="LINE" missed="1" covered="3"/><counter type="COMPLEXITY" missed="0" covered="1"/><counter type="METHOD" missed="0" covered="1"/></method><method name="setErrorHandler" desc="(Ljava/util/function/Consumer;)Lcom/mackenziehigh/cascade/Cascade$Stage;" line="386"><counter type="INSTRUCTION" missed="26" covered="0"/><counter type="LINE" missed="7" covered="0"/><counter type="COMPLEXITY" missed="1" covered="0"/><counter type="METHOD" missed="1" covered="0"/></method><method name="close" desc="()V" line="414"><counter type="INSTRUCTION" missed="5" covered="17"/><counter type="BRANCH" missed="1" covered="1"/><counter type="LINE" missed="0" covered="5"/><counter type="COMPLEXITY" missed="1" covered="1"/><counter type="METHOD" missed="0" covered="1"/></method><method name="requireOpenStage" desc="()V" line="425"><counter type="INSTRUCTION" missed="1" covered="11"/><counter type="BRANCH" missed="1" covered="1"/><counter type="LINE" missed="0" covered="2"/><counter type="COMPLEXITY" missed="1" covered="1"/><counter type="METHOD" missed="0" covered="1"/></method><method name="newImmutableList" desc="(Ljava/util/Collection;)Ljava/util/List;" line="813"><counter type="INSTRUCTION" missed="0" covered="6"/><counter type="LINE" missed="0" covered="1"/><counter type="COMPLEXITY" missed="0" covered="1"/><counter type="METHOD" missed="0" covered="1"/></method><method name="newImmutableSet" desc="(Ljava/util/Collection;)Ljava/util/Set;" line="818"><counter type="INSTRUCTION" missed="0" covered="6"/><counter type="LINE" missed="0" covered="1"/><counter type="COMPLEXITY" missed="0" covered="1"/><counter type="METHOD" missed="0" covered="1"/></method><method name="checkState" desc="(ZLjava/lang/String;[Ljava/lang/Object;)V" line="825"><counter type="INSTRUCTION" missed="9" covered="3"/><counter type="BRANCH" missed="1" covered="1"/><counter type="LINE" missed="2" covered="2"/><counter type="COMPLEXITY" missed="1" covered="1"/><counter type="METHOD" missed="0" covered="1"/></method><method name="lambda$setErrorHandler$1" desc="(Ljava/util/function/Consumer;Ljava/lang/Throwable;)V" line="392"><counter type="INSTRUCTION" missed="6" covered="0"/><counter type="LINE" missed="4" covered="0"/><counter type="COMPLEXITY" missed="1" covered="0"/><counter type="METHOD" missed="1" covered="0"/></method><method name="lambda$new$0" desc="(Ljava/lang/Throwable;)V" line="341"><counter type="INSTRUCTION" missed="4" covered="0"/><counter type="LINE" missed="2" covered="0"/><counter type="COMPLEXITY" missed="1" covered="0"/><counter type="METHOD" missed="1" covered="0"/></method><counter type="INSTRUCTION" missed="56" covered="78"/><counter type="BRANCH" missed="3" covered="3"/><counter type="LINE" missed="16" covered="19"/><counter type="COMPLEXITY" missed="6" covered="7"/><counter type="METHOD" missed="3" covered="7"/><counter type="CLASS" missed="0" covered="1"/></class><class name="com/mackenziehigh/cascade/Cascade$Stage$Actor$Builder"><method name="withScript" desc="(Lcom/mackenziehigh/cascade/Cascade$Stage$Actor$ConsumerScript;)Lcom/mackenziehigh/cascade/Cascade$Stage$Actor$Builder;" line="71"><counter type="INSTRUCTION" missed="5" covered="0"/><counter type="LINE" missed="1" covered="0"/><counter type="COMPLEXITY" missed="1" covered="0"/><counter type="METHOD" missed="1" covered="0"/></method><method name="withConcurrentInflowQueue" desc="()Lcom/mackenziehigh/cascade/Cascade$Stage$Actor$Builder;" line="105"><counter type="INSTRUCTION" missed="0" covered="6"/><counter type="LINE" missed="0" covered="1"/><counter type="COMPLEXITY" missed="0" covered="1"/><counter type="METHOD" missed="0" covered="1"/></method><method name="withLinkedInflowQueue" desc="()Lcom/mackenziehigh/cascade/Cascade$Stage$Actor$Builder;" line="115"><counter type="INSTRUCTION" missed="0" covered="6"/><counter type="LINE" missed="0" covered="1"/><counter type="COMPLEXITY" missed="0" covered="1"/><counter type="METHOD" missed="0" covered="1"/></method><method name="withLinkedInflowQueue" desc="(I)Lcom/mackenziehigh/cascade/Cascade$Stage$Actor$Builder;" line="126"><counter type="INSTRUCTION" missed="0" covered="7"/><counter type="LINE" missed="0" covered="1"/><counter type="COMPLEXITY" missed="0" covered="1"/><counter type="METHOD" missed="0" covered="1"/></method><method name="withArrayInflowQueue" desc="(I)Lcom/mackenziehigh/cascade/Cascade$Stage$Actor$Builder;" line="137"><counter type="INSTRUCTION" missed="0" covered="7"/><counter type="LINE" missed="0" covered="1"/><counter type="COMPLEXITY" missed="0" covered="1"/><counter type="METHOD" missed="0" covered="1"/></method><method name="lambda$withScript$0" desc="(Lcom/mackenziehigh/cascade/Cascade$Stage$Actor$ConsumerScript;Ljava/lang/Object;)Ljava/lang/Object;" line="73"><counter type="INSTRUCTION" missed="5" covered="0"/><counter type="LINE" missed="2" covered="0"/><counter type="COMPLEXITY" missed="1" covered="0"/><counter type="METHOD" missed="1" covered="0"/></method><counter type="INSTRUCTION" missed="10" covered="26"/><counter type="LINE" missed="3" covered="4"/><counter type="COMPLEXITY" missed="2" covered="4"/><counter type="METHOD" missed="2" covered="4"/><counter type="CLASS" missed="0" covered="1"/></class><class name="com/mackenziehigh/cascade/Cascade$AbstractStage$InternalActor$InternalInput"><method name="&lt;init&gt;" desc="(Lcom/mackenziehigh/cascade/Cascade$AbstractStage$InternalActor;)V" line="645"><counter type="INSTRUCTION" missed="0" covered="15"/><counter type="LINE" missed="0" covered="3"/><counter type="COMPLEXITY" missed="0" covered="1"/><counter type="METHOD" missed="0" covered="1"/></method><method name="actor" desc="()Lcom/mackenziehigh/cascade/Cascade$Stage$Actor;" line="655"><counter type="INSTRUCTION" missed="0" covered="4"/><counter type="LINE" missed="0" covered="1"/><counter type="COMPLEXITY" missed="0" covered="1"/><counter type="METHOD" missed="0" covered="1"/></method><method name="connect" desc="(Lcom/mackenziehigh/cascade/Cascade$Stage$Actor$Output;)Lcom/mackenziehigh/cascade/Cascade$Stage$Actor$Input;" line="665"><counter type="INSTRUCTION" missed="5" covered="37"/><counter type="BRANCH" missed="0" covered="2"/><counter type="LINE" missed="0" covered="9"/><counter type="COMPLEXITY" missed="0" covered="2"/><counter type="METHOD" missed="0" covered="1"/></method><method name="disconnect" desc="(Lcom/mackenziehigh/cascade/Cascade$Stage$Actor$Output;)Lcom/mackenziehigh/cascade/Cascade$Stage$Actor$Input;" line="693"><counter type="INSTRUCTION" missed="5" covered="38"/><counter type="BRANCH" missed="0" covered="2"/><counter type="LINE" missed="0" covered="10"/><counter type="COMPLEXITY" missed="0" covered="2"/><counter type="METHOD" missed="0" covered="1"/></method><method name="connections" desc="()Ljava/util/Set;" line="717"><counter type="INSTRUCTION" missed="0" covered="3"/><counter type="LINE" missed="0" covered="1"/><counter type="COMPLEXITY" missed="0" covered="1"/><counter type="METHOD" missed="0" covered="1"/></method><method name="send" desc="(Ljava/lang/Object;)Lcom/mackenziehigh/cascade/Cascade$Stage$Actor$Input;" line="723"><counter type="INSTRUCTION" missed="0" covered="16"/><counter type="LINE" missed="0" covered="4"/><counter type="COMPLEXITY" missed="0" covered="1"/><counter type="METHOD" missed="0" covered="1"/></method><counter type="INSTRUCTION" missed="10" covered="113"/><counter type="BRANCH" missed="0" covered="4"/><counter type="LINE" missed="0" covered="28"/><counter type="COMPLEXITY" missed="0" covered="8"/><counter type="METHOD" missed="0" covered="6"/><counter type="CLASS" missed="0" covered="1"/></class><class name="com/mackenziehigh/cascade/Cascade$AbstractStage$ActorBuilder"><method name="&lt;init&gt;" desc="(Lcom/mackenziehigh/cascade/Cascade$AbstractStage;)V" line="479"><counter type="INSTRUCTION" missed="0" covered="18"/><counter type="LINE" missed="0" covered="5"/><counter type="COMPLEXITY" missed="0" covered="1"/><counter type="METHOD" missed="0" covered="1"/></method><method name="&lt;init&gt;" desc="(Lcom/mackenziehigh/cascade/Cascade$AbstractStage;Ljava/util/Queue;Lcom/mackenziehigh/cascade/Cascade$Stage$Actor$Script;Ljava/util/function/Consumer;)V" line="488"><counter type="INSTRUCTION" missed="0" covered="15"/><counter type="LINE" missed="0" covered="5"/><counter type="COMPLEXITY" missed="0" covered="1"/><counter type="METHOD" missed="0" covered="1"/></method><method name="withScript" desc="(Lcom/mackenziehigh/cascade/Cascade$Stage$Actor$Script;)Lcom/mackenziehigh/cascade/Cascade$Stage$Actor$Builder;" line="497"><counter type="INSTRUCTION" missed="0" covered="15"/><counter type="LINE" missed="0" covered="2"/><counter type="COMPLEXITY" missed="0" covered="1"/><counter type="METHOD" missed="0" covered="1"/></method><method name="withErrorHandler" desc="(Ljava/util/function/Consumer;)Lcom/mackenziehigh/cascade/Cascade$Stage$Actor$Builder;" line="504"><counter type="INSTRUCTION" missed="18" covered="0"/><counter type="LINE" missed="3" covered="0"/><counter type="COMPLEXITY" missed="1" covered="0"/><counter type="METHOD" missed="1" covered="0"/></method><method name="withInflowQueue" desc="(Ljava/util/Queue;)Lcom/mackenziehigh/cascade/Cascade$Stage$Actor$Builder;" line="524"><counter type="INSTRUCTION" missed="0" covered="15"/><counter type="LINE" missed="0" covered="2"/><counter type="COMPLEXITY" missed="0" covered="1"/><counter type="METHOD" missed="0" covered="1"/></method><method name="create" desc="()Lcom/mackenziehigh/cascade/Cascade$Stage$Actor;" line="531"><counter type="INSTRUCTION" missed="5" covered="21"/><counter type="LINE" missed="1" covered="4"/><counter type="COMPLEXITY" missed="0" covered="1"/><counter type="METHOD" missed="0" covered="1"/></method><method name="lambda$withErrorHandler$2" desc="(Ljava/util/function/Consumer;Ljava/lang/Throwable;)V" line="510"><counter type="INSTRUCTION" missed="6" covered="0"/><counter type="LINE" missed="4" covered="0"/><counter type="COMPLEXITY" missed="1" covered="0"/><counter type="METHOD" missed="1" covered="0"/></method><method name="lambda$new$1" desc="(Ljava/lang/Throwable;)V" line="482"><counter type="INSTRUCTION" missed="6" covered="0"/><counter type="LINE" missed="1" covered="0"/><counter type="COMPLEXITY" missed="1" covered="0"/><counter type="METHOD" missed="1" covered="0"/></method><method name="lambda$new$0" desc="(Ljava/lang/Object;)Ljava/lang/Object;" line="481"><counter type="INSTRUCTION" missed="2" covered="0"/><counter type="LINE" missed="1" covered="0"/><counter type="COMPLEXITY" missed="1" covered="0"/><counter type="METHOD" missed="1" covered="0"/></method><counter type="INSTRUCTION" missed="37" covered="84"/><counter type="LINE" missed="8" covered="18"/><counter type="COMPLEXITY" missed="4" covered="5"/><counter type="METHOD" missed="4" covered="5"/><counter type="CLASS" missed="0" covered="1"/></class><class name="com/mackenziehigh/cascade/Cascade$AbstractStage$InternalActor$InternalOutput"><method name="&lt;init&gt;" desc="(Lcom/mackenziehigh/cascade/Cascade$AbstractStage$InternalActor;)V" line="730"><counter type="INSTRUCTION" missed="0" covered="19"/><counter type="LINE" missed="0" covered="4"/><counter type="COMPLEXITY" missed="0" covered="1"/><counter type="METHOD" missed="0" covered="1"/></method><method name="actor" desc="()Lcom/mackenziehigh/cascade/Cascade$Stage$Actor;" line="742"><counter type="INSTRUCTION" missed="0" covered="4"/><counter type="LINE" missed="0" covered="1"/><counter type="COMPLEXITY" missed="0" covered="1"/><counter type="METHOD" missed="0" covered="1"/></method><method name="connect" desc="(Lcom/mackenziehigh/cascade/Cascade$Stage$Actor$Input;)Lcom/mackenziehigh/cascade/Cascade$Stage$Actor$Output;" line="752"><counter type="INSTRUCTION" missed="5" covered="41"/><counter type="BRANCH" missed="0" covered="2"/><counter type="LINE" missed="0" covered="10"/><counter type="COMPLEXITY" missed="0" covered="2"/><counter type="METHOD" missed="0" covered="1"/></method><method name="disconnect" desc="(Lcom/mackenziehigh/cascade/Cascade$Stage$Actor$Input;)Lcom/mackenziehigh/cascade/Cascade$Stage$Actor$Output;" line="781"><counter type="INSTRUCTION" missed="5" covered="42"/><counter type="BRANCH" missed="0" covered="2"/><counter type="LINE" missed="0" covered="11"/><counter type="COMPLEXITY" missed="0" covered="2"/><counter type="METHOD" missed="0" covered="1"/></method><method name="connections" desc="()Ljava/util/Set;" line="806"><counter type="INSTRUCTION" missed="0" covered="3"/><counter type="LINE" missed="0" covered="1"/><counter type="COMPLEXITY" missed="0" covered="1"/><counter type="METHOD" missed="0" covered="1"/></method><counter type="INSTRUCTION" missed="10" covered="109"/><counter type="BRANCH" missed="0" covered="4"/><counter type="LINE" missed="0" covered="27"/><counter type="COMPLEXITY" missed="0" covered="7"/><counter type="METHOD" missed="0" covered="5"/><counter type="CLASS" missed="0" covered="1"/></class><class name="com/mackenziehigh/cascade/Cascade$2"><method name="&lt;init&gt;" desc="(Ljava/util/concurrent/BlockingQueue;Ljava/util/concurrent/atomic/AtomicBoolean;)V" line="927"><counter type="INSTRUCTION" missed="9" covered="0"/><counter type="LINE" missed="1" covered="0"/><counter type="COMPLEXITY" missed="1" covered="0"/><counter type="METHOD" missed="1" covered="0"/></method><method name="onActorSubmit" desc="(Lcom/mackenziehigh/cascade/Cascade$AbstractStage$ActorTask;)V" line="931"><counter type="INSTRUCTION" missed="6" covered="0"/><counter type="LINE" missed="2" covered="0"/><counter type="COMPLEXITY" missed="1" covered="0"/><counter type="METHOD" missed="1" covered="0"/></method><method name="onStageClose" desc="()V" line="937"><counter type="INSTRUCTION" missed="5" covered="0"/><counter type="LINE" missed="2" covered="0"/><counter type="COMPLEXITY" missed="1" covered="0"/><counter type="METHOD" missed="1" covered="0"/></method><counter type="INSTRUCTION" missed="20" covered="0"/><counter type="LINE" missed="5" covered="0"/><counter type="COMPLEXITY" missed="3" covered="0"/><counter type="METHOD" missed="3" covered="0"/><counter type="CLASS" missed="1" covered="0"/></class><class name="com/mackenziehigh/cascade/Cascade$1"><method name="&lt;init&gt;" desc="(Ljava/util/concurrent/ExecutorService;)V" line="868"><counter type="INSTRUCTION" missed="6" covered="0"/><counter type="LINE" missed="1" covered="0"/><counter type="COMPLEXITY" missed="1" covered="0"/><counter type="METHOD" missed="1" covered="0"/></method><method name="onActorSubmit" desc="(Lcom/mackenziehigh/cascade/Cascade$AbstractStage$ActorTask;)V" line="872"><counter type="INSTRUCTION" missed="7" covered="0"/><counter type="LINE" missed="2" covered="0"/><counter type="COMPLEXITY" missed="1" covered="0"/><counter type="METHOD" missed="1" covered="0"/></method><method name="onStageClose" desc="()V" line="878"><counter type="INSTRUCTION" missed="4" covered="0"/><counter type="LINE" missed="2" covered="0"/><counter type="COMPLEXITY" missed="1" covered="0"/><counter type="METHOD" missed="1" covered="0"/></method><method name="lambda$onActorSubmit$0" desc="(Lcom/mackenziehigh/cascade/Cascade$AbstractStage$ActorTask;)V" line="872"><counter type="INSTRUCTION" missed="3" covered="0"/><counter type="LINE" missed="1" covered="0"/><counter type="COMPLEXITY" missed="1" covered="0"/><counter type="METHOD" missed="1" covered="0"/></method><counter type="INSTRUCTION" missed="20" covered="0"/><counter type="LINE" missed="5" covered="0"/><counter type="COMPLEXITY" missed="4" covered="0"/><counter type="METHOD" missed="4" covered="0"/><counter type="CLASS" missed="1" covered="0"/></class><class name="com/mackenziehigh/cascade/Cascade$AbstractStage$ActorTask"><method name="&lt;init&gt;" desc="(Lcom/mackenziehigh/cascade/Cascade$AbstractStage;Lcom/mackenziehigh/cascade/Cascade$AbstractStage$InternalActor;)V" line="444"><counter type="INSTRUCTION" missed="0" covered="9"/><counter type="LINE" missed="0" covered="3"/><counter type="COMPLEXITY" missed="0" covered="1"/><counter type="METHOD" missed="0" covered="1"/></method><method name="actor" desc="()Lcom/mackenziehigh/cascade/Cascade$Stage$Actor;" line="450"><counter type="INSTRUCTION" missed="3" covered="0"/><counter type="LINE" missed="1" covered="0"/><counter type="COMPLEXITY" missed="1" covered="0"/><counter type="METHOD" missed="1" covered="0"/></method><method name="meta" desc="()Ljava/lang/Object;" line="455"><counter type="INSTRUCTION" missed="3" covered="0"/><counter type="LINE" missed="1" covered="0"/><counter type="COMPLEXITY" missed="1" covered="0"/><counter type="METHOD" missed="1" covered="0"/></method><method name="meta" desc="(Ljava/lang/Object;)V" line="460"><counter type="INSTRUCTION" missed="4" covered="0"/><counter type="LINE" missed="2" covered="0"/><counter type="COMPLEXITY" missed="1" covered="0"/><counter type="METHOD" missed="1" covered="0"/></method><method name="crank" desc="()V" line="465"><counter type="INSTRUCTION" missed="0" covered="4"/><counter type="LINE" missed="0" covered="2"/><counter type="COMPLEXITY" missed="0" covered="1"/><counter type="METHOD" missed="0" covered="1"/></method><counter type="INSTRUCTION" missed="10" covered="13"/><counter type="LINE" missed="4" covered="5"/><counter type="COMPLEXITY" missed="3" covered="2"/><counter type="METHOD" missed="3" covered="2"/><counter type="CLASS" missed="0" covered="1"/></class><sourcefile name="Cascade.java"><line nr="71" mi="5" ci="0" mb="0" cb="0"/><line nr="73" mi="3" ci="0" mb="0" cb="0"/><line nr="74" mi="2" ci="0" mb="0" cb="0"/><line nr="105" mi="0" ci="6" mb="0" cb="0"/><line nr="115" mi="0" ci="6" mb="0" cb="0"/><line nr="126" mi="0" ci="7" mb="0" cb="0"/><line nr="137" mi="0" ci="7" mb="0" cb="0"/><line nr="330" mi="0" ci="2" mb="0" cb="0"/><line nr="333" mi="0" ci="3" mb="0" cb="0"/><line nr="335" mi="0" ci="5" mb="0" cb="0"/><line nr="337" mi="0" ci="6" mb="0" cb="0"/><line nr="339" mi="0" ci="4" mb="0" cb="0"/><line nr="341" mi="3" ci="0" mb="0" cb="0"/><line nr="342" mi="1" ci="0" mb="0" cb="0"/><line nr="373" mi="0" ci="5" mb="0" cb="0"/><line nr="375" mi="0" ci="2" mb="0" cb="0"/><line nr="376" mi="0" ci="8" mb="0" cb="0"/><line nr="377" mi="5" ci="0" mb="0" cb="0"/><line nr="386" mi="4" ci="0" mb="0" cb="0"/><line nr="388" mi="3" ci="0" mb="0" cb="0"/><line nr="392" mi="3" ci="0" mb="0" cb="0"/><line nr="394" mi="1" ci="0" mb="0" cb="0"/><line nr="397" mi="1" ci="0" mb="0" cb="0"/><line nr="398" mi="1" ci="0" mb="0" cb="0"/><line nr="400" mi="5" ci="0" mb="0" cb="0"/><line nr="402" mi="2" ci="0" mb="0" cb="0"/><line nr="403" mi="3" ci="0" mb="0" cb="0"/><line nr="404" mi="4" ci="0" mb="0" cb="0"/><line nr="405" mi="5" ci="0" mb="0" cb="0"/><line nr="414" mi="0" ci="5" mb="0" cb="0"/><line nr="416" mi="0" ci="6" mb="1" cb="1"/><line nr="418" mi="0" ci="2" mb="0" cb="0"/><line nr="420" mi="5" ci="3" mb="0" cb="0"/><line nr="421" mi="0" ci="1" mb="0" cb="0"/><line nr="425" mi="1" ci="10" mb="1" cb="1"/><line nr="426" mi="0" ci="1" mb="0" cb="0"/><line nr="444" mi="0" ci="5" mb="0" cb="0"/><line nr="445" mi="0" ci="3" mb="0" cb="0"/><line nr="446" mi="0" ci="1" mb="0" cb="0"/><line nr="450" mi="3" ci="0" mb="0" cb="0"/><line nr="455" mi="3" ci="0" mb="0" cb="0"/><line nr="460" mi="3" ci="0" mb="0" cb="0"/><line nr="461" mi="1" ci="0" mb="0" cb="0"/><line nr="465" mi="0" ci="3" mb="0" cb="0"/><line nr="466" mi="0" ci="1" mb="0" cb="0"/><line nr="479" mi="0" ci="5" mb="0" cb="0"/><line nr="480" mi="0" ci="5" mb="0" cb="0"/><line nr="481" mi="2" ci="3" mb="0" cb="0"/><line nr="482" mi="6" ci="4" mb="0" cb="0"/><line nr="483" mi="0" ci="1" mb="0" cb="0"/><line nr="488" mi="0" ci="5" mb="0" cb="0"/><line nr="489" mi="0" ci="3" mb="0" cb="0"/><line nr="490" mi="0" ci="3" mb="0" cb="0"/><line nr="491" mi="0" ci="3" mb="0" cb="0"/><line nr="492" mi="0" ci="1" mb="0" cb="0"/><line nr="497" mi="0" ci="4" mb="0" cb="0"/><line nr="498" mi="0" ci="11" mb="0" cb="0"/><line nr="504" mi="4" ci="0" mb="0" cb="0"/><line nr="506" mi="3" ci="0" mb="0" cb="0"/><line nr="510" mi="3" ci="0" mb="0" cb="0"/><line nr="512" mi="1" ci="0" mb="0" cb="0"/><line nr="515" mi="1" ci="0" mb="0" cb="0"/><line nr="516" mi="1" ci="0" mb="0" cb="0"/><line nr="518" mi="11" ci="0" mb="0" cb="0"/><line nr="524" mi="0" ci="4" mb="0" cb="0"/><line nr="525" mi="0" ci="11" mb="0" cb="0"/><line nr="531" mi="0" ci="6" mb="0" cb="0"/><line nr="533" mi="0" ci="3" mb="0" cb="0"/><line nr="534" mi="0" ci="8" mb="0" cb="0"/><line nr="535" mi="0" ci="4" mb="0" cb="0"/><line nr="536" mi="5" ci="0" mb="0" cb="0"/><line nr="544" mi="0" ci="3" mb="0" cb="0"/><line nr="552" mi="0" ci="7" mb="0" cb="0"/><line nr="554" mi="0" ci="7" mb="0" cb="0"/><line nr="556" mi="0" ci="9" mb="0" cb="0"/><line nr="558" mi="0" ci="5" mb="0" cb="0"/><line nr="560" mi="0" ci="6" mb="0" cb="0"/><line nr="563" mi="0" ci="5" mb="0" cb="0"/><line nr="564" mi="0" ci="3" mb="0" cb="0"/><line nr="565" mi="0" ci="4" mb="0" cb="0"/><line nr="566" mi="0" ci="4" mb="0" cb="0"/><line nr="567" mi="0" ci="1" mb="0" cb="0"/><line nr="571" mi="0" ci="6" mb="1" cb="1"/><line nr="573" mi="5" ci="0" mb="0" cb="0"/><line nr="578" mi="0" ci="2" mb="0" cb="0"/><line nr="580" mi="1" ci="0" mb="0" cb="0"/><line nr="582" mi="5" ci="0" mb="0" cb="0"/><line nr="586" mi="9" ci="4" mb="0" cb="0"/><line nr="588" mi="12" ci="6" mb="4" cb="2"/><line nr="590" mi="11" ci="6" mb="0" cb="0"/><line nr="592" mi="2" ci="0" mb="0" cb="0"/><line nr="593" mi="0" ci="1" mb="0" cb="0"/><line nr="598" mi="0" ci="4" mb="0" cb="0"/><line nr="599" mi="0" ci="5" mb="0" cb="0"/><line nr="601" mi="0" ci="2" mb="1" cb="1"/><line nr="603" mi="0" ci="4" mb="0" cb="0"/><line nr="604" mi="0" ci="3" mb="0" cb="0"/><line nr="606" mi="0" ci="7" mb="0" cb="2"/><line nr="608" mi="0" ci="7" mb="0" cb="0"/><line nr="611" mi="0" ci="1" mb="0" cb="0"/><line nr="615" mi="0" ci="6" mb="0" cb="2"/><line nr="617" mi="0" ci="5" mb="0" cb="0"/><line nr="619" mi="0" ci="1" mb="0" cb="0"/><line nr="624" mi="0" ci="4" mb="0" cb="0"/><line nr="630" mi="0" ci="3" mb="0" cb="0"/><line nr="636" mi="0" ci="3" mb="0" cb="0"/><line nr="642" mi="0" ci="5" mb="0" cb="0"/><line nr="643" mi="0" ci="1" mb="0" cb="0"/><line nr="645" mi="0" ci="5" mb="0" cb="0"/><line nr="648" mi="0" ci="5" mb="0" cb="0"/><line nr="650" mi="0" ci="5" mb="0" cb="0"/><line nr="655" mi="0" ci="4" mb="0" cb="0"/><line nr="665" mi="0" ci="5" mb="0" cb="0"/><line nr="667" mi="0" ci="5" mb="0" cb="2"/><line nr="669" mi="0" ci="4" mb="0" cb="0"/><line nr="673" mi="0" ci="6" mb="0" cb="0"/><line nr="674" mi="0" ci="4" mb="0" cb="0"/><line nr="675" mi="0" ci="4" mb="0" cb="0"/><line nr="677" mi="5" ci="3" mb="0" cb="0"/><line nr="682" mi="0" ci="4" mb="0" cb="0"/><line nr="683" mi="0" ci="2" mb="0" cb="0"/><line nr="693" mi="0" ci="5" mb="0" cb="0"/><line nr="695" mi="0" ci="5" mb="0" cb="2"/><line nr="697" mi="0" ci="6" mb="0" cb="0"/><line nr="698" mi="0" ci="4" mb="0" cb="0"/><line nr="699" mi="0" ci="4" mb="0" cb="0"/><line nr="700" mi="0" ci="1" mb="0" cb="0"/><line nr="703" mi="0" ci="4" mb="0" cb="0"/><line nr="705" mi="5" ci="3" mb="0" cb="0"/><line nr="710" mi="0" ci="4" mb="0" cb="0"/><line nr="711" mi="0" ci="2" mb="0" cb="0"/><line nr="717" mi="0" ci="3" mb="0" cb="0"/><line nr="723" mi="0" ci="4" mb="0" cb="0"/><line nr="724" mi="0" ci="7" mb="0" cb="0"/><line nr="725" mi="0" ci="3" mb="0" cb="0"/><line nr="726" mi="0" ci="2" mb="0" cb="0"/><line nr="730" mi="0" ci="5" mb="0" cb="0"/><line nr="733" mi="0" ci="5" mb="0" cb="0"/><line nr="735" mi="0" ci="4" mb="0" cb="0"/><line nr="737" mi="0" ci="5" mb="0" cb="0"/><line nr="742" mi="0" ci="4" mb="0" cb="0"/><line nr="752" mi="0" ci="5" mb="0" cb="0"/><line nr="754" mi="0" ci="5" mb="0" cb="2"/><line nr="756" mi="0" ci="4" mb="0" cb="0"/><line nr="760" mi="0" ci="6" mb="0" cb="0"/><line nr="761" mi="0" ci="4" mb="0" cb="0"/><line nr="762" mi="0" ci="4" mb="0" cb="0"/><line nr="763" mi="0" ci="4" mb="0" cb="0"/><line nr="765" mi="5" ci="3" mb="0" cb="0"/><line nr="770" mi="0" ci="4" mb="0" cb="0"/><line nr="771" mi="0" ci="2" mb="0" cb="0"/><line nr="781" mi="0" ci="5" mb="0" cb="0"/><line nr="783" mi="0" ci="5" mb="0" cb="2"/><line nr="785" mi="0" ci="6" mb="0" cb="0"/><line nr="786" mi="0" ci="4" mb="0" cb="0"/><line nr="787" mi="0" ci="4" mb="0" cb="0"/><line nr="788" mi="0" ci="4" mb="0" cb="0"/><line nr="789" mi="0" ci="1" mb="0" cb="0"/><line nr="792" mi="0" ci="4" mb="0" cb="0"/><line nr="794" mi="5" ci="3" mb="0" cb="0"/><line nr="799" mi="0" ci="4" mb="0" cb="0"/><line nr="800" mi="0" ci="2" mb="0" cb="0"/><line nr="806" mi="0" ci="3" mb="0" cb="0"/><line nr="813" mi="0" ci="6" mb="0" cb="0"/><line nr="818" mi="0" ci="6" mb="0" cb="0"/><line nr="825" mi="0" ci="2" mb="1" cb="1"/><line nr="827" mi="4" ci="0" mb="0" cb="0"/><line nr="828" mi="5" ci="0" mb="0" cb="0"/><line nr="830" mi="0" ci="1" mb="0" cb="0"/><line nr="843" mi="2" ci="0" mb="0" cb="0"/><line nr="844" mi="3" ci="0" mb="0" cb="0"/><line nr="855" mi="3" ci="0" mb="0" cb="0"/><line nr="856" mi="3" ci="0" mb="0" cb="0"/><line nr="867" mi="5" ci="0" mb="0" cb="0"/><line nr="868" mi="6" ci="0" mb="0" cb="0"/><line nr="872" mi="9" ci="0" mb="0" cb="0"/><line nr="873" mi="1" ci="0" mb="0" cb="0"/><line nr="878" mi="3" ci="0" mb="0" cb="0"/><line nr="879" mi="1" ci="0" mb="0" cb="0"/><line nr="895" mi="5" ci="0" mb="0" cb="0"/><line nr="897" mi="4" ci="0" mb="0" cb="0"/><line nr="899" mi="3" ci="0" mb="2" cb="0"/><line nr="903" mi="6" ci="0" mb="0" cb="0"/><line nr="905" mi="2" ci="0" mb="2" cb="0"/><line nr="907" mi="2" ci="0" mb="0" cb="0"/><line nr="910" mi="1" ci="0" mb="0" cb="0"/><line nr="913" mi="2" ci="0" mb="0" cb="0"/><line nr="915" mi="1" ci="0" mb="0" cb="0"/><line nr="920" mi="7" ci="0" mb="2" cb="0"/><line nr="922" mi="4" ci="0" mb="0" cb="0"/><line nr="923" mi="2" ci="0" mb="0" cb="0"/><line nr="926" mi="6" ci="0" mb="0" cb="0"/><line nr="927" mi="9" ci="0" mb="0" cb="0"/><line nr="931" mi="5" ci="0" mb="0" cb="0"/><line nr="932" mi="1" ci="0" mb="0" cb="0"/><line nr="937" mi="4" ci="0" mb="0" cb="0"/><line nr="938" mi="1" ci="0" mb="0" cb="0"/><counter type="INSTRUCTION" missed="279" covered="563"/><counter type="BRANCH" missed="15" covered="19"/><counter type="LINE" missed="63" covered="134"/><counter type="COMPLEXITY" missed="34" covered="44"/><counter type="METHOD" missed="24" covered="37"/><counter type="CLASS" missed="3" covered="7"/></sourcefile><counter type="INSTRUCTION" missed="279" covered="563"/><counter type="BRANCH" missed="15" covered="19"/><counter type="LINE" missed="63" covered="134"/><counter type="COMPLEXITY" missed="34" covered="44"/><counter type="METHOD" missed="24" covered="37"/><counter type="CLASS" missed="3" covered="7"/></package><package name="com/mackenziehigh/cascade/dev1"><class name="com/mackenziehigh/cascade/dev1/Main01"><method name="&lt;init&gt;" desc="()V" line="10"><counter type="INSTRUCTION" missed="3" covered="0"/><counter type="LINE" missed="1" covered="0"/><counter type="COMPLEXITY" missed="1" covered="0"/><counter type="METHOD" missed="1" covered="0"/></method><method name="main" desc="([Ljava/lang/String;)V" line="15"><counter type="INSTRUCTION" missed="44" covered="0"/><counter type="LINE" missed="18" covered="0"/><counter type="COMPLEXITY" missed="1" covered="0"/><counter type="METHOD" missed="1" covered="0"/></method><method name="lambda$main$2" desc="(Ljava/lang/String;)V" line="28"><counter type="INSTRUCTION" missed="11" covered="0"/><counter type="LINE" missed="1" covered="0"/><counter type="COMPLEXITY" missed="1" covered="0"/><counter type="METHOD" missed="1" covered="0"/></method><method name="lambda$main$1" desc="(Ljava/lang/String;)Ljava/lang/String;" line="23"><counter type="INSTRUCTION" missed="9" covered="0"/><counter type="LINE" missed="1" covered="0"/><counter type="COMPLEXITY" missed="1" covered="0"/><counter type="METHOD" missed="1" covered="0"/></method><method name="lambda$main$0" desc="(Ljava/lang/String;)Ljava/lang/String;" line="18"><counter type="INSTRUCTION" missed="9" covered="0"/><counter type="LINE" missed="1" covered="0"/><counter type="COMPLEXITY" missed="1" covered="0"/><counter type="METHOD" missed="1" covered="0"/></method><counter type="INSTRUCTION" missed="76" covered="0"/><counter type="LINE" missed="19" covered="0"/><counter type="COMPLEXITY" missed="5" covered="0"/><counter type="METHOD" missed="5" covered="0"/><counter type="CLASS" missed="1" covered="0"/></class><class name="com/mackenziehigh/cascade/dev1/Main02"><method name="&lt;init&gt;" desc="()V" line="9"><counter type="INSTRUCTION" missed="3" covered="0"/><counter type="LINE" missed="1" covered="0"/><counter type="COMPLEXITY" missed="1" covered="0"/><counter type="METHOD" missed="1" covered="0"/></method><method name="main" desc="([Ljava/lang/String;)V" line="14"><counter type="INSTRUCTION" missed="26" covered="0"/><counter type="LINE" missed="9" covered="0"/><counter type="COMPLEXITY" missed="1" covered="0"/><counter type="METHOD" missed="1" covered="0"/></method><method name="counter" desc="(Ljava/util/concurrent/atomic/AtomicLong;)Ljava/util/concurrent/atomic/AtomicLong;" line="30"><counter type="INSTRUCTION" missed="23" covered="0"/><counter type="BRANCH" missed="2" covered="0"/><counter type="LINE" missed="4" covered="0"/><counter type="COMPLEXITY" missed="2" covered="0"/><counter type="METHOD" missed="1" covered="0"/></method><counter type="INSTRUCTION" missed="52" covered="0"/><counter type="BRANCH" missed="2" covered="0"/><counter type="LINE" missed="14" covered="0"/><counter type="COMPLEXITY" missed="4" covered="0"/><counter type="METHOD" missed="3" covered="0"/><counter type="CLASS" missed="1" covered="0"/></class><class name="com/mackenziehigh/cascade/dev1/Main03"><method name="&lt;init&gt;" desc="()V" line="11"><counter type="INSTRUCTION" missed="3" covered="0"/><counter type="LINE" missed="1" covered="0"/><counter type="COMPLEXITY" missed="1" covered="0"/><counter type="METHOD" missed="1" covered="0"/></method><method name="main" desc="([Ljava/lang/String;)V" line="15"><counter type="INSTRUCTION" missed="26" covered="0"/><counter type="LINE" missed="4" covered="0"/><counter type="COMPLEXITY" missed="1" covered="0"/><counter type="METHOD" missed="1" covered="0"/></method><method name="lambda$main$0" desc="(Ljava/lang/String;)V" line="19"><counter type="INSTRUCTION" missed="11" covered="0"/><counter type="LINE" missed="1" covered="0"/><counter type="COMPLEXITY" missed="1" covered="0"/><counter type="METHOD" missed="1" covered="0"/></method><counter type="INSTRUCTION" missed="40" covered="0"/><counter type="LINE" missed="5" covered="0"/><counter type="COMPLEXITY" missed="3" covered="0"/><counter type="METHOD" missed="3" covered="0"/><counter type="CLASS" missed="1" covered="0"/></class><class name="com/mackenziehigh/cascade/dev1/Main04"><method name="&lt;init&gt;" desc="()V" line="19"><counter type="INSTRUCTION" missed="62" covered="0"/><counter type="LINE" missed="10" covered="0"/><counter type="COMPLEXITY" missed="1" covered="0"/><counter type="METHOD" missed="1" covered="0"/></method><method name="load" desc="(Ljava/io/File;)V" line="39"><counter type="INSTRUCTION" missed="7" covered="0"/><counter type="LINE" missed="2" covered="0"/><counter type="COMPLEXITY" missed="1" covered="0"/><counter type="METHOD" missed="1" covered="0"/></method><method name="gate" desc="(Ljava/io/File;)Ljava/io/File;" line="44"><counter type="INSTRUCTION" missed="2" covered="0"/><counter type="LINE" missed="1" covered="0"/><counter type="COMPLEXITY" missed="1" covered="0"/><counter type="METHOD" missed="1" covered="0"/></method><method name="hash" desc="(Ljava/io/File;)Ljava/lang/String;" line="49"><counter type="INSTRUCTION" missed="7" covered="0"/><counter type="LINE" missed="1" covered="0"/><counter type="COMPLEXITY" missed="1" covered="0"/><counter type="METHOD" missed="1" covered="0"/></method><method name="print" desc="(Ljava/lang/String;)V" line="54"><counter type="INSTRUCTION" missed="11" covered="0"/><counter type="LINE" missed="2" covered="0"/><counter type="COMPLEXITY" missed="1" covered="0"/><counter type="METHOD" missed="1" covered="0"/></method><method name="main" desc="([Ljava/lang/String;)V" line="59"><counter type="INSTRUCTION" missed="12" covered="0"/><counter type="LINE" missed="3" covered="0"/><counter type="COMPLEXITY" missed="1" covered="0"/><counter type="METHOD" missed="1" covered="0"/></method><counter type="INSTRUCTION" missed="101" covered="0"/><counter type="LINE" missed="19" covered="0"/><counter type="COMPLEXITY" missed="6" covered="0"/><counter type="METHOD" missed="6" covered="0"/><counter type="CLASS" missed="1" covered="0"/></class><sourcefile name="Main04.java"><line nr="19" mi="3" ci="0" mb="0" cb="0"/><line nr="21" mi="4" ci="0" mb="0" cb="0"/><line nr="23" mi="9" ci="0" mb="0" cb="0"/><line nr="25" mi="9" ci="0" mb="0" cb="0"/><line nr="27" mi="9" ci="0" mb="0" cb="0"/><line nr="29" mi="9" ci="0" mb="0" cb="0"/><line nr="32" mi="2" ci="0" mb="0" cb="0"/><line nr="33" mi="8" ci="0" mb="0" cb="0"/><line nr="34" mi="8" ci="0" mb="0" cb="0"/><line nr="35" mi="1" ci="0" mb="0" cb="0"/><line nr="39" mi="6" ci="0" mb="0" cb="0"/><line nr="40" mi="1" ci="0" mb="0" cb="0"/><line nr="44" mi="2" ci="0" mb="0" cb="0"/><line nr="49" mi="7" ci="0" mb="0" cb="0"/><line nr="54" mi="10" ci="0" mb="0" cb="0"/><line nr="55" mi="1" ci="0" mb="0" cb="0"/><line nr="59" mi="4" ci="0" mb="0" cb="0"/><line nr="60" mi="7" ci="0" mb="0" cb="0"/><line nr="61" mi="1" ci="0" mb="0" cb="0"/><counter type="INSTRUCTION" missed="101" covered="0"/><counter type="LINE" missed="19" covered="0"/><counter type="COMPLEXITY" missed="6" covered="0"/><counter type="METHOD" missed="6" covered="0"/><counter type="CLASS" missed="1" covered="0"/></sourcefile><sourcefile name="Main03.java"><line nr="11" mi="3" ci="0" mb="0" cb="0"/><line nr="15" mi="2" ci="0" mb="0" cb="0"/><line nr="17" mi="16" ci="0" mb="0" cb="0"/><line nr="19" mi="18" ci="0" mb="0" cb="0"/><line nr="20" mi="1" ci="0" mb="0" cb="0"/><counter type="INSTRUCTION" missed="40" covered="0"/><counter type="LINE" missed="5" covered="0"/><counter type="COMPLEXITY" missed="3" covered="0"/><counter type="METHOD" missed="3" covered="0"/><counter type="CLASS" missed="1" covered="0"/></sourcefile><sourcefile name="Main01.java"><line nr="10" mi="3" ci="0" mb="0" cb="0"/><line nr="15" mi="3" ci="0" mb="0" cb="0"/><line nr="17" mi="3" ci="0" mb="0" cb="0"/><line nr="18" mi="10" ci="0" mb="0" cb="0"/><line nr="19" mi="1" ci="0" mb="0" cb="0"/><line nr="20" mi="2" ci="0" mb="0" cb="0"/><line nr="22" mi="3" ci="0" mb="0" cb="0"/><line nr="23" mi="10" ci="0" mb="0" cb="0"/><line nr="24" mi="1" ci="0" mb="0" cb="0"/><line nr="25" mi="2" ci="0" mb="0" cb="0"/><line nr="27" mi="3" ci="0" mb="0" cb="0"/><line nr="28" mi="12" ci="0" mb="0" cb="0"/><line nr="29" mi="1" ci="0" mb="0" cb="0"/><line nr="30" mi="2" ci="0" mb="0" cb="0"/><line nr="32" mi="6" ci="0" mb="0" cb="0"/><line nr="33" mi="6" ci="0" mb="0" cb="0"/><line nr="35" mi="5" ci="0" mb="0" cb="0"/><line nr="37" mi="2" ci="0" mb="0" cb="0"/><line nr="38" mi="1" ci="0" mb="0" cb="0"/><counter type="INSTRUCTION" missed="76" covered="0"/><counter type="LINE" missed="19" covered="0"/><counter type="COMPLEXITY" missed="5" covered="0"/><counter type="METHOD" missed="5" covered="0"/><counter type="CLASS" missed="1" covered="0"/></sourcefile><sourcefile name="Main02.java"><line nr="9" mi="3" ci="0" mb="0" cb="0"/><line nr="14" mi="3" ci="0" mb="0" cb="0"/><line nr="16" mi="3" ci="0" mb="0" cb="0"/><line nr="17" mi="1" ci="0" mb="0" cb="0"/><line nr="18" mi="1" ci="0" mb="0" cb="0"/><line nr="19" mi="2" ci="0" mb="0" cb="0"/><line nr="21" mi="6" ci="0" mb="0" cb="0"/><line nr="23" mi="7" ci="0" mb="0" cb="0"/><line nr="25" mi="2" ci="0" mb="0" cb="0"/><line nr="26" mi="1" ci="0" mb="0" cb="0"/><line nr="30" mi="7" ci="0" mb="2" cb="0"/><line nr="32" mi="11" ci="0" mb="0" cb="0"/><line nr="35" mi="3" ci="0" mb="0" cb="0"/><line nr="37" mi="2" ci="0" mb="0" cb="0"/><counter type="INSTRUCTION" missed="52" covered="0"/><counter type="BRANCH" missed="2" covered="0"/><counter type="LINE" missed="14" covered="0"/><counter type="COMPLEXITY" missed="4" covered="0"/><counter type="METHOD" missed="3" covered="0"/><counter type="CLASS" missed="1" covered="0"/></sourcefile><counter type="INSTRUCTION" missed="269" covered="0"/><counter type="BRANCH" missed="2" covered="0"/><counter type="LINE" missed="57" covered="0"/><counter type="COMPLEXITY" missed="18" covered="0"/><counter type="METHOD" missed="17" covered="0"/><counter type="CLASS" missed="4" covered="0"/></package><package name="com/mackenziehigh/cascade/dev2"><class name="com/mackenziehigh/cascade/dev2/Main"><method name="&lt;init&gt;" desc="()V" line="8"><counter type="INSTRUCTION" missed="3" covered="0"/><counter type="LINE" missed="1" covered="0"/><counter type="COMPLEXITY" missed="1" covered="0"/><counter type="METHOD" missed="1" covered="0"/></method><method name="main" desc="([Ljava/lang/String;)V" line="13"><counter type="INSTRUCTION" missed="45" covered="0"/><counter type="LINE" missed="9" covered="0"/><counter type="COMPLEXITY" missed="1" covered="0"/><counter type="METHOD" missed="1" covered="0"/></method><counter type="INSTRUCTION" missed="48" covered="0"/><counter type="LINE" missed="10" covered="0"/><counter type="COMPLEXITY" missed="2" covered="0"/><counter type="METHOD" missed="2" covered="0"/><counter type="CLASS" missed="1" covered="0"/></class><class name="com/mackenziehigh/cascade/dev2/Writer"><method name="&lt;init&gt;" desc="(Lcom/mackenziehigh/cascade/Cascade$Stage;)V" line="13"><counter type="INSTRUCTION" missed="16" covered="0"/><counter type="LINE" missed="4" covered="0"/><counter type="COMPLEXITY" missed="1" covered="0"/><counter type="METHOD" missed="1" covered="0"/></method><method name="consume" desc="(Lcom/mackenziehigh/cascade/dev2/Data;)V" line="20"><counter type="INSTRUCTION" missed="16" covered="0"/><counter type="LINE" missed="2" covered="0"/><counter type="COMPLEXITY" missed="1" covered="0"/><counter type="METHOD" missed="1" covered="0"/></method><counter type="INSTRUCTION" missed="32" covered="0"/><counter type="LINE" missed="6" covered="0"/><counter type="COMPLEXITY" missed="2" covered="0"/><counter type="METHOD" missed="2" covered="0"/><counter type="CLASS" missed="1" covered="0"/></class><class name="com/mackenziehigh/cascade/dev2/Watcher"><method name="&lt;init&gt;" desc="(Lcom/mackenziehigh/cascade/Cascade$Stage;Ljava/io/File;)V" line="23"><counter type="INSTRUCTION" missed="48" covered="0"/><counter type="LINE" missed="8" covered="0"/><counter type="COMPLEXITY" missed="1" covered="0"/><counter type="METHOD" missed="1" covered="0"/></method><method name="load" desc="(Ljava/io/File;)V" line="41"><counter type="INSTRUCTION" missed="54" covered="0"/><counter type="BRANCH" missed="6" covered="0"/><counter type="LINE" missed="11" covered="0"/><counter type="COMPLEXITY" missed="4" covered="0"/><counter type="METHOD" missed="1" covered="0"/></method><method name="lambda$new$1" desc="(Ljava/io/File;)Ljava/io/File;" line="35"><counter type="INSTRUCTION" missed="2" covered="0"/><counter type="LINE" missed="1" covered="0"/><counter type="COMPLEXITY" missed="1" covered="0"/><counter type="METHOD" missed="1" covered="0"/></method><method name="lambda$new$0" desc="(Ljava/io/File;Ljava/time/Instant;)V" line="34"><counter type="INSTRUCTION" missed="4" covered="0"/><counter type="LINE" missed="1" covered="0"/><counter type="COMPLEXITY" missed="1" covered="0"/><counter type="METHOD" missed="1" covered="0"/></method><counter type="INSTRUCTION" missed="108" covered="0"/><counter type="BRANCH" missed="6" covered="0"/><counter type="LINE" missed="19" covered="0"/><counter type="COMPLEXITY" missed="7" covered="0"/><counter type="METHOD" missed="4" covered="0"/><counter type="CLASS" missed="1" covered="0"/></class><class name="com/mackenziehigh/cascade/dev2/Clock"><method name="&lt;init&gt;" desc="()V" line="12"><counter type="INSTRUCTION" missed="27" covered="0"/><counter type="LINE" missed="6" covered="0"/><counter type="COMPLEXITY" missed="1" covered="0"/><counter type="METHOD" missed="1" covered="0"/></method><method name="lambda$new$1" desc="()V" line="22"><counter type="INSTRUCTION" missed="5" covered="0"/><counter type="LINE" missed="1" covered="0"/><counter type="COMPLEXITY" missed="1" covered="0"/><counter type="METHOD" missed="1" covered="0"/></method><method name="lambda$new$0" desc="(Ljava/time/Instant;)Ljava/time/Instant;" line="20"><counter type="INSTRUCTION" missed="2" covered="0"/><counter type="LINE" missed="1" covered="0"/><counter type="COMPLEXITY" missed="1" covered="0"/><counter type="METHOD" missed="1" covered="0"/></method><counter type="INSTRUCTION" missed="34" covered="0"/><counter type="LINE" missed="6" covered="0"/><counter type="COMPLEXITY" missed="3" covered="0"/><counter type="METHOD" missed="3" covered="0"/><counter type="CLASS" missed="1" covered="0"/></class><class name="com/mackenziehigh/cascade/dev2/Reader"><method name="&lt;init&gt;" desc="(Lcom/mackenziehigh/cascade/Cascade$Stage;)V" line="18"><counter type="INSTRUCTION" missed="21" covered="0"/><counter type="LINE" missed="5" covered="0"/><counter type="COMPLEXITY" missed="1" covered="0"/><counter type="METHOD" missed="1" covered="0"/></method><method name="read" desc="(Ljava/io/File;)Lcom/mackenziehigh/cascade/dev2/Data;" line="27"><counter type="INSTRUCTION" missed="10" covered="0"/><counter type="LINE" missed="2" covered="0"/><counter type="COMPLEXITY" missed="1" covered="0"/><counter type="METHOD" missed="1" covered="0"/></method><counter type="INSTRUCTION" missed="31" covered="0"/><counter type="LINE" missed="7" covered="0"/><counter type="COMPLEXITY" missed="2" covered="0"/><counter type="METHOD" missed="2" covered="0"/><counter type="CLASS" missed="1" covered="0"/></class><class name="com/mackenziehigh/cascade/dev2/Data"><method name="&lt;init&gt;" desc="(Ljava/io/File;[B)V" line="13"><counter type="INSTRUCTION" missed="9" covered="0"/><counter type="LINE" missed="4" covered="0"/><counter type="COMPLEXITY" missed="1" covered="0"/><counter type="METHOD" missed="1" covered="0"/></method><counter type="INSTRUCTION" missed="9" covered="0"/><counter type="LINE" missed="4" covered="0"/><counter type="COMPLEXITY" missed="1" covered="0"/><counter type="METHOD" missed="1" covered="0"/><counter type="CLASS" missed="1" covered="0"/></class><sourcefile name="Main.java"><line nr="8" mi="3" ci="0" mb="0" cb="0"/><line nr="13" mi="3" ci="0" mb="0" cb="0"/><line nr="15" mi="4" ci="0" mb="0" cb="0"/><line nr="16" mi="9" ci="0" mb="0" cb="0"/><line nr="17" mi="5" ci="0" mb="0" cb="0"/><line nr="18" mi="5" ci="0" mb="0" cb="0"/><line nr="20" mi="6" ci="0" mb="0" cb="0"/><line nr="21" mi="6" ci="0" mb="0" cb="0"/><line nr="22" mi="6" ci="0" mb="0" cb="0"/><line nr="23" mi="1" ci="0" mb="0" cb="0"/><counter type="INSTRUCTION" missed="48" covered="0"/><counter type="LINE" missed="10" covered="0"/><counter type="COMPLEXITY" missed="2" covered="0"/><counter type="METHOD" missed="2" covered="0"/><counter type="CLASS" missed="1" covered="0"/></sourcefile><sourcefile name="Data.java"><line nr="13" mi="2" ci="0" mb="0" cb="0"/><line nr="14" mi="3" ci="0" mb="0" cb="0"/><line nr="15" mi="3" ci="0" mb="0" cb="0"/><line nr="16" mi="1" ci="0" mb="0" cb="0"/><counter type="INSTRUCTION" missed="9" covered="0"/><counter type="LINE" missed="4" covered="0"/><counter type="COMPLEXITY" missed="1" covered="0"/><counter type="METHOD" missed="1" covered="0"/><counter type="CLASS" missed="1" covered="0"/></sourcefile><sourcefile name="Writer.java"><line nr="13" mi="2" ci="0" mb="0" cb="0"/><line nr="14" mi="8" ci="0" mb="0" cb="0"/><line nr="15" mi="5" ci="0" mb="0" cb="0"/><line nr="16" mi="1" ci="0" mb="0" cb="0"/><line nr="20" mi="15" ci="0" mb="0" cb="0"/><line nr="21" mi="1" ci="0" mb="0" cb="0"/><counter type="INSTRUCTION" missed="32" covered="0"/><counter type="LINE" missed="6" covered="0"/><counter type="COMPLEXITY" missed="2" covered="0"/><counter type="METHOD" missed="2" covered="0"/><counter type="CLASS" missed="1" covered="0"/></sourcefile><sourcefile name="Watcher.java"><line nr="23" mi="3" ci="0" mb="0" cb="0"/><line nr="30" mi="2" ci="0" mb="0" cb="0"/><line nr="31" mi="4" ci="0" mb="0" cb="0"/><line nr="32" mi="16" ci="0" mb="0" cb="0"/><line nr="34" mi="14" ci="0" mb="0" cb="0"/><line nr="35" mi="9" ci="0" mb="0" cb="0"/><line nr="36" mi="5" ci="0" mb="0" cb="0"/><line nr="37" mi="1" ci="0" mb="0" cb="0"/><line nr="41" mi="4" ci="0" mb="0" cb="0"/><line nr="43" mi="2" ci="0" mb="2" cb="0"/><line nr="45" mi="11" ci="0" mb="2" cb="0"/><line nr="47" mi="4" ci="0" mb="0" cb="0"/><line nr="48" mi="8" ci="0" mb="0" cb="0"/><line nr="49" mi="13" ci="0" mb="0" cb="0"/><line nr="50" mi="3" ci="0" mb="2" cb="0"/><line nr="52" mi="4" ci="0" mb="0" cb="0"/><line nr="55" mi="3" ci="0" mb="0" cb="0"/><line nr="56" mi="1" ci="0" mb="0" cb="0"/><line nr="58" mi="1" ci="0" mb="0" cb="0"/><counter type="INSTRUCTION" missed="108" covered="0"/><counter type="BRANCH" missed="6" covered="0"/><counter type="LINE" missed="19" covered="0"/><counter type="COMPLEXITY" missed="7" covered="0"/><counter type="METHOD" missed="4" covered="0"/><counter type="CLASS" missed="1" covered="0"/></sourcefile><sourcefile name="Reader.java"><line nr="18" mi="2" ci="0" mb="0" cb="0"/><line nr="19" mi="8" ci="0" mb="0" cb="0"/><line nr="20" mi="5" ci="0" mb="0" cb="0"/><line nr="21" mi="5" ci="0" mb="0" cb="0"/><line nr="22" mi="1" ci="0" mb="0" cb="0"/><line nr="27" mi="4" ci="0" mb="0" cb="0"/><line nr="28" mi="6" ci="0" mb="0" cb="0"/><counter type="INSTRUCTION" missed="31" covered="0"/><counter type="LINE" missed="7" covered="0"/><counter type="COMPLEXITY" missed="2" covered="0"/><counter type="METHOD" missed="2" covered="0"/><counter type="CLASS" missed="1" covered="0"/></sourcefile><sourcefile name="Clock.java"><line nr="12" mi="3" ci="0" mb="0" cb="0"/><line nr="19" mi="2" ci="0" mb="0" cb="0"/><line nr="20" mi="9" ci="0" mb="0" cb="0"/><line nr="21" mi="5" ci="0" mb="0" cb="0"/><line nr="22" mi="14" ci="0" mb="0" cb="0"/><line nr="23" mi="1" ci="0" mb="0" cb="0"/><counter type="INSTRUCTION" missed="34" covered="0"/><counter type="LINE" missed="6" covered="0"/><counter type="COMPLEXITY" missed="3" covered="0"/><counter type="METHOD" missed="3" covered="0"/><counter type="CLASS" missed="1" covered="0"/></sourcefile><counter type="INSTRUCTION" missed="262" covered="0"/><counter type="BRANCH" missed="6" covered="0"/><counter type="LINE" missed="52" covered="0"/><counter type="COMPLEXITY" missed="17" covered="0"/><counter type="METHOD" missed="14" covered="0"/><counter type="CLASS" missed="6" covered="0"/></package><counter type="INSTRUCTION" missed="810" covered="563"/><counter type="BRANCH" missed="23" covered="19"/><counter type="LINE" missed="172" covered="134"/><counter type="COMPLEXITY" missed="69" covered="44"/><counter type="METHOD" missed="55" covered="37"/><counter type="CLASS" missed="13" covered="7"/></report>