<?xml version="1.0" encoding="UTF-8" standalone="yes"?><!DOCTYPE report PUBLIC "-//JACOCO//DTD Report 1.1//EN" "report.dtd"><report name="com.mackenziehigh:cascade"><sessioninfo id="fv-az2211-691-2c6a53c7" start="1747974556724" dump="1747974557589"/><package name="com/mackenziehigh/cascade"><class name="com/mackenziehigh/cascade/Cascade$AbstractStage$DefaultActorBuilder" sourcefilename="Cascade.java"><method name="&lt;init&gt;" desc="(Lcom/mackenziehigh/cascade/Cascade$AbstractStage;)V" line="1193"><counter type="INSTRUCTION" missed="0" covered="15"/><counter type="LINE" missed="0" covered="5"/><counter type="COMPLEXITY" missed="0" covered="1"/><counter type="METHOD" missed="0" covered="1"/></method><method name="&lt;init&gt;" desc="(Lcom/mackenziehigh/cascade/Cascade$AbstractStage;Lcom/mackenziehigh/cascade/Cascade$Stage$Actor$Mailbox;Lcom/mackenziehigh/cascade/Cascade$Stage$Actor$ContextScript;Lcom/mackenziehigh/cascade/Cascade$Stage$Actor$ContextErrorHandler;)V" line="1210"><counter type="INSTRUCTION" missed="0" covered="15"/><counter type="LINE" missed="0" covered="5"/><counter type="COMPLEXITY" missed="0" covered="1"/><counter type="METHOD" missed="0" covered="1"/></method><method name="withContextScript" desc="(Lcom/mackenziehigh/cascade/Cascade$Stage$Actor$ContextScript;)Lcom/mackenziehigh/cascade/Cascade$Stage$Actor$Builder;" line="1219"><counter type="INSTRUCTION" missed="0" covered="15"/><counter type="LINE" missed="0" covered="2"/><counter type="COMPLEXITY" missed="0" covered="1"/><counter type="METHOD" missed="0" covered="1"/></method><method name="withContextErrorHandler" desc="(Lcom/mackenziehigh/cascade/Cascade$Stage$Actor$ContextErrorHandler;)Lcom/mackenziehigh/cascade/Cascade$Stage$Actor$Builder;" line="1226"><counter type="INSTRUCTION" missed="0" covered="20"/><counter type="LINE" missed="0" covered="3"/><counter type="COMPLEXITY" missed="0" covered="1"/><counter type="METHOD" missed="0" covered="1"/></method><method name="withMailbox" desc="(Lcom/mackenziehigh/cascade/Cascade$Stage$Actor$Mailbox;)Lcom/mackenziehigh/cascade/Cascade$Stage$Actor$Builder;" line="1241"><counter type="INSTRUCTION" missed="0" covered="15"/><counter type="LINE" missed="0" covered="2"/><counter type="COMPLEXITY" missed="0" covered="1"/><counter type="METHOD" missed="0" covered="1"/></method><method name="create" desc="()Lcom/mackenziehigh/cascade/Cascade$Stage$Actor;" line="1248"><counter type="INSTRUCTION" missed="0" covered="9"/><counter type="LINE" missed="0" covered="2"/><counter type="COMPLEXITY" missed="0" covered="1"/><counter type="METHOD" missed="0" covered="1"/></method><method name="lambda$new$1" desc="(Lcom/mackenziehigh/cascade/Cascade$Stage$Actor$Context;Ljava/lang/Object;Ljava/lang/Throwable;)V" line="1204"><counter type="INSTRUCTION" missed="0" covered="1"/><counter type="LINE" missed="0" covered="1"/><counter type="COMPLEXITY" missed="0" covered="1"/><counter type="METHOD" missed="0" covered="1"/></method><method name="lambda$new$0" desc="(Lcom/mackenziehigh/cascade/Cascade$Stage$Actor$Context;Ljava/lang/Object;)V" line="1199"><counter type="INSTRUCTION" missed="0" covered="1"/><counter type="LINE" missed="0" covered="1"/><counter type="COMPLEXITY" missed="0" covered="1"/><counter type="METHOD" missed="0" covered="1"/></method><counter type="INSTRUCTION" missed="0" covered="91"/><counter type="LINE" missed="0" covered="21"/><counter type="COMPLEXITY" missed="0" covered="8"/><counter type="METHOD" missed="0" covered="8"/><counter type="CLASS" missed="0" covered="1"/></class><class name="com/mackenziehigh/cascade/Cascade$AbstractStage" sourcefilename="Cascade.java"><method name="&lt;init&gt;" desc="()V" line="1102"><counter type="INSTRUCTION" missed="0" covered="12"/><counter type="LINE" missed="0" covered="3"/><counter type="COMPLEXITY" missed="0" covered="1"/><counter type="METHOD" missed="0" covered="1"/></method><method name="newActor" desc="()Lcom/mackenziehigh/cascade/Cascade$Stage$Actor$Builder;" line="1143"><counter type="INSTRUCTION" missed="0" covered="5"/><counter type="LINE" missed="0" covered="1"/><counter type="COMPLEXITY" missed="0" covered="1"/><counter type="METHOD" missed="0" covered="1"/></method><method name="close" desc="()V" line="1152"><counter type="INSTRUCTION" missed="0" covered="9"/><counter type="BRANCH" missed="0" covered="2"/><counter type="LINE" missed="0" covered="3"/><counter type="COMPLEXITY" missed="0" covered="2"/><counter type="METHOD" missed="0" covered="1"/></method><method name="safelySchedule" desc="(Lcom/mackenziehigh/cascade/Cascade$AbstractStage$DefaultActor;)V" line="1169"><counter type="INSTRUCTION" missed="0" covered="8"/><counter type="LINE" missed="0" covered="5"/><counter type="COMPLEXITY" missed="0" covered="1"/><counter type="METHOD" missed="0" covered="1"/></method><method name="newImmutableList" desc="(Ljava/util/Collection;)Ljava/util/List;" line="1574"><counter type="INSTRUCTION" missed="0" covered="3"/><counter type="LINE" missed="0" covered="1"/><counter type="COMPLEXITY" missed="0" covered="1"/><counter type="METHOD" missed="0" covered="1"/></method><counter type="INSTRUCTION" missed="0" covered="37"/><counter type="BRANCH" missed="0" covered="2"/><counter type="LINE" missed="0" covered="13"/><counter type="COMPLEXITY" missed="0" covered="6"/><counter type="METHOD" missed="0" covered="5"/><counter type="CLASS" missed="0" covered="1"/></class><class name="com/mackenziehigh/cascade/Cascade$Stage$Actor$ContextScript" sourcefilename="Cascade.java"/><class name="com/mackenziehigh/cascade/Cascade$ArrayDequeMailbox" sourcefilename="Cascade.java"><method name="&lt;init&gt;" desc="(Ljava/util/ArrayDeque;I)V" line="927"><counter type="INSTRUCTION" missed="0" covered="9"/><counter type="LINE" missed="0" covered="4"/><counter type="COMPLEXITY" missed="0" covered="1"/><counter type="METHOD" missed="0" covered="1"/></method><method name="create" desc="(II)Lcom/mackenziehigh/cascade/Cascade$Stage$Actor$Mailbox;" line="943"><counter type="INSTRUCTION" missed="0" covered="9"/><counter type="LINE" missed="0" covered="1"/><counter type="COMPLEXITY" missed="0" covered="1"/><counter type="METHOD" missed="0" covered="1"/></method><method name="offer" desc="(Ljava/lang/Object;)Z" line="956"><counter type="INSTRUCTION" missed="0" covered="13"/><counter type="BRANCH" missed="0" covered="2"/><counter type="LINE" missed="0" covered="3"/><counter type="COMPLEXITY" missed="0" covered="2"/><counter type="METHOD" missed="0" covered="1"/></method><method name="poll" desc="()Ljava/lang/Object;" line="976"><counter type="INSTRUCTION" missed="0" covered="4"/><counter type="LINE" missed="0" covered="1"/><counter type="COMPLEXITY" missed="0" covered="1"/><counter type="METHOD" missed="0" covered="1"/></method><counter type="INSTRUCTION" missed="0" covered="35"/><counter type="BRANCH" missed="0" covered="2"/><counter type="LINE" missed="0" covered="9"/><counter type="COMPLEXITY" missed="0" covered="5"/><counter type="METHOD" missed="0" covered="4"/><counter type="CLASS" missed="0" covered="1"/></class><class name="com/mackenziehigh/cascade/Cascade$Stage$Actor$ContextErrorHandler" sourcefilename="Cascade.java"><method name="silent" desc="()Lcom/mackenziehigh/cascade/Cascade$Stage$Actor$ContextErrorHandler;" line="596"><counter type="INSTRUCTION" missed="0" covered="3"/><counter type="LINE" missed="0" covered="1"/><counter type="COMPLEXITY" missed="0" covered="1"/><counter type="METHOD" missed="0" covered="1"/></method><method name="andThen" desc="(Lcom/mackenziehigh/cascade/Cascade$Stage$Actor$ContextErrorHandler;)Lcom/mackenziehigh/cascade/Cascade$Stage$Actor$ContextErrorHandler;" line="621"><counter type="INSTRUCTION" missed="0" covered="10"/><counter type="LINE" missed="0" covered="3"/><counter type="COMPLEXITY" missed="0" covered="1"/><counter type="METHOD" missed="0" covered="1"/></method><method name="andThen" desc="(Lcom/mackenziehigh/cascade/Cascade$Stage$Actor$ConsumerErrorHandler;)Lcom/mackenziehigh/cascade/Cascade$Stage$Actor$ContextErrorHandler;" line="642"><counter type="INSTRUCTION" missed="0" covered="10"/><counter type="LINE" missed="0" covered="3"/><counter type="COMPLEXITY" missed="0" covered="1"/><counter type="METHOD" missed="0" covered="1"/></method><method name="lambda$andThen$2" desc="(Lcom/mackenziehigh/cascade/Cascade$Stage$Actor$ContextErrorHandler;Lcom/mackenziehigh/cascade/Cascade$Stage$Actor$ConsumerErrorHandler;Lcom/mackenziehigh/cascade/Cascade$Stage$Actor$Context;Ljava/lang/Object;Ljava/lang/Throwable;)V" line="646"><counter type="INSTRUCTION" missed="0" covered="9"/><counter type="LINE" missed="0" covered="3"/><counter type="COMPLEXITY" missed="0" covered="1"/><counter type="METHOD" missed="0" covered="1"/></method><method name="lambda$andThen$1" desc="(Lcom/mackenziehigh/cascade/Cascade$Stage$Actor$ContextErrorHandler;Lcom/mackenziehigh/cascade/Cascade$Stage$Actor$ContextErrorHandler;Lcom/mackenziehigh/cascade/Cascade$Stage$Actor$Context;Ljava/lang/Object;Ljava/lang/Throwable;)V" line="625"><counter type="INSTRUCTION" missed="0" covered="11"/><counter type="LINE" missed="0" covered="3"/><counter type="COMPLEXITY" missed="0" covered="1"/><counter type="METHOD" missed="0" covered="1"/></method><method name="lambda$silent$0" desc="(Lcom/mackenziehigh/cascade/Cascade$Stage$Actor$Context;Ljava/lang/Object;Ljava/lang/Throwable;)V" line="600"><counter type="INSTRUCTION" missed="0" covered="8"/><counter type="LINE" missed="0" covered="4"/><counter type="COMPLEXITY" missed="0" covered="1"/><counter type="METHOD" missed="0" covered="1"/></method><counter type="INSTRUCTION" missed="0" covered="51"/><counter type="LINE" missed="0" covered="17"/><counter type="COMPLEXITY" missed="0" covered="6"/><counter type="METHOD" missed="0" covered="6"/><counter type="CLASS" missed="0" covered="1"/></class><class name="com/mackenziehigh/cascade/Cascade$Stage$Actor$Context" sourcefilename="Cascade.java"><method name="sendTo" desc="(Ljava/lang/Object;)Lcom/mackenziehigh/cascade/Cascade$Stage$Actor$Context;" line="479"><counter type="INSTRUCTION" missed="0" covered="6"/><counter type="LINE" missed="0" covered="2"/><counter type="COMPLEXITY" missed="0" covered="1"/><counter type="METHOD" missed="0" covered="1"/></method><method name="sendFrom" desc="(Ljava/lang/Object;)Lcom/mackenziehigh/cascade/Cascade$Stage$Actor$Context;" line="491"><counter type="INSTRUCTION" missed="0" covered="6"/><counter type="LINE" missed="0" covered="2"/><counter type="COMPLEXITY" missed="0" covered="1"/><counter type="METHOD" missed="0" covered="1"/></method><counter type="INSTRUCTION" missed="0" covered="12"/><counter type="LINE" missed="0" covered="4"/><counter type="COMPLEXITY" missed="0" covered="2"/><counter type="METHOD" missed="0" covered="2"/><counter type="CLASS" missed="0" covered="1"/></class><class name="com/mackenziehigh/cascade/Cascade$1" sourcefilename="Cascade.java"><method name="&lt;init&gt;" desc="(Ljava/util/concurrent/ExecutorService;)V" line="1639"><counter type="INSTRUCTION" missed="0" covered="6"/><counter type="LINE" missed="0" covered="1"/><counter type="COMPLEXITY" missed="0" covered="1"/><counter type="METHOD" missed="0" covered="1"/></method><method name="onRunnable" desc="(Lcom/mackenziehigh/cascade/Cascade$AbstractStage$DefaultActor;)V" line="1648"><counter type="INSTRUCTION" missed="0" covered="5"/><counter type="LINE" missed="0" covered="2"/><counter type="COMPLEXITY" missed="0" covered="1"/><counter type="METHOD" missed="0" covered="1"/></method><method name="onClose" desc="()V" line="1654"><counter type="INSTRUCTION" missed="0" covered="4"/><counter type="LINE" missed="0" covered="2"/><counter type="COMPLEXITY" missed="0" covered="1"/><counter type="METHOD" missed="0" covered="1"/></method><counter type="INSTRUCTION" missed="0" covered="15"/><counter type="LINE" missed="0" covered="5"/><counter type="COMPLEXITY" missed="0" covered="3"/><counter type="METHOD" missed="0" covered="3"/><counter type="CLASS" missed="0" covered="1"/></class><class name="com/mackenziehigh/cascade/Cascade$AbstractStage$DefaultActor" sourcefilename="Cascade.java"><method name="&lt;init&gt;" desc="(Lcom/mackenziehigh/cascade/Cascade$AbstractStage;Lcom/mackenziehigh/cascade/Cascade$AbstractStage$DefaultActorBuilder;)V" line="1273"><counter type="INSTRUCTION" missed="0" covered="53"/><counter type="LINE" missed="0" covered="12"/><counter type="COMPLEXITY" missed="0" covered="1"/><counter type="METHOD" missed="0" covered="1"/></method><method name="run" desc="()V" line="1337"><counter type="INSTRUCTION" missed="0" covered="37"/><counter type="BRANCH" missed="0" covered="4"/><counter type="LINE" missed="0" covered="11"/><counter type="COMPLEXITY" missed="0" covered="3"/><counter type="METHOD" missed="0" covered="1"/></method><method name="handleException" desc="(Ljava/lang/Object;Ljava/lang/Throwable;)V" line="1388"><counter type="INSTRUCTION" missed="1" covered="9"/><counter type="LINE" missed="1" covered="3"/><counter type="COMPLEXITY" missed="0" covered="1"/><counter type="METHOD" missed="0" covered="1"/></method><method name="scheduleInitialMessage" desc="()V" line="1398"><counter type="INSTRUCTION" missed="0" covered="12"/><counter type="BRANCH" missed="0" covered="2"/><counter type="LINE" missed="0" covered="3"/><counter type="COMPLEXITY" missed="0" covered="2"/><counter type="METHOD" missed="0" covered="1"/></method><method name="scheduleSubsequentMessage" desc="()V" line="1406"><counter type="INSTRUCTION" missed="0" covered="12"/><counter type="BRANCH" missed="0" covered="2"/><counter type="LINE" missed="0" covered="3"/><counter type="COMPLEXITY" missed="0" covered="2"/><counter type="METHOD" missed="0" covered="1"/></method><method name="stage" desc="()Lcom/mackenziehigh/cascade/Cascade$Stage;" line="1415"><counter type="INSTRUCTION" missed="0" covered="4"/><counter type="LINE" missed="0" covered="1"/><counter type="COMPLEXITY" missed="0" covered="1"/><counter type="METHOD" missed="0" covered="1"/></method><method name="context" desc="()Lcom/mackenziehigh/cascade/Cascade$Stage$Actor$Context;" line="1421"><counter type="INSTRUCTION" missed="0" covered="3"/><counter type="LINE" missed="0" covered="1"/><counter type="COMPLEXITY" missed="0" covered="1"/><counter type="METHOD" missed="0" covered="1"/></method><method name="input" desc="()Lcom/mackenziehigh/cascade/Cascade$Stage$Actor$Input;" line="1427"><counter type="INSTRUCTION" missed="0" covered="3"/><counter type="LINE" missed="0" covered="1"/><counter type="COMPLEXITY" missed="0" covered="1"/><counter type="METHOD" missed="0" covered="1"/></method><method name="output" desc="()Lcom/mackenziehigh/cascade/Cascade$Stage$Actor$Output;" line="1433"><counter type="INSTRUCTION" missed="0" covered="3"/><counter type="LINE" missed="0" covered="1"/><counter type="COMPLEXITY" missed="0" covered="1"/><counter type="METHOD" missed="0" covered="1"/></method><method name="meta" desc="()Ljava/lang/Object;" line="1438"><counter type="INSTRUCTION" missed="0" covered="3"/><counter type="LINE" missed="0" covered="1"/><counter type="COMPLEXITY" missed="0" covered="1"/><counter type="METHOD" missed="0" covered="1"/></method><method name="meta" desc="(Ljava/lang/Object;)V" line="1443"><counter type="INSTRUCTION" missed="0" covered="4"/><counter type="LINE" missed="0" covered="2"/><counter type="COMPLEXITY" missed="0" covered="1"/><counter type="METHOD" missed="0" covered="1"/></method><counter type="INSTRUCTION" missed="1" covered="143"/><counter type="BRANCH" missed="0" covered="8"/><counter type="LINE" missed="1" covered="39"/><counter type="COMPLEXITY" missed="0" covered="15"/><counter type="METHOD" missed="0" covered="11"/><counter type="CLASS" missed="0" covered="1"/></class><class name="com/mackenziehigh/cascade/Cascade$LinkedBlockingQueueMailbox" sourcefilename="Cascade.java"><method name="&lt;init&gt;" desc="(Ljava/util/concurrent/LinkedBlockingQueue;)V" line="821"><counter type="INSTRUCTION" missed="0" covered="6"/><counter type="LINE" missed="0" covered="3"/><counter type="COMPLEXITY" missed="0" covered="1"/><counter type="METHOD" missed="0" covered="1"/></method><method name="create" desc="()Lcom/mackenziehigh/cascade/Cascade$Stage$Actor$Mailbox;" line="833"><counter type="INSTRUCTION" missed="0" covered="7"/><counter type="LINE" missed="0" covered="1"/><counter type="COMPLEXITY" missed="0" covered="1"/><counter type="METHOD" missed="0" covered="1"/></method><method name="create" desc="(I)Lcom/mackenziehigh/cascade/Cascade$Stage$Actor$Mailbox;" line="845"><counter type="INSTRUCTION" missed="0" covered="8"/><counter type="LINE" missed="0" covered="1"/><counter type="COMPLEXITY" missed="0" covered="1"/><counter type="METHOD" missed="0" covered="1"/></method><method name="offer" desc="(Ljava/lang/Object;)Z" line="854"><counter type="INSTRUCTION" missed="0" covered="5"/><counter type="LINE" missed="0" covered="1"/><counter type="COMPLEXITY" missed="0" covered="1"/><counter type="METHOD" missed="0" covered="1"/></method><method name="poll" desc="()Ljava/lang/Object;" line="863"><counter type="INSTRUCTION" missed="0" covered="4"/><counter type="LINE" missed="0" covered="1"/><counter type="COMPLEXITY" missed="0" covered="1"/><counter type="METHOD" missed="0" covered="1"/></method><counter type="INSTRUCTION" missed="0" covered="30"/><counter type="LINE" missed="0" covered="7"/><counter type="COMPLEXITY" missed="0" covered="5"/><counter type="METHOD" missed="0" covered="5"/><counter type="CLASS" missed="0" covered="1"/></class><class name="com/mackenziehigh/cascade/Cascade$Stage$Actor$Output" sourcefilename="Cascade.java"/><class name="com/mackenziehigh/cascade/Cascade$AbstractStage$DefaultActor$DefaultInput" sourcefilename="Cascade.java"><method name="&lt;init&gt;" desc="(Lcom/mackenziehigh/cascade/Cascade$AbstractStage$DefaultActor;)V" line="1495"><counter type="INSTRUCTION" missed="0" covered="6"/><counter type="LINE" missed="0" covered="1"/><counter type="COMPLEXITY" missed="0" covered="1"/><counter type="METHOD" missed="0" covered="1"/></method><method name="actor" desc="()Lcom/mackenziehigh/cascade/Cascade$Stage$Actor;" line="1501"><counter type="INSTRUCTION" missed="0" covered="4"/><counter type="LINE" missed="0" covered="1"/><counter type="COMPLEXITY" missed="0" covered="1"/><counter type="METHOD" missed="0" covered="1"/></method><counter type="INSTRUCTION" missed="0" covered="10"/><counter type="LINE" missed="0" covered="2"/><counter type="COMPLEXITY" missed="0" covered="2"/><counter type="METHOD" missed="0" covered="2"/><counter type="CLASS" missed="0" covered="1"/></class><class name="com/mackenziehigh/cascade/Cascade$Stage" sourcefilename="Cascade.java"/><class name="com/mackenziehigh/cascade/Cascade$Stage$Actor" sourcefilename="Cascade.java"/><class name="com/mackenziehigh/cascade/Cascade$AbstractStage$DefaultActor$DefaultOutput" sourcefilename="Cascade.java"><method name="&lt;init&gt;" desc="(Lcom/mackenziehigh/cascade/Cascade$AbstractStage$DefaultActor;)V" line="1508"><counter type="INSTRUCTION" missed="0" covered="15"/><counter type="LINE" missed="0" covered="3"/><counter type="COMPLEXITY" missed="0" covered="1"/><counter type="METHOD" missed="0" covered="1"/></method><method name="actor" desc="()Lcom/mackenziehigh/cascade/Cascade$Stage$Actor;" line="1525"><counter type="INSTRUCTION" missed="0" covered="4"/><counter type="LINE" missed="0" covered="1"/><counter type="COMPLEXITY" missed="0" covered="1"/><counter type="METHOD" missed="0" covered="1"/></method><method name="connect" desc="(Lcom/mackenziehigh/cascade/Cascade$Stage$Actor$Input;)Lcom/mackenziehigh/cascade/Cascade$Stage$Actor$Output;" line="1531"><counter type="INSTRUCTION" missed="0" covered="32"/><counter type="BRANCH" missed="0" covered="2"/><counter type="LINE" missed="0" covered="8"/><counter type="COMPLEXITY" missed="0" covered="2"/><counter type="METHOD" missed="0" covered="1"/></method><method name="disconnect" desc="(Lcom/mackenziehigh/cascade/Cascade$Stage$Actor$Input;)Lcom/mackenziehigh/cascade/Cascade$Stage$Actor$Output;" line="1549"><counter type="INSTRUCTION" missed="0" covered="32"/><counter type="BRANCH" missed="0" covered="2"/><counter type="LINE" missed="0" covered="8"/><counter type="COMPLEXITY" missed="0" covered="2"/><counter type="METHOD" missed="0" covered="1"/></method><method name="isConnected" desc="(Lcom/mackenziehigh/cascade/Cascade$Stage$Actor$Input;)Z" line="1567"><counter type="INSTRUCTION" missed="0" covered="5"/><counter type="LINE" missed="0" covered="1"/><counter type="COMPLEXITY" missed="0" covered="1"/><counter type="METHOD" missed="0" covered="1"/></method><counter type="INSTRUCTION" missed="0" covered="88"/><counter type="BRANCH" missed="0" covered="4"/><counter type="LINE" missed="0" covered="21"/><counter type="COMPLEXITY" missed="0" covered="7"/><counter type="METHOD" missed="0" covered="5"/><counter type="CLASS" missed="0" covered="1"/></class><class name="com/mackenziehigh/cascade/Cascade" sourcefilename="Cascade.java"><method name="newStage" desc="()Lcom/mackenziehigh/cascade/Cascade$Stage;" line="1589"><counter type="INSTRUCTION" missed="0" covered="3"/><counter type="LINE" missed="0" covered="1"/><counter type="COMPLEXITY" missed="0" covered="1"/><counter type="METHOD" missed="0" covered="1"/></method><method name="newStage" desc="(I)Lcom/mackenziehigh/cascade/Cascade$Stage;" line="1604"><counter type="INSTRUCTION" missed="0" covered="4"/><counter type="LINE" missed="0" covered="1"/><counter type="COMPLEXITY" missed="0" covered="1"/><counter type="METHOD" missed="0" covered="1"/></method><method name="newStage" desc="(IZ)Lcom/mackenziehigh/cascade/Cascade$Stage;" line="1617"><counter type="INSTRUCTION" missed="0" covered="10"/><counter type="LINE" missed="0" covered="3"/><counter type="COMPLEXITY" missed="0" covered="1"/><counter type="METHOD" missed="0" covered="1"/></method><method name="newStage" desc="(Ljava/util/concurrent/ExecutorService;)Lcom/mackenziehigh/cascade/Cascade$Stage;" line="1636"><counter type="INSTRUCTION" missed="0" covered="9"/><counter type="LINE" missed="0" covered="2"/><counter type="COMPLEXITY" missed="0" covered="1"/><counter type="METHOD" missed="0" covered="1"/></method><method name="lambda$newStage$0" desc="(ZLjava/lang/Runnable;)Ljava/lang/Thread;" line="1619"><counter type="INSTRUCTION" missed="0" covered="10"/><counter type="LINE" missed="0" covered="3"/><counter type="COMPLEXITY" missed="0" covered="1"/><counter type="METHOD" missed="0" covered="1"/></method><counter type="INSTRUCTION" missed="0" covered="36"/><counter type="LINE" missed="0" covered="10"/><counter type="COMPLEXITY" missed="0" covered="5"/><counter type="METHOD" missed="0" covered="5"/><counter type="CLASS" missed="0" covered="1"/></class><class name="com/mackenziehigh/cascade/Cascade$ArrayBlockingQueueMailbox" sourcefilename="Cascade.java"><method name="&lt;init&gt;" desc="(Ljava/util/concurrent/ArrayBlockingQueue;)V" line="878"><counter type="INSTRUCTION" missed="0" covered="6"/><counter type="LINE" missed="0" covered="3"/><counter type="COMPLEXITY" missed="0" covered="1"/><counter type="METHOD" missed="0" covered="1"/></method><method name="create" desc="(I)Lcom/mackenziehigh/cascade/Cascade$Stage$Actor$Mailbox;" line="891"><counter type="INSTRUCTION" missed="0" covered="8"/><counter type="LINE" missed="0" covered="1"/><counter type="COMPLEXITY" missed="0" covered="1"/><counter type="METHOD" missed="0" covered="1"/></method><method name="offer" desc="(Ljava/lang/Object;)Z" line="900"><counter type="INSTRUCTION" missed="0" covered="5"/><counter type="LINE" missed="0" covered="1"/><counter type="COMPLEXITY" missed="0" covered="1"/><counter type="METHOD" missed="0" covered="1"/></method><method name="poll" desc="()Ljava/lang/Object;" line="909"><counter type="INSTRUCTION" missed="0" covered="4"/><counter type="LINE" missed="0" covered="1"/><counter type="COMPLEXITY" missed="0" covered="1"/><counter type="METHOD" missed="0" covered="1"/></method><counter type="INSTRUCTION" missed="0" covered="23"/><counter type="LINE" missed="0" covered="6"/><counter type="COMPLEXITY" missed="0" covered="4"/><counter type="METHOD" missed="0" covered="4"/><counter type="CLASS" missed="0" covered="1"/></class><class name="com/mackenziehigh/cascade/Cascade$ConcurrentLinkedQueueMailbox" sourcefilename="Cascade.java"><method name="&lt;init&gt;" desc="(Ljava/util/concurrent/ConcurrentLinkedQueue;)V" line="776"><counter type="INSTRUCTION" missed="0" covered="6"/><counter type="LINE" missed="0" covered="3"/><counter type="COMPLEXITY" missed="0" covered="1"/><counter type="METHOD" missed="0" covered="1"/></method><method name="create" desc="()Lcom/mackenziehigh/cascade/Cascade$Stage$Actor$Mailbox;" line="788"><counter type="INSTRUCTION" missed="0" covered="7"/><counter type="LINE" missed="0" covered="1"/><counter type="COMPLEXITY" missed="0" covered="1"/><counter type="METHOD" missed="0" covered="1"/></method><method name="offer" desc="(Ljava/lang/Object;)Z" line="797"><counter type="INSTRUCTION" missed="0" covered="5"/><counter type="LINE" missed="0" covered="1"/><counter type="COMPLEXITY" missed="0" covered="1"/><counter type="METHOD" missed="0" covered="1"/></method><method name="poll" desc="()Ljava/lang/Object;" line="806"><counter type="INSTRUCTION" missed="0" covered="4"/><counter type="LINE" missed="0" covered="1"/><counter type="COMPLEXITY" missed="0" covered="1"/><counter type="METHOD" missed="0" covered="1"/></method><counter type="INSTRUCTION" missed="0" covered="22"/><counter type="LINE" missed="0" covered="6"/><counter type="COMPLEXITY" missed="0" covered="4"/><counter type="METHOD" missed="0" covered="4"/><counter type="CLASS" missed="0" covered="1"/></class><class name="com/mackenziehigh/cascade/Cascade$Stage$Actor$Mailbox" sourcefilename="Cascade.java"/><class name="com/mackenziehigh/cascade/Cascade$Stage$Actor$Builder" sourcefilename="Cascade.java"><method name="withFunctionScript" desc="(Lcom/mackenziehigh/cascade/Cascade$Stage$Actor$FunctionScript;)Lcom/mackenziehigh/cascade/Cascade$Stage$Actor$Builder;" line="124"><counter type="INSTRUCTION" missed="0" covered="5"/><counter type="LINE" missed="0" covered="1"/><counter type="COMPLEXITY" missed="0" covered="1"/><counter type="METHOD" missed="0" covered="1"/></method><method name="withConsumerScript" desc="(Lcom/mackenziehigh/cascade/Cascade$Stage$Actor$ConsumerScript;)Lcom/mackenziehigh/cascade/Cascade$Stage$Actor$Builder;" line="157"><counter type="INSTRUCTION" missed="0" covered="5"/><counter type="LINE" missed="0" covered="1"/><counter type="COMPLEXITY" missed="0" covered="1"/><counter type="METHOD" missed="0" covered="1"/></method><method name="withConsumerErrorHandler" desc="(Lcom/mackenziehigh/cascade/Cascade$Stage$Actor$ConsumerErrorHandler;)Lcom/mackenziehigh/cascade/Cascade$Stage$Actor$Builder;" line="211"><counter type="INSTRUCTION" missed="0" covered="5"/><counter type="LINE" missed="0" covered="1"/><counter type="COMPLEXITY" missed="0" covered="1"/><counter type="METHOD" missed="0" covered="1"/></method><method name="lambda$withConsumerErrorHandler$2" desc="(Lcom/mackenziehigh/cascade/Cascade$Stage$Actor$ConsumerErrorHandler;Lcom/mackenziehigh/cascade/Cascade$Stage$Actor$Context;Ljava/lang/Object;Ljava/lang/Throwable;)V" line="211"><counter type="INSTRUCTION" missed="0" covered="4"/><counter type="LINE" missed="0" covered="1"/><counter type="COMPLEXITY" missed="0" covered="1"/><counter type="METHOD" missed="0" covered="1"/></method><method name="lambda$withConsumerScript$1" desc="(Lcom/mackenziehigh/cascade/Cascade$Stage$Actor$ConsumerScript;Ljava/lang/Object;)Ljava/lang/Object;" line="159"><counter type="INSTRUCTION" missed="0" covered="5"/><counter type="LINE" missed="0" covered="2"/><counter type="COMPLEXITY" missed="0" covered="1"/><counter type="METHOD" missed="0" covered="1"/></method><method name="lambda$withFunctionScript$0" desc="(Lcom/mackenziehigh/cascade/Cascade$Stage$Actor$FunctionScript;Lcom/mackenziehigh/cascade/Cascade$Stage$Actor$Context;Ljava/lang/Object;)V" line="126"><counter type="INSTRUCTION" missed="0" covered="7"/><counter type="LINE" missed="0" covered="2"/><counter type="COMPLEXITY" missed="0" covered="1"/><counter type="METHOD" missed="0" covered="1"/></method><counter type="INSTRUCTION" missed="0" covered="31"/><counter type="LINE" missed="0" covered="7"/><counter type="COMPLEXITY" missed="0" covered="6"/><counter type="METHOD" missed="0" covered="6"/><counter type="CLASS" missed="0" covered="1"/></class><class name="com/mackenziehigh/cascade/Cascade$Stage$Actor$ConsumerScript" sourcefilename="Cascade.java"/><class name="com/mackenziehigh/cascade/Cascade$AbstractStage$DefaultActor$DefaultContext" sourcefilename="Cascade.java"><method name="&lt;init&gt;" desc="(Lcom/mackenziehigh/cascade/Cascade$AbstractStage$DefaultActor;)V" line="1446"><counter type="INSTRUCTION" missed="0" covered="6"/><counter type="LINE" missed="0" covered="1"/><counter type="COMPLEXITY" missed="0" covered="1"/><counter type="METHOD" missed="0" covered="1"/></method><method name="actor" desc="()Lcom/mackenziehigh/cascade/Cascade$Stage$Actor;" line="1452"><counter type="INSTRUCTION" missed="0" covered="4"/><counter type="LINE" missed="0" covered="1"/><counter type="COMPLEXITY" missed="0" covered="1"/><counter type="METHOD" missed="0" covered="1"/></method><method name="offerFrom" desc="(Ljava/lang/Object;)Z" line="1458"><counter type="INSTRUCTION" missed="0" covered="30"/><counter type="BRANCH" missed="0" covered="4"/><counter type="LINE" missed="0" covered="7"/><counter type="COMPLEXITY" missed="0" covered="3"/><counter type="METHOD" missed="0" covered="1"/></method><method name="offerTo" desc="(Ljava/lang/Object;)Z" line="1478"><counter type="INSTRUCTION" missed="0" covered="17"/><counter type="BRANCH" missed="0" covered="2"/><counter type="LINE" missed="0" covered="5"/><counter type="COMPLEXITY" missed="0" covered="2"/><counter type="METHOD" missed="0" covered="1"/></method><counter type="INSTRUCTION" missed="0" covered="57"/><counter type="BRANCH" missed="0" covered="6"/><counter type="LINE" missed="0" covered="14"/><counter type="COMPLEXITY" missed="0" covered="7"/><counter type="METHOD" missed="0" covered="4"/><counter type="CLASS" missed="0" covered="1"/></class><class name="com/mackenziehigh/cascade/Cascade$CircularArrayDequeMailbox" sourcefilename="Cascade.java"><method name="&lt;init&gt;" desc="(Ljava/util/ArrayDeque;I)V" line="1043"><counter type="INSTRUCTION" missed="0" covered="9"/><counter type="LINE" missed="0" covered="4"/><counter type="COMPLEXITY" missed="0" covered="1"/><counter type="METHOD" missed="0" covered="1"/></method><method name="create" desc="(II)Lcom/mackenziehigh/cascade/Cascade$Stage$Actor$Mailbox;" line="1059"><counter type="INSTRUCTION" missed="0" covered="9"/><counter type="LINE" missed="0" covered="1"/><counter type="COMPLEXITY" missed="0" covered="1"/><counter type="METHOD" missed="0" covered="1"/></method><method name="offer" desc="(Ljava/lang/Object;)Z" line="1072"><counter type="INSTRUCTION" missed="0" covered="24"/><counter type="BRANCH" missed="0" covered="2"/><counter type="LINE" missed="0" covered="6"/><counter type="COMPLEXITY" missed="0" covered="2"/><counter type="METHOD" missed="0" covered="1"/></method><method name="poll" desc="()Ljava/lang/Object;" line="1095"><counter type="INSTRUCTION" missed="0" covered="4"/><counter type="LINE" missed="0" covered="1"/><counter type="COMPLEXITY" missed="0" covered="1"/><counter type="METHOD" missed="0" covered="1"/></method><counter type="INSTRUCTION" missed="0" covered="46"/><counter type="BRANCH" missed="0" covered="2"/><counter type="LINE" missed="0" covered="12"/><counter type="COMPLEXITY" missed="0" covered="5"/><counter type="METHOD" missed="0" covered="4"/><counter type="CLASS" missed="0" covered="1"/></class><class name="com/mackenziehigh/cascade/Cascade$Stage$Actor$ConsumerErrorHandler" sourcefilename="Cascade.java"><method name="silent" desc="()Lcom/mackenziehigh/cascade/Cascade$Stage$Actor$ConsumerErrorHandler;" line="676"><counter type="INSTRUCTION" missed="0" covered="3"/><counter type="LINE" missed="0" covered="1"/><counter type="COMPLEXITY" missed="0" covered="1"/><counter type="METHOD" missed="0" covered="1"/></method><method name="andThen" desc="(Lcom/mackenziehigh/cascade/Cascade$Stage$Actor$ConsumerErrorHandler;)Lcom/mackenziehigh/cascade/Cascade$Stage$Actor$ConsumerErrorHandler;" line="701"><counter type="INSTRUCTION" missed="0" covered="10"/><counter type="LINE" missed="0" covered="3"/><counter type="COMPLEXITY" missed="0" covered="1"/><counter type="METHOD" missed="0" covered="1"/></method><method name="lambda$andThen$1" desc="(Lcom/mackenziehigh/cascade/Cascade$Stage$Actor$ConsumerErrorHandler;Lcom/mackenziehigh/cascade/Cascade$Stage$Actor$ConsumerErrorHandler;Ljava/lang/Throwable;)V" line="705"><counter type="INSTRUCTION" missed="0" covered="7"/><counter type="LINE" missed="0" covered="3"/><counter type="COMPLEXITY" missed="0" covered="1"/><counter type="METHOD" missed="0" covered="1"/></method><method name="lambda$silent$0" desc="(Ljava/lang/Throwable;)V" line="680"><counter type="INSTRUCTION" missed="0" covered="6"/><counter type="LINE" missed="0" covered="4"/><counter type="COMPLEXITY" missed="0" covered="1"/><counter type="METHOD" missed="0" covered="1"/></method><counter type="INSTRUCTION" missed="0" covered="26"/><counter type="LINE" missed="0" covered="11"/><counter type="COMPLEXITY" missed="0" covered="4"/><counter type="METHOD" missed="0" covered="4"/><counter type="CLASS" missed="0" covered="1"/></class><class name="com/mackenziehigh/cascade/Cascade$Stage$Actor$FunctionScript" sourcefilename="Cascade.java"/><class name="com/mackenziehigh/cascade/Cascade$Stage$Actor$Input" sourcefilename="Cascade.java"><method name="connect" desc="(Lcom/mackenziehigh/cascade/Cascade$Stage$Actor$Output;)Lcom/mackenziehigh/cascade/Cascade$Stage$Actor$Input;" line="302"><counter type="INSTRUCTION" missed="0" covered="10"/><counter type="LINE" missed="0" covered="3"/><counter type="COMPLEXITY" missed="0" covered="1"/><counter type="METHOD" missed="0" covered="1"/></method><method name="disconnect" desc="(Lcom/mackenziehigh/cascade/Cascade$Stage$Actor$Output;)Lcom/mackenziehigh/cascade/Cascade$Stage$Actor$Input;" line="324"><counter type="INSTRUCTION" missed="0" covered="10"/><counter type="LINE" missed="0" covered="3"/><counter type="COMPLEXITY" missed="0" covered="1"/><counter type="METHOD" missed="0" covered="1"/></method><method name="isConnected" desc="(Lcom/mackenziehigh/cascade/Cascade$Stage$Actor$Output;)Z" line="342"><counter type="INSTRUCTION" missed="0" covered="4"/><counter type="LINE" missed="0" covered="1"/><counter type="COMPLEXITY" missed="0" covered="1"/><counter type="METHOD" missed="0" covered="1"/></method><method name="offer" desc="(Ljava/lang/Object;)Z" line="360"><counter type="INSTRUCTION" missed="0" covered="6"/><counter type="LINE" missed="0" covered="1"/><counter type="COMPLEXITY" missed="0" covered="1"/><counter type="METHOD" missed="0" covered="1"/></method><method name="send" desc="(Ljava/lang/Object;)Lcom/mackenziehigh/cascade/Cascade$Stage$Actor$Input;" line="376"><counter type="INSTRUCTION" missed="0" covered="6"/><counter type="LINE" missed="0" covered="2"/><counter type="COMPLEXITY" missed="0" covered="1"/><counter type="METHOD" missed="0" covered="1"/></method><counter type="INSTRUCTION" missed="0" covered="36"/><counter type="LINE" missed="0" covered="10"/><counter type="COMPLEXITY" missed="0" covered="5"/><counter type="METHOD" missed="0" covered="5"/><counter type="CLASS" missed="0" covered="1"/></class><class name="com/mackenziehigh/cascade/Cascade$PriorityBlockingQueueMailbox" sourcefilename="Cascade.java"><method name="&lt;init&gt;" desc="(Ljava/util/concurrent/PriorityBlockingQueue;)V" line="991"><counter type="INSTRUCTION" missed="0" covered="6"/><counter type="LINE" missed="0" covered="3"/><counter type="COMPLEXITY" missed="0" covered="1"/><counter type="METHOD" missed="0" covered="1"/></method><method name="create" desc="(ILjava/util/Comparator;)Lcom/mackenziehigh/cascade/Cascade$Stage$Actor$Mailbox;" line="1006"><counter type="INSTRUCTION" missed="0" covered="9"/><counter type="LINE" missed="0" covered="1"/><counter type="COMPLEXITY" missed="0" covered="1"/><counter type="METHOD" missed="0" covered="1"/></method><method name="offer" desc="(Ljava/lang/Object;)Z" line="1015"><counter type="INSTRUCTION" missed="0" covered="5"/><counter type="LINE" missed="0" covered="1"/><counter type="COMPLEXITY" missed="0" covered="1"/><counter type="METHOD" missed="0" covered="1"/></method><method name="poll" desc="()Ljava/lang/Object;" line="1024"><counter type="INSTRUCTION" missed="0" covered="4"/><counter type="LINE" missed="0" covered="1"/><counter type="COMPLEXITY" missed="0" covered="1"/><counter type="METHOD" missed="0" covered="1"/></method><counter type="INSTRUCTION" missed="0" covered="24"/><counter type="LINE" missed="0" covered="6"/><counter type="COMPLEXITY" missed="0" covered="4"/><counter type="METHOD" missed="0" covered="4"/><counter type="CLASS" missed="0" covered="1"/></class><sourcefile name="Cascade.java"><line nr="124" mi="0" ci="5" mb="0" cb="0"/><line nr="126" mi="0" ci="6" mb="0" cb="0"/><line nr="127" mi="0" ci="1" mb="0" cb="0"/><line nr="157" mi="0" ci="5" mb="0" cb="0"/><line nr="159" mi="0" ci="3" mb="0" cb="0"/><line nr="160" mi="0" ci="2" mb="0" cb="0"/><line nr="211" mi="0" ci="9" mb="0" cb="0"/><line nr="302" mi="0" ci="4" mb="0" cb="0"/><line nr="303" mi="0" ci="4" mb="0" cb="0"/><line nr="304" mi="0" ci="2" mb="0" cb="0"/><line nr="324" mi="0" ci="4" mb="0" cb="0"/><line nr="325" mi="0" ci="4" mb="0" cb="0"/><line nr="326" mi="0" ci="2" mb="0" cb="0"/><line nr="342" mi="0" ci="4" mb="0" cb="0"/><line nr="360" mi="0" ci="6" mb="0" cb="0"/><line nr="376" mi="0" ci="4" mb="0" cb="0"/><line nr="377" mi="0" ci="2" mb="0" cb="0"/><line nr="479" mi="0" ci="4" mb="0" cb="0"/><line nr="480" mi="0" ci="2" mb="0" cb="0"/><line nr="491" mi="0" ci="4" mb="0" cb="0"/><line nr="492" mi="0" ci="2" mb="0" cb="0"/><line nr="596" mi="0" ci="3" mb="0" cb="0"/><line nr="600" mi="0" ci="5" mb="0" cb="0"/><line nr="602" mi="0" ci="1" mb="0" cb="0"/><line nr="605" mi="0" ci="1" mb="0" cb="0"/><line nr="606" mi="0" ci="1" mb="0" cb="0"/><line nr="621" mi="0" ci="3" mb="0" cb="0"/><line nr="622" mi="0" ci="3" mb="0" cb="0"/><line nr="623" mi="0" ci="4" mb="0" cb="0"/><line nr="625" mi="0" ci="5" mb="0" cb="0"/><line nr="626" mi="0" ci="5" mb="0" cb="0"/><line nr="627" mi="0" ci="1" mb="0" cb="0"/><line nr="642" mi="0" ci="3" mb="0" cb="0"/><line nr="643" mi="0" ci="3" mb="0" cb="0"/><line nr="644" mi="0" ci="4" mb="0" cb="0"/><line nr="646" mi="0" ci="5" mb="0" cb="0"/><line nr="647" mi="0" ci="3" mb="0" cb="0"/><line nr="648" mi="0" ci="1" mb="0" cb="0"/><line nr="676" mi="0" ci="3" mb="0" cb="0"/><line nr="680" mi="0" ci="3" mb="0" cb="0"/><line nr="682" mi="0" ci="1" mb="0" cb="0"/><line nr="685" mi="0" ci="1" mb="0" cb="0"/><line nr="686" mi="0" ci="1" mb="0" cb="0"/><line nr="701" mi="0" ci="3" mb="0" cb="0"/><line nr="702" mi="0" ci="3" mb="0" cb="0"/><line nr="703" mi="0" ci="4" mb="0" cb="0"/><line nr="705" mi="0" ci="3" mb="0" cb="0"/><line nr="706" mi="0" ci="3" mb="0" cb="0"/><line nr="707" mi="0" ci="1" mb="0" cb="0"/><line nr="776" mi="0" ci="2" mb="0" cb="0"/><line nr="777" mi="0" ci="3" mb="0" cb="0"/><line nr="778" mi="0" ci="1" mb="0" cb="0"/><line nr="788" mi="0" ci="7" mb="0" cb="0"/><line nr="797" mi="0" ci="5" mb="0" cb="0"/><line nr="806" mi="0" ci="4" mb="0" cb="0"/><line nr="821" mi="0" ci="2" mb="0" cb="0"/><line nr="822" mi="0" ci="3" mb="0" cb="0"/><line nr="823" mi="0" ci="1" mb="0" cb="0"/><line nr="833" mi="0" ci="7" mb="0" cb="0"/><line nr="845" mi="0" ci="8" mb="0" cb="0"/><line nr="854" mi="0" ci="5" mb="0" cb="0"/><line nr="863" mi="0" ci="4" mb="0" cb="0"/><line nr="878" mi="0" ci="2" mb="0" cb="0"/><line nr="879" mi="0" ci="3" mb="0" cb="0"/><line nr="880" mi="0" ci="1" mb="0" cb="0"/><line nr="891" mi="0" ci="8" mb="0" cb="0"/><line nr="900" mi="0" ci="5" mb="0" cb="0"/><line nr="909" mi="0" ci="4" mb="0" cb="0"/><line nr="927" mi="0" ci="2" mb="0" cb="0"/><line nr="928" mi="0" ci="3" mb="0" cb="0"/><line nr="929" mi="0" ci="3" mb="0" cb="0"/><line nr="930" mi="0" ci="1" mb="0" cb="0"/><line nr="943" mi="0" ci="9" mb="0" cb="0"/><line nr="956" mi="0" ci="6" mb="0" cb="2"/><line nr="958" mi="0" ci="2" mb="0" cb="0"/><line nr="962" mi="0" ci="5" mb="0" cb="0"/><line nr="976" mi="0" ci="4" mb="0" cb="0"/><line nr="991" mi="0" ci="2" mb="0" cb="0"/><line nr="992" mi="0" ci="3" mb="0" cb="0"/><line nr="993" mi="0" ci="1" mb="0" cb="0"/><line nr="1006" mi="0" ci="9" mb="0" cb="0"/><line nr="1015" mi="0" ci="5" mb="0" cb="0"/><line nr="1024" mi="0" ci="4" mb="0" cb="0"/><line nr="1043" mi="0" ci="2" mb="0" cb="0"/><line nr="1044" mi="0" ci="3" mb="0" cb="0"/><line nr="1045" mi="0" ci="3" mb="0" cb="0"/><line nr="1046" mi="0" ci="1" mb="0" cb="0"/><line nr="1059" mi="0" ci="9" mb="0" cb="0"/><line nr="1072" mi="0" ci="6" mb="0" cb="2"/><line nr="1074" mi="0" ci="4" mb="0" cb="0"/><line nr="1075" mi="0" ci="5" mb="0" cb="0"/><line nr="1076" mi="0" ci="2" mb="0" cb="0"/><line nr="1080" mi="0" ci="5" mb="0" cb="0"/><line nr="1081" mi="0" ci="2" mb="0" cb="0"/><line nr="1095" mi="0" ci="4" mb="0" cb="0"/><line nr="1102" mi="0" ci="2" mb="0" cb="0"/><line nr="1105" mi="0" ci="3" mb="0" cb="0"/><line nr="1107" mi="0" ci="7" mb="0" cb="0"/><line nr="1143" mi="0" ci="5" mb="0" cb="0"/><line nr="1152" mi="0" ci="6" mb="0" cb="2"/><line nr="1154" mi="0" ci="2" mb="0" cb="0"/><line nr="1156" mi="0" ci="1" mb="0" cb="0"/><line nr="1169" mi="0" ci="3" mb="0" cb="0"/><line nr="1171" mi="0" ci="1" mb="0" cb="0"/><line nr="1173" mi="0" ci="2" mb="0" cb="0"/><line nr="1174" mi="0" ci="1" mb="0" cb="0"/><line nr="1175" mi="0" ci="1" mb="0" cb="0"/><line nr="1193" mi="0" ci="5" mb="0" cb="0"/><line nr="1194" mi="0" ci="3" mb="0" cb="0"/><line nr="1196" mi="0" ci="3" mb="0" cb="0"/><line nr="1199" mi="0" ci="1" mb="0" cb="0"/><line nr="1201" mi="0" ci="3" mb="0" cb="0"/><line nr="1204" mi="0" ci="1" mb="0" cb="0"/><line nr="1205" mi="0" ci="1" mb="0" cb="0"/><line nr="1210" mi="0" ci="5" mb="0" cb="0"/><line nr="1211" mi="0" ci="3" mb="0" cb="0"/><line nr="1212" mi="0" ci="3" mb="0" cb="0"/><line nr="1213" mi="0" ci="3" mb="0" cb="0"/><line nr="1214" mi="0" ci="1" mb="0" cb="0"/><line nr="1219" mi="0" ci="4" mb="0" cb="0"/><line nr="1220" mi="0" ci="11" mb="0" cb="0"/><line nr="1226" mi="0" ci="4" mb="0" cb="0"/><line nr="1234" mi="0" ci="5" mb="0" cb="0"/><line nr="1235" mi="0" ci="11" mb="0" cb="0"/><line nr="1241" mi="0" ci="4" mb="0" cb="0"/><line nr="1242" mi="0" ci="11" mb="0" cb="0"/><line nr="1248" mi="0" ci="7" mb="0" cb="0"/><line nr="1249" mi="0" ci="2" mb="0" cb="0"/><line nr="1273" mi="0" ci="3" mb="0" cb="0"/><line nr="1297" mi="0" ci="6" mb="0" cb="0"/><line nr="1302" mi="0" ci="6" mb="0" cb="0"/><line nr="1307" mi="0" ci="6" mb="0" cb="0"/><line nr="1312" mi="0" ci="5" mb="0" cb="0"/><line nr="1319" mi="0" ci="6" mb="0" cb="0"/><line nr="1325" mi="0" ci="3" mb="0" cb="0"/><line nr="1328" mi="0" ci="5" mb="0" cb="0"/><line nr="1329" mi="0" ci="4" mb="0" cb="0"/><line nr="1330" mi="0" ci="4" mb="0" cb="0"/><line nr="1331" mi="0" ci="4" mb="0" cb="0"/><line nr="1332" mi="0" ci="1" mb="0" cb="0"/><line nr="1337" mi="0" ci="6" mb="0" cb="2"/><line nr="1345" mi="0" ci="5" mb="0" cb="0"/><line nr="1348" mi="0" ci="2" mb="0" cb="0"/><line nr="1356" mi="0" ci="4" mb="0" cb="0"/><line nr="1358" mi="0" ci="2" mb="0" cb="2"/><line nr="1360" mi="0" ci="6" mb="0" cb="0"/><line nr="1363" mi="0" ci="1" mb="0" cb="0"/><line nr="1370" mi="0" ci="4" mb="0" cb="0"/><line nr="1378" mi="0" ci="4" mb="0" cb="0"/><line nr="1379" mi="0" ci="2" mb="0" cb="0"/><line nr="1381" mi="0" ci="1" mb="0" cb="0"/><line nr="1388" mi="0" ci="7" mb="0" cb="0"/><line nr="1390" mi="1" ci="0" mb="0" cb="0"/><line nr="1393" mi="0" ci="1" mb="0" cb="0"/><line nr="1394" mi="0" ci="1" mb="0" cb="0"/><line nr="1398" mi="0" ci="6" mb="0" cb="2"/><line nr="1400" mi="0" ci="5" mb="0" cb="0"/><line nr="1402" mi="0" ci="1" mb="0" cb="0"/><line nr="1406" mi="0" ci="6" mb="0" cb="2"/><line nr="1408" mi="0" ci="5" mb="0" cb="0"/><line nr="1410" mi="0" ci="1" mb="0" cb="0"/><line nr="1415" mi="0" ci="4" mb="0" cb="0"/><line nr="1421" mi="0" ci="3" mb="0" cb="0"/><line nr="1427" mi="0" ci="3" mb="0" cb="0"/><line nr="1433" mi="0" ci="3" mb="0" cb="0"/><line nr="1438" mi="0" ci="3" mb="0" cb="0"/><line nr="1443" mi="0" ci="3" mb="0" cb="0"/><line nr="1444" mi="0" ci="1" mb="0" cb="0"/><line nr="1446" mi="0" ci="6" mb="0" cb="0"/><line nr="1452" mi="0" ci="4" mb="0" cb="0"/><line nr="1458" mi="0" ci="2" mb="0" cb="0"/><line nr="1460" mi="0" ci="2" mb="0" cb="2"/><line nr="1462" mi="0" ci="5" mb="0" cb="0"/><line nr="1463" mi="0" ci="3" mb="0" cb="0"/><line nr="1466" mi="0" ci="7" mb="0" cb="2"/><line nr="1468" mi="0" ci="9" mb="0" cb="0"/><line nr="1472" mi="0" ci="2" mb="0" cb="0"/><line nr="1478" mi="0" ci="4" mb="0" cb="0"/><line nr="1480" mi="0" ci="6" mb="0" cb="2"/><line nr="1482" mi="0" ci="3" mb="0" cb="0"/><line nr="1483" mi="0" ci="2" mb="0" cb="0"/><line nr="1487" mi="0" ci="2" mb="0" cb="0"/><line nr="1495" mi="0" ci="6" mb="0" cb="0"/><line nr="1501" mi="0" ci="4" mb="0" cb="0"/><line nr="1508" mi="0" ci="5" mb="0" cb="0"/><line nr="1515" mi="0" ci="5" mb="0" cb="0"/><line nr="1520" mi="0" ci="5" mb="0" cb="0"/><line nr="1525" mi="0" ci="4" mb="0" cb="0"/><line nr="1531" mi="0" ci="4" mb="0" cb="0"/><line nr="1533" mi="0" ci="5" mb="0" cb="0"/><line nr="1535" mi="0" ci="4" mb="0" cb="2"/><line nr="1537" mi="0" ci="6" mb="0" cb="0"/><line nr="1538" mi="0" ci="4" mb="0" cb="0"/><line nr="1539" mi="0" ci="4" mb="0" cb="0"/><line nr="1541" mi="0" ci="3" mb="0" cb="0"/><line nr="1543" mi="0" ci="2" mb="0" cb="0"/><line nr="1549" mi="0" ci="4" mb="0" cb="0"/><line nr="1551" mi="0" ci="5" mb="0" cb="0"/><line nr="1553" mi="0" ci="4" mb="0" cb="2"/><line nr="1555" mi="0" ci="6" mb="0" cb="0"/><line nr="1556" mi="0" ci="4" mb="0" cb="0"/><line nr="1557" mi="0" ci="4" mb="0" cb="0"/><line nr="1559" mi="0" ci="3" mb="0" cb="0"/><line nr="1561" mi="0" ci="2" mb="0" cb="0"/><line nr="1567" mi="0" ci="5" mb="0" cb="0"/><line nr="1574" mi="0" ci="3" mb="0" cb="0"/><line nr="1589" mi="0" ci="3" mb="0" cb="0"/><line nr="1604" mi="0" ci="4" mb="0" cb="0"/><line nr="1617" mi="0" ci="3" mb="0" cb="0"/><line nr="1619" mi="0" ci="5" mb="0" cb="0"/><line nr="1620" mi="0" ci="3" mb="0" cb="0"/><line nr="1621" mi="0" ci="2" mb="0" cb="0"/><line nr="1624" mi="0" ci="4" mb="0" cb="0"/><line nr="1625" mi="0" ci="3" mb="0" cb="0"/><line nr="1636" mi="0" ci="4" mb="0" cb="0"/><line nr="1638" mi="0" ci="5" mb="0" cb="0"/><line nr="1639" mi="0" ci="6" mb="0" cb="0"/><line nr="1648" mi="0" ci="4" mb="0" cb="0"/><line nr="1649" mi="0" ci="1" mb="0" cb="0"/><line nr="1654" mi="0" ci="3" mb="0" cb="0"/><line nr="1655" mi="0" ci="1" mb="0" cb="0"/><counter type="INSTRUCTION" missed="1" covered="813"/><counter type="BRANCH" missed="0" covered="24"/><counter type="LINE" missed="1" covered="220"/><counter type="COMPLEXITY" missed="0" covered="103"/><counter type="METHOD" missed="0" covered="91"/><counter type="CLASS" missed="0" covered="19"/></sourcefile><counter type="INSTRUCTION" missed="1" covered="813"/><counter type="BRANCH" missed="0" covered="24"/><counter type="LINE" missed="1" covered="220"/><counter type="COMPLEXITY" missed="0" covered="103"/><counter type="METHOD" missed="0" covered="91"/><counter type="CLASS" missed="0" covered="19"/></package><counter type="INSTRUCTION" missed="1" covered="813"/><counter type="BRANCH" missed="0" covered="24"/><counter type="LINE" missed="1" covered="220"/><counter type="COMPLEXITY" missed="0" covered="103"/><counter type="METHOD" missed="0" covered="91"/><counter type="CLASS" missed="0" covered="19"/></report>